TN:
SF:index.js
FN:65,LtiToolkit
FN:219,validateConfig
FN:239,validateProviderConfig
FN:290,validateConsumerConfig
FN:325,validateLoggerConfig
FN:370,validateDatabaseConfig
FNF:6
FNH:6
FNDA:34,LtiToolkit
FNDA:34,validateConfig
FNDA:31,validateProviderConfig
FNDA:27,validateConsumerConfig
FNDA:21,validateLoggerConfig
FNDA:11,validateDatabaseConfig
DA:1,1
DA:2,1
DA:3,1
DA:4,1
DA:5,1
DA:6,1
DA:7,1
DA:8,1
DA:9,1
DA:10,1
DA:11,1
DA:12,1
DA:13,1
DA:14,1
DA:15,1
DA:16,1
DA:17,1
DA:18,1
DA:19,1
DA:20,1
DA:21,1
DA:22,1
DA:23,1
DA:24,1
DA:25,1
DA:26,1
DA:27,1
DA:28,1
DA:29,1
DA:30,1
DA:31,1
DA:32,1
DA:33,1
DA:34,1
DA:35,1
DA:36,1
DA:37,1
DA:38,1
DA:39,1
DA:40,1
DA:41,1
DA:42,1
DA:43,1
DA:44,1
DA:45,1
DA:46,1
DA:47,1
DA:48,1
DA:49,1
DA:50,1
DA:51,1
DA:52,1
DA:53,1
DA:54,1
DA:55,1
DA:56,1
DA:57,1
DA:58,1
DA:59,1
DA:60,1
DA:61,1
DA:62,1
DA:63,1
DA:64,1
DA:65,1
DA:66,34
DA:67,34
DA:68,34
DA:69,34
DA:70,34
DA:71,34
DA:72,34
DA:73,34
DA:74,34
DA:75,2
DA:76,2
DA:77,21
DA:78,21
DA:79,21
DA:80,21
DA:81,21
DA:82,21
DA:83,21
DA:84,21
DA:85,21
DA:86,21
DA:87,10
DA:88,10
DA:89,10
DA:90,10
DA:91,10
DA:92,10
DA:93,10
DA:94,10
DA:95,10
DA:96,10
DA:97,10
DA:98,10
DA:99,10
DA:100,10
DA:101,10
DA:102,10
DA:103,10
DA:104,10
DA:105,34
DA:106,3
DA:107,3
DA:108,3
DA:109,3
DA:110,3
DA:111,3
DA:112,3
DA:113,10
DA:114,10
DA:115,34
DA:116,4
DA:117,4
DA:118,4
DA:119,4
DA:120,4
DA:121,34
DA:122,9
DA:123,9
DA:124,9
DA:125,9
DA:126,9
DA:127,10
DA:128,10
DA:129,34
DA:130,1
DA:131,1
DA:132,1
DA:133,1
DA:134,1
DA:135,1
DA:136,1
DA:137,1
DA:138,1
DA:139,1
DA:140,1
DA:141,1
DA:142,1
DA:143,10
DA:144,10
DA:145,34
DA:146,4
DA:147,4
DA:148,4
DA:149,4
DA:150,4
DA:151,4
DA:152,4
DA:153,4
DA:154,4
DA:155,4
DA:156,4
DA:157,4
DA:158,4
DA:159,4
DA:160,4
DA:161,4
DA:162,4
DA:163,4
DA:164,4
DA:165,4
DA:166,4
DA:167,4
DA:168,4
DA:169,4
DA:170,4
DA:171,4
DA:172,4
DA:173,4
DA:174,34
DA:175,9
DA:176,9
DA:177,9
DA:178,9
DA:179,9
DA:180,9
DA:181,9
DA:182,9
DA:183,9
DA:184,9
DA:185,9
DA:186,9
DA:187,9
DA:188,9
DA:189,9
DA:190,9
DA:191,9
DA:192,9
DA:193,9
DA:194,9
DA:195,9
DA:196,9
DA:197,9
DA:198,9
DA:199,9
DA:200,9
DA:201,9
DA:202,9
DA:203,9
DA:204,9
DA:205,9
DA:206,9
DA:207,9
DA:208,9
DA:209,10
DA:210,10
DA:211,34
DA:212,1
DA:213,1
DA:214,1
DA:215,1
DA:216,1
DA:217,1
DA:218,1
DA:219,34
DA:220,34
DA:221,34
DA:222,1
DA:223,1
DA:224,34
DA:225,1
DA:226,1
DA:227,34
DA:228,1
DA:229,1
DA:230,34
DA:231,1
DA:232,1
DA:233,1
DA:234,1
DA:235,1
DA:236,1
DA:237,1
DA:238,1
DA:239,31
DA:240,31
DA:241,28
DA:242,2
DA:243,2
DA:244,28
DA:245,12
DA:246,12
DA:247,28
DA:248,12
DA:249,12
DA:250,28
DA:251,12
DA:252,12
DA:253,28
DA:254,12
DA:255,12
DA:256,28
DA:257,12
DA:258,12
DA:259,28
DA:260,12
DA:261,12
DA:262,28
DA:263,12
DA:264,12
DA:265,28
DA:266,26
DA:267,26
DA:268,28
DA:269,12
DA:270,12
DA:271,28
DA:272,1
DA:273,1
DA:274,28
DA:275,1
DA:276,1
DA:277,31
DA:278,3
DA:279,3
DA:280,27
DA:281,31
DA:282,1
DA:283,1
DA:284,1
DA:285,1
DA:286,1
DA:287,1
DA:288,1
DA:289,1
DA:290,27
DA:291,27
DA:292,8
DA:293,2
DA:294,2
DA:295,8
DA:296,1
DA:297,1
DA:298,8
DA:299,1
DA:300,1
DA:301,8
DA:302,4
DA:303,4
DA:304,8
DA:305,4
DA:306,4
DA:307,8
DA:308,4
DA:309,4
DA:310,27
DA:311,19
DA:312,19
DA:313,23
DA:314,27
DA:315,1
DA:316,1
DA:317,1
DA:318,1
DA:319,1
DA:320,1
DA:321,1
DA:322,1
DA:323,1
DA:324,1
DA:325,21
DA:326,21
DA:327,21
DA:328,21
DA:329,11
DA:330,3
DA:331,11
DA:332,1
DA:333,8
DA:334,7
DA:335,7
DA:336,21
DA:337,10
DA:338,10
DA:339,21
DA:340,21
DA:341,21
DA:342,2
DA:343,2
DA:344,21
DA:345,2
DA:346,2
DA:347,21
DA:348,2
DA:349,2
DA:350,21
DA:351,2
DA:352,2
DA:353,21
DA:354,2
DA:355,2
DA:356,11
DA:357,11
DA:358,21
DA:359,1
DA:360,1
DA:361,1
DA:362,1
DA:363,1
DA:364,1
DA:365,1
DA:366,1
DA:367,1
DA:368,1
DA:369,1
DA:370,11
DA:371,11
DA:372,11
DA:373,11
DA:374,9
DA:375,3
DA:376,9
DA:377,6
DA:378,5
DA:379,5
DA:380,6
DA:381,6
DA:382,11
DA:383,2
DA:384,1
DA:385,1
DA:386,1
DA:387,1
DA:388,10
DA:389,11
LF:389
LH:389
BRDA:1,0,0,1
BRDA:65,1,0,34
BRDA:74,2,0,3
BRDA:74,3,0,2
BRDA:77,4,0,21
BRDA:87,5,0,10
BRDA:105,6,0,3
BRDA:113,7,0,10
BRDA:115,8,0,4
BRDA:121,9,0,10
BRDA:121,10,0,9
BRDA:127,11,0,10
BRDA:129,12,0,9
BRDA:129,13,0,1
BRDA:129,14,0,1
BRDA:143,15,0,10
BRDA:145,16,0,4
BRDA:174,17,0,10
BRDA:174,18,0,9
BRDA:209,19,0,10
BRDA:219,20,0,34
BRDA:221,21,0,1
BRDA:224,22,0,33
BRDA:224,23,0,32
BRDA:224,24,0,1
BRDA:227,25,0,32
BRDA:227,26,0,31
BRDA:227,27,0,1
BRDA:239,28,0,31
BRDA:240,29,0,29
BRDA:240,30,0,28
BRDA:241,31,0,2
BRDA:244,32,0,26
BRDA:244,33,0,15
BRDA:244,34,0,12
BRDA:247,35,0,26
BRDA:247,36,0,15
BRDA:247,37,0,12
BRDA:250,38,0,26
BRDA:250,39,0,15
BRDA:250,40,0,12
BRDA:253,41,0,26
BRDA:253,42,0,15
BRDA:253,43,0,12
BRDA:256,44,0,26
BRDA:256,45,0,15
BRDA:256,46,0,12
BRDA:259,47,0,26
BRDA:259,48,0,15
BRDA:259,49,0,12
BRDA:262,50,0,26
BRDA:262,51,0,15
BRDA:262,52,0,12
BRDA:265,53,0,26
BRDA:265,54,0,1
BRDA:265,55,0,26
BRDA:268,56,0,15
BRDA:268,57,0,12
BRDA:271,58,0,26
BRDA:271,59,0,2
BRDA:271,60,0,1
BRDA:274,61,0,25
BRDA:274,62,0,2
BRDA:274,63,0,1
BRDA:277,64,0,3
BRDA:280,65,0,27
BRDA:290,66,0,27
BRDA:291,67,0,9
BRDA:291,68,0,8
BRDA:292,69,0,2
BRDA:295,70,0,6
BRDA:295,71,0,1
BRDA:298,72,0,5
BRDA:298,73,0,1
BRDA:301,74,0,4
BRDA:301,75,0,1
BRDA:301,76,0,4
BRDA:304,77,0,1
BRDA:304,78,0,4
BRDA:307,79,0,1
BRDA:307,80,0,4
BRDA:310,81,0,19
BRDA:313,82,0,23
BRDA:325,83,0,21
BRDA:328,84,0,11
BRDA:329,85,0,3
BRDA:331,86,0,8
BRDA:331,87,0,1
BRDA:331,88,0,1
BRDA:333,89,0,7
BRDA:336,90,0,10
BRDA:341,91,0,20
BRDA:341,92,0,2
BRDA:344,93,0,19
BRDA:344,94,0,18
BRDA:344,95,0,2
BRDA:347,96,0,17
BRDA:347,97,0,16
BRDA:347,98,0,2
BRDA:350,99,0,15
BRDA:350,100,0,14
BRDA:350,101,0,2
BRDA:353,102,0,13
BRDA:353,103,0,12
BRDA:353,104,0,2
BRDA:356,105,0,11
BRDA:370,106,0,11
BRDA:373,107,0,9
BRDA:374,108,0,3
BRDA:376,109,0,6
BRDA:377,110,0,1
BRDA:377,111,0,5
BRDA:382,112,0,2
BRDA:383,113,0,1
BRDA:388,114,0,10
BRF:115
BRH:115
end_of_record
TN:
SF:src/config/database.js
FN:10,configureDatabase
FNF:1
FNH:1
FNDA:26,configureDatabase
DA:1,2
DA:2,2
DA:3,2
DA:4,2
DA:5,2
DA:6,2
DA:7,2
DA:8,2
DA:9,2
DA:10,2
DA:11,26
DA:12,26
DA:13,26
DA:14,26
DA:15,26
DA:16,26
DA:17,26
DA:18,26
LF:18
LH:18
BRDA:1,0,0,2
BRDA:10,1,0,26
BRF:2
BRH:2
end_of_record
TN:
SF:src/config/logger.js
FN:68,configureLogger
FNF:1
FNH:1
FNDA:23,configureLogger
DA:1,6
DA:2,6
DA:3,6
DA:4,6
DA:5,6
DA:6,6
DA:7,6
DA:8,6
DA:9,6
DA:10,6
DA:11,6
DA:12,6
DA:13,6
DA:14,6
DA:15,6
DA:16,6
DA:17,6
DA:18,370
DA:19,370
DA:20,1
DA:21,1
DA:22,1
DA:23,1
DA:24,1
DA:25,1
DA:26,1
DA:27,1
DA:28,1
DA:29,1
DA:30,1
DA:31,1
DA:32,1
DA:33,1
DA:34,1
DA:35,1
DA:36,1
DA:37,1
DA:38,1
DA:39,370
DA:40,6
DA:41,6
DA:42,6
DA:43,6
DA:44,6
DA:45,6
DA:46,6
DA:47,6
DA:48,6
DA:49,6
DA:50,6
DA:51,6
DA:52,6
DA:53,6
DA:54,6
DA:55,6
DA:56,6
DA:57,6
DA:58,6
DA:59,6
DA:60,6
DA:61,6
DA:62,6
DA:63,6
DA:64,6
DA:65,6
DA:66,6
DA:67,6
DA:68,6
DA:69,23
DA:70,23
DA:71,23
DA:72,23
DA:73,23
DA:74,23
DA:75,23
DA:76,23
DA:77,23
DA:78,23
DA:79,23
DA:80,23
DA:81,23
DA:82,23
DA:83,23
DA:84,23
DA:85,23
DA:86,23
DA:87,23
DA:88,23
DA:89,23
DA:90,23
DA:91,23
DA:92,23
DA:93,23
DA:94,23
DA:95,23
LF:95
LH:95
BRDA:1,0,0,6
BRDA:17,1,0,370
BRDA:19,2,0,16
BRDA:19,3,0,1
BRDA:68,4,0,23
BRDA:87,5,0,370
BRDA:87,6,0,15
BRDA:87,7,0,355
BRF:8
BRH:8
end_of_record
TN:
SF:src/config/migrations.js
FN:11,configureMigrations
FNF:1
FNH:1
FNDA:10,configureMigrations
DA:1,1
DA:2,1
DA:3,1
DA:4,1
DA:5,1
DA:6,1
DA:7,1
DA:8,1
DA:9,1
DA:10,1
DA:11,1
DA:12,10
DA:13,10
DA:14,10
DA:15,10
DA:16,10
DA:17,10
DA:18,10
DA:19,10
DA:20,10
DA:21,10
DA:22,10
LF:22
LH:22
BRDA:1,0,0,1
BRDA:11,1,0,10
BRF:2
BRH:2
end_of_record
TN:
SF:src/controllers/consumer.js
FN:13,<instance_members_initializer>
FN:23,ConsumerController
FN:34,getAll
FN:45,getById
FN:56,getByKey
FN:71,getByName
FN:86,createConsumer
FN:124,updateConsumer
FN:148,deleteConsumer
FN:173,getSecret
FN:198,updateSecret
FN:244,getAllKeys
FN:256,#generateKeys
FNF:13
FNH:13
FNDA:28,<instance_members_initializer>
FNDA:28,ConsumerController
FNDA:1,getAll
FNDA:1,getById
FNDA:2,getByKey
FNDA:1,getByName
FNDA:3,createConsumer
FNDA:3,updateConsumer
FNDA:2,deleteConsumer
FNDA:4,getSecret
FNDA:3,updateSecret
FNDA:1,getAllKeys
FNDA:5,#generateKeys
DA:1,2
DA:2,2
DA:3,2
DA:4,2
DA:5,2
DA:6,2
DA:7,2
DA:8,2
DA:9,2
DA:10,2
DA:11,2
DA:12,2
DA:13,2
DA:14,28
DA:15,2
DA:16,2
DA:17,2
DA:18,2
DA:19,2
DA:20,2
DA:21,2
DA:22,2
DA:23,2
DA:24,28
DA:25,28
DA:26,28
DA:27,28
DA:28,2
DA:29,2
DA:30,2
DA:31,2
DA:32,2
DA:33,2
DA:34,2
DA:35,1
DA:36,1
DA:37,1
DA:38,2
DA:39,2
DA:40,2
DA:41,2
DA:42,2
DA:43,2
DA:44,2
DA:45,2
DA:46,1
DA:47,1
DA:48,1
DA:49,2
DA:50,2
DA:51,2
DA:52,2
DA:53,2
DA:54,2
DA:55,2
DA:56,2
DA:57,2
DA:58,2
DA:59,2
DA:60,2
DA:61,2
DA:62,2
DA:63,2
DA:64,2
DA:65,2
DA:66,2
DA:67,2
DA:68,2
DA:69,2
DA:70,2
DA:71,2
DA:72,1
DA:73,1
DA:74,1
DA:75,1
DA:76,1
DA:77,1
DA:78,1
DA:79,2
DA:80,2
DA:81,2
DA:82,2
DA:83,2
DA:84,2
DA:85,2
DA:86,2
DA:87,3
DA:88,3
DA:89,3
DA:90,3
DA:91,3
DA:92,3
DA:93,3
DA:94,3
DA:95,3
DA:96,3
DA:97,3
DA:98,3
DA:99,3
DA:100,3
DA:101,3
DA:102,3
DA:103,3
DA:104,3
DA:105,3
DA:106,3
DA:107,3
DA:108,3
DA:109,3
DA:110,3
DA:111,3
DA:112,3
DA:113,3
DA:114,3
DA:115,3
DA:116,2
DA:117,2
DA:118,2
DA:119,2
DA:120,2
DA:121,2
DA:122,2
DA:123,2
DA:124,2
DA:125,3
DA:126,3
DA:127,1
DA:128,1
DA:129,2
DA:130,2
DA:131,2
DA:132,2
DA:133,2
DA:134,2
DA:135,2
DA:136,2
DA:137,2
DA:138,2
DA:139,2
DA:140,3
DA:141,2
DA:142,2
DA:143,2
DA:144,2
DA:145,2
DA:146,2
DA:147,2
DA:148,2
DA:149,2
DA:150,2
DA:151,1
DA:152,1
DA:153,1
DA:154,1
DA:155,1
DA:156,1
DA:157,1
DA:158,1
DA:159,1
DA:160,1
DA:161,1
DA:162,1
DA:163,1
DA:164,1
DA:165,2
DA:166,2
DA:167,2
DA:168,2
DA:169,2
DA:170,2
DA:171,2
DA:172,2
DA:173,2
DA:174,4
DA:175,4
DA:176,1
DA:177,1
DA:178,3
DA:179,3
DA:180,3
DA:181,3
DA:182,3
DA:183,3
DA:184,4
DA:185,1
DA:186,1
DA:187,2
DA:188,4
DA:189,2
DA:190,2
DA:191,2
DA:192,2
DA:193,2
DA:194,2
DA:195,2
DA:196,2
DA:197,2
DA:198,2
DA:199,3
DA:200,3
DA:201,1
DA:202,1
DA:203,2
DA:204,2
DA:205,2
DA:206,2
DA:207,2
DA:208,2
DA:209,2
DA:210,2
DA:211,2
DA:212,2
DA:213,2
DA:214,2
DA:215,2
DA:216,2
DA:217,2
DA:218,2
DA:219,2
DA:220,2
DA:221,2
DA:222,2
DA:223,2
DA:224,2
DA:225,2
DA:226,2
DA:227,2
DA:228,2
DA:229,2
DA:230,2
DA:231,2
DA:232,2
DA:233,2
DA:234,2
DA:235,2
DA:236,2
DA:237,3
DA:238,2
DA:239,2
DA:240,2
DA:241,2
DA:242,2
DA:243,2
DA:244,2
DA:245,1
DA:246,1
DA:247,1
DA:248,1
DA:249,1
DA:250,2
DA:251,2
DA:252,2
DA:253,2
DA:254,2
DA:255,2
DA:256,2
DA:257,5
DA:258,5
DA:259,5
DA:260,5
DA:261,5
DA:262,5
DA:263,5
DA:264,5
DA:265,5
DA:266,5
DA:267,5
DA:268,5
DA:269,5
DA:270,5
DA:271,5
DA:272,2
DA:273,2
DA:274,2
LF:274
LH:274
BRDA:1,0,0,2
BRDA:13,1,0,28
BRDA:23,2,0,28
BRDA:34,3,0,1
BRDA:45,4,0,1
BRDA:56,5,0,2
BRDA:71,6,0,1
BRDA:86,7,0,3
BRDA:88,8,0,3
BRDA:107,9,0,1
BRDA:124,10,0,3
BRDA:126,11,0,1
BRDA:129,12,0,2
BRDA:148,13,0,2
BRDA:150,14,0,1
BRDA:153,15,0,1
BRDA:173,16,0,4
BRDA:175,17,0,1
BRDA:178,18,0,3
BRDA:184,19,0,2
BRDA:184,20,0,1
BRDA:198,21,0,3
BRDA:200,22,0,1
BRDA:203,23,0,2
BRDA:206,24,0,2
BRDA:216,25,0,1
BRDA:217,26,0,1
BRDA:244,27,0,1
BRDA:256,28,0,5
BRF:29
BRH:29
end_of_record
TN:
SF:src/controllers/lti-consumer.js
FN:16,<instance_members_initializer>
FN:36,LTIConsumerController
FN:76,generateLTI10LaunchFormData
FN:204,generateLTI13LoginFormData
FN:317,lti10configxml
FN:357,lti13dynamicregistration
FNF:6
FNH:6
FNDA:24,<instance_members_initializer>
FNDA:24,LTIConsumerController
FNDA:21,generateLTI10LaunchFormData
FNDA:15,generateLTI13LoginFormData
FNDA:9,lti10configxml
FNDA:1,lti13dynamicregistration
DA:1,2
DA:2,2
DA:3,2
DA:4,2
DA:5,2
DA:6,2
DA:7,2
DA:8,2
DA:9,2
DA:10,2
DA:11,2
DA:12,2
DA:13,2
DA:14,2
DA:15,2
DA:16,2
DA:17,24
DA:18,24
DA:19,24
DA:20,24
DA:21,24
DA:22,24
DA:23,24
DA:24,2
DA:25,2
DA:26,2
DA:27,2
DA:28,2
DA:29,2
DA:30,2
DA:31,2
DA:32,2
DA:33,2
DA:34,2
DA:35,2
DA:36,2
DA:37,24
DA:38,24
DA:39,24
DA:40,24
DA:41,24
DA:42,24
DA:43,24
DA:44,24
DA:45,24
DA:46,24
DA:47,24
DA:48,24
DA:49,2
DA:50,2
DA:51,2
DA:52,2
DA:53,2
DA:54,2
DA:55,2
DA:56,2
DA:57,2
DA:58,2
DA:59,2
DA:60,2
DA:61,2
DA:62,2
DA:63,2
DA:64,2
DA:65,2
DA:66,2
DA:67,2
DA:68,2
DA:69,2
DA:70,2
DA:71,2
DA:72,2
DA:73,2
DA:74,2
DA:75,2
DA:76,2
DA:77,21
DA:78,21
DA:79,21
DA:80,21
DA:81,21
DA:82,21
DA:83,21
DA:84,21
DA:85,21
DA:86,21
DA:87,21
DA:88,21
DA:89,21
DA:90,21
DA:91,21
DA:92,1
DA:93,1
DA:94,21
DA:95,1
DA:96,1
DA:97,21
DA:98,1
DA:99,1
DA:100,21
DA:101,1
DA:102,1
DA:103,21
DA:104,4
DA:105,4
DA:106,21
DA:107,3
DA:108,3
DA:109,21
DA:110,3
DA:111,3
DA:112,21
DA:113,3
DA:114,3
DA:115,21
DA:116,1
DA:117,1
DA:118,3
DA:119,3
DA:120,3
DA:121,3
DA:122,3
DA:123,3
DA:124,3
DA:125,3
DA:126,3
DA:127,3
DA:128,3
DA:129,3
DA:130,3
DA:131,3
DA:132,3
DA:133,3
DA:134,3
DA:135,3
DA:136,3
DA:137,3
DA:138,3
DA:139,3
DA:140,3
DA:141,3
DA:142,3
DA:143,21
DA:144,21
DA:145,21
DA:146,21
DA:147,21
DA:148,21
DA:149,21
DA:150,21
DA:151,21
DA:152,21
DA:153,21
DA:154,21
DA:155,2
DA:156,4
DA:157,2
DA:158,2
DA:159,2
DA:160,2
DA:161,4
DA:162,2
DA:163,3
DA:164,3
DA:165,3
DA:166,3
DA:167,3
DA:168,3
DA:169,3
DA:170,3
DA:171,3
DA:172,3
DA:173,3
DA:174,3
DA:175,21
DA:176,2
DA:177,2
DA:178,2
DA:179,2
DA:180,2
DA:181,2
DA:182,2
DA:183,2
DA:184,2
DA:185,2
DA:186,2
DA:187,2
DA:188,2
DA:189,2
DA:190,2
DA:191,2
DA:192,2
DA:193,2
DA:194,2
DA:195,2
DA:196,2
DA:197,2
DA:198,2
DA:199,2
DA:200,2
DA:201,2
DA:202,2
DA:203,2
DA:204,2
DA:205,15
DA:206,15
DA:207,15
DA:208,15
DA:209,15
DA:210,15
DA:211,15
DA:212,15
DA:213,15
DA:214,15
DA:215,15
DA:216,15
DA:217,15
DA:218,15
DA:219,1
DA:220,1
DA:221,15
DA:222,1
DA:223,1
DA:224,15
DA:225,1
DA:226,1
DA:227,15
DA:228,1
DA:229,1
DA:230,15
DA:231,1
DA:232,1
DA:233,15
DA:234,1
DA:235,1
DA:236,15
DA:237,1
DA:238,1
DA:239,15
DA:240,1
DA:241,1
DA:242,15
DA:243,1
DA:244,1
DA:245,15
DA:246,1
DA:247,1
DA:248,5
DA:249,5
DA:250,5
DA:251,5
DA:252,5
DA:253,5
DA:254,5
DA:255,15
DA:256,1
DA:257,1
DA:258,4
DA:259,4
DA:260,15
DA:261,1
DA:262,1
DA:263,3
DA:264,3
DA:265,3
DA:266,3
DA:267,3
DA:268,3
DA:269,3
DA:270,3
DA:271,3
DA:272,3
DA:273,3
DA:274,3
DA:275,3
DA:276,3
DA:277,3
DA:278,3
DA:279,3
DA:280,3
DA:281,3
DA:282,3
DA:283,3
DA:284,3
DA:285,3
DA:286,3
DA:287,3
DA:288,3
DA:289,3
DA:290,3
DA:291,3
DA:292,3
DA:293,3
DA:294,3
DA:295,3
DA:296,15
DA:297,1
DA:298,1
DA:299,1
DA:300,1
DA:301,1
DA:302,1
DA:303,1
DA:304,15
DA:305,2
DA:306,2
DA:307,2
DA:308,2
DA:309,2
DA:310,2
DA:311,2
DA:312,2
DA:313,2
DA:314,2
DA:315,2
DA:316,2
DA:317,2
DA:318,9
DA:319,9
DA:320,1
DA:321,1
DA:322,9
DA:323,1
DA:324,1
DA:325,7
DA:326,7
DA:327,6
DA:328,6
DA:329,6
DA:330,9
DA:331,1
DA:332,1
DA:333,6
DA:334,6
DA:335,6
DA:336,6
DA:337,6
DA:338,6
DA:339,6
DA:340,6
DA:341,6
DA:342,9
DA:343,9
DA:344,9
DA:345,9
DA:346,5
DA:347,5
DA:348,9
DA:349,2
DA:350,2
DA:351,2
DA:352,2
DA:353,2
DA:354,2
DA:355,2
DA:356,2
DA:357,2
DA:358,1
DA:359,1
DA:360,1
DA:361,1
DA:362,2
DA:363,2
DA:364,2
LF:364
LH:364
BRDA:1,0,0,2
BRDA:16,1,0,24
BRDA:36,2,0,24
BRDA:76,3,0,21
BRDA:91,4,0,1
BRDA:94,5,0,20
BRDA:94,6,0,1
BRDA:97,7,0,19
BRDA:97,8,0,1
BRDA:100,9,0,18
BRDA:100,10,0,1
BRDA:103,11,0,17
BRDA:103,12,0,16
BRDA:103,13,0,15
BRDA:103,14,0,14
BRDA:103,15,0,4
BRDA:106,16,0,13
BRDA:106,17,0,12
BRDA:106,18,0,11
BRDA:106,19,0,3
BRDA:109,20,0,10
BRDA:109,21,0,9
BRDA:109,22,0,8
BRDA:109,23,0,3
BRDA:112,24,0,7
BRDA:112,25,0,6
BRDA:112,26,0,5
BRDA:112,27,0,3
BRDA:115,28,0,4
BRDA:115,29,0,1
BRDA:118,30,0,3
BRDA:143,31,0,2
BRDA:143,32,0,1
BRDA:154,33,0,2
BRDA:155,34,0,4
BRDA:156,35,0,2
BRDA:163,36,0,3
BRDA:204,37,0,15
BRDA:218,38,0,1
BRDA:221,39,0,14
BRDA:221,40,0,1
BRDA:224,41,0,13
BRDA:224,42,0,1
BRDA:227,43,0,12
BRDA:227,44,0,1
BRDA:230,45,0,11
BRDA:230,46,0,1
BRDA:233,47,0,10
BRDA:233,48,0,9
BRDA:233,49,0,9
BRDA:233,50,0,9
BRDA:233,51,0,1
BRDA:236,52,0,9
BRDA:236,53,0,8
BRDA:236,54,0,8
BRDA:236,55,0,1
BRDA:239,56,0,8
BRDA:239,57,0,7
BRDA:239,58,0,7
BRDA:239,59,0,1
BRDA:242,60,0,7
BRDA:242,61,0,7
BRDA:242,62,0,1
BRDA:245,63,0,6
BRDA:245,64,0,1
BRDA:248,65,0,5
BRDA:255,66,0,1
BRDA:258,67,0,4
BRDA:260,68,0,1
BRDA:263,69,0,3
BRDA:296,70,0,2
BRDA:296,71,0,1
BRDA:296,72,0,1
BRDA:317,73,0,9
BRDA:319,74,0,1
BRDA:322,75,0,8
BRDA:322,76,0,1
BRDA:325,77,0,7
BRDA:327,78,0,6
BRDA:330,79,0,1
BRDA:333,80,0,6
BRDA:342,81,0,1
BRDA:343,82,0,5
BRDA:343,83,0,1
BRDA:346,84,0,5
BRDA:357,85,0,1
BRF:86
BRH:86
end_of_record
TN:
SF:src/controllers/lti-launch.js
FN:16,<instance_members_initializer>
FN:32,LTILaunchController
FN:49,launch
FN:67,#launch10
FN:131,#launch13
FN:222,#updateLMS
FN:269,#launch
FN:283,#deeplink
FN:300,login13
FN:310,generateConsumerJWKS
FNF:10
FNH:10
FNDA:31,<instance_members_initializer>
FNDA:31,LTILaunchController
FNDA:18,launch
FNDA:6,#launch10
FNDA:11,#launch13
FNDA:15,#updateLMS
FNDA:9,#launch
FNDA:3,#deeplink
FNDA:2,login13
FNDA:1,generateConsumerJWKS
DA:1,2
DA:2,2
DA:3,2
DA:4,2
DA:5,2
DA:6,2
DA:7,2
DA:8,2
DA:9,2
DA:10,2
DA:11,2
DA:12,2
DA:13,2
DA:14,2
DA:15,2
DA:16,2
DA:17,31
DA:18,31
DA:19,31
DA:20,2
DA:21,2
DA:22,2
DA:23,2
DA:24,2
DA:25,2
DA:26,2
DA:27,2
DA:28,2
DA:29,2
DA:30,2
DA:31,2
DA:32,2
DA:33,31
DA:34,31
DA:35,31
DA:36,31
DA:37,31
DA:38,31
DA:39,31
DA:40,31
DA:41,2
DA:42,2
DA:43,2
DA:44,2
DA:45,2
DA:46,2
DA:47,2
DA:48,2
DA:49,2
DA:50,18
DA:51,18
DA:52,11
DA:53,18
DA:54,6
DA:55,7
DA:56,1
DA:57,1
DA:58,18
DA:59,2
DA:60,2
DA:61,2
DA:62,2
DA:63,2
DA:64,2
DA:65,2
DA:66,2
DA:67,2
DA:68,6
DA:69,6
DA:70,5
DA:71,5
DA:72,5
DA:73,5
DA:74,5
DA:75,5
DA:76,5
DA:77,5
DA:78,5
DA:79,4
DA:80,4
DA:81,4
DA:82,4
DA:83,4
DA:84,8
DA:85,8
DA:86,8
DA:87,8
DA:88,4
DA:89,4
DA:90,4
DA:91,4
DA:92,4
DA:93,4
DA:94,4
DA:95,4
DA:96,4
DA:97,4
DA:98,4
DA:99,4
DA:100,4
DA:101,4
DA:102,4
DA:103,4
DA:104,4
DA:105,4
DA:106,4
DA:107,4
DA:108,4
DA:109,4
DA:110,4
DA:111,4
DA:112,4
DA:113,4
DA:114,4
DA:115,4
DA:116,4
DA:117,4
DA:118,4
DA:119,4
DA:120,4
DA:121,4
DA:122,6
DA:123,2
DA:124,2
DA:125,2
DA:126,2
DA:127,2
DA:128,2
DA:129,2
DA:130,2
DA:131,2
DA:132,11
DA:133,10
DA:134,10
DA:135,10
DA:136,10
DA:137,10
DA:138,10
DA:139,10
DA:140,10
DA:141,10
DA:142,10
DA:143,10
DA:144,10
DA:145,9
DA:146,9
DA:147,11
DA:148,5
DA:149,5
DA:150,5
DA:151,5
DA:152,5
DA:153,5
DA:154,5
DA:155,5
DA:156,5
DA:157,5
DA:158,5
DA:159,5
DA:160,5
DA:161,5
DA:162,5
DA:163,5
DA:164,5
DA:165,5
DA:166,5
DA:167,5
DA:168,5
DA:169,5
DA:170,5
DA:171,5
DA:172,5
DA:173,5
DA:174,5
DA:175,5
DA:176,5
DA:177,5
DA:178,5
DA:179,11
DA:180,3
DA:181,3
DA:182,3
DA:183,3
DA:184,3
DA:185,3
DA:186,3
DA:187,3
DA:188,3
DA:189,3
DA:190,3
DA:191,3
DA:192,3
DA:193,3
DA:194,3
DA:195,3
DA:196,3
DA:197,3
DA:198,3
DA:199,3
DA:200,3
DA:201,3
DA:202,3
DA:203,3
DA:204,3
DA:205,3
DA:206,4
DA:207,1
DA:208,1
DA:209,11
DA:210,2
DA:211,2
DA:212,2
DA:213,2
DA:214,2
DA:215,2
DA:216,2
DA:217,2
DA:218,2
DA:219,2
DA:220,2
DA:221,2
DA:222,2
DA:223,15
DA:224,15
DA:225,15
DA:226,2
DA:227,2
DA:228,13
DA:229,13
DA:230,13
DA:231,13
DA:232,15
DA:233,11
DA:234,11
DA:235,11
DA:236,11
DA:237,15
DA:238,11
DA:239,11
DA:240,11
DA:241,11
DA:242,15
DA:243,11
DA:244,11
DA:245,11
DA:246,11
DA:247,15
DA:248,11
DA:249,11
DA:250,11
DA:251,11
DA:252,15
DA:253,11
DA:254,11
DA:255,11
DA:256,11
DA:257,11
DA:258,11
DA:259,11
DA:260,11
DA:261,11
DA:262,13
DA:263,15
DA:264,2
DA:265,2
DA:266,2
DA:267,2
DA:268,2
DA:269,2
DA:270,9
DA:271,9
DA:272,9
DA:273,8
DA:274,9
DA:275,1
DA:276,1
DA:277,9
DA:278,2
DA:279,2
DA:280,2
DA:281,2
DA:282,2
DA:283,2
DA:284,3
DA:285,3
DA:286,3
DA:287,2
DA:288,3
DA:289,1
DA:290,1
DA:291,3
DA:292,2
DA:293,2
DA:294,2
DA:295,2
DA:296,2
DA:297,2
DA:298,2
DA:299,2
DA:300,2
DA:301,2
DA:302,2
DA:303,2
DA:304,2
DA:305,2
DA:306,2
DA:307,2
DA:308,2
DA:309,2
DA:310,2
DA:311,1
DA:312,1
DA:313,1
DA:314,2
DA:315,2
DA:316,2
DA:317,2
DA:318,2
DA:319,2
DA:320,2
DA:321,2
DA:322,1
DA:323,1
DA:324,1
DA:325,2
DA:326,2
DA:327,2
LF:327
LH:327
BRDA:1,0,0,2
BRDA:16,1,0,31
BRDA:32,2,0,31
BRDA:49,3,0,18
BRDA:51,4,0,11
BRDA:53,5,0,7
BRDA:53,6,0,6
BRDA:55,7,0,1
BRDA:67,8,0,6
BRDA:70,9,0,5
BRDA:79,10,0,4
BRDA:82,11,0,88
BRDA:83,12,0,8
BRDA:131,13,0,11
BRDA:133,14,0,10
BRDA:145,15,0,9
BRDA:147,16,0,5
BRDA:179,17,0,4
BRDA:179,18,0,3
BRDA:206,19,0,1
BRDA:222,20,0,15
BRDA:225,21,0,2
BRDA:228,22,0,13
BRDA:232,23,0,11
BRDA:237,24,0,13
BRDA:237,25,0,11
BRDA:242,26,0,13
BRDA:242,27,0,11
BRDA:247,28,0,13
BRDA:247,29,0,11
BRDA:252,30,0,13
BRDA:252,31,0,11
BRDA:262,32,0,13
BRDA:269,33,0,9
BRDA:272,34,0,8
BRDA:274,35,0,1
BRDA:283,36,0,3
BRDA:286,37,0,2
BRDA:288,38,0,1
BRDA:300,39,0,2
BRDA:310,40,0,1
BRDA:313,41,0,2
BRF:42
BRH:42
end_of_record
TN:
SF:src/controllers/lti-lms.js
FN:16,<instance_members_initializer>
FN:34,LTILMSController
FN:54,basicOutcomesHandler
FN:122,replaceResultRequest
FN:208,authRequestHandler
FN:228,generateProviderJWKS
FN:250,tokenRequestHandler
FN:261,agsGradePassbackHandler
FN:294,getOpenIDConfiguration
FN:339,dynamicRegistrationHandler
FNF:10
FNH:10
FNDA:33,<instance_members_initializer>
FNDA:33,LTILMSController
FNDA:4,basicOutcomesHandler
FNDA:4,replaceResultRequest
FNDA:1,authRequestHandler
FNDA:1,generateProviderJWKS
FNDA:1,tokenRequestHandler
FNDA:3,agsGradePassbackHandler
FNDA:1,getOpenIDConfiguration
FNDA:13,dynamicRegistrationHandler
DA:1,2
DA:2,2
DA:3,2
DA:4,2
DA:5,2
DA:6,2
DA:7,2
DA:8,2
DA:9,2
DA:10,2
DA:11,2
DA:12,2
DA:13,2
DA:14,2
DA:15,2
DA:16,2
DA:17,33
DA:18,33
DA:19,33
DA:20,33
DA:21,33
DA:22,2
DA:23,2
DA:24,2
DA:25,2
DA:26,2
DA:27,2
DA:28,2
DA:29,2
DA:30,2
DA:31,2
DA:32,2
DA:33,2
DA:34,2
DA:35,33
DA:36,33
DA:37,33
DA:38,33
DA:39,33
DA:40,33
DA:41,33
DA:42,33
DA:43,33
DA:44,33
DA:45,2
DA:46,2
DA:47,2
DA:48,2
DA:49,2
DA:50,2
DA:51,2
DA:52,2
DA:53,2
DA:54,2
DA:55,4
DA:56,4
DA:57,4
DA:58,4
DA:59,4
DA:60,4
DA:61,4
DA:62,4
DA:63,3
DA:64,3
DA:65,3
DA:66,3
DA:67,4
DA:68,2
DA:69,2
DA:70,2
DA:71,2
DA:72,2
DA:73,2
DA:74,2
DA:75,2
DA:76,2
DA:77,2
DA:78,2
DA:79,2
DA:80,2
DA:81,4
DA:82,1
DA:83,1
DA:84,1
DA:85,1
DA:86,1
DA:87,1
DA:88,1
DA:89,1
DA:90,1
DA:91,1
DA:92,1
DA:93,1
DA:94,1
DA:95,1
DA:96,1
DA:97,1
DA:98,1
DA:99,1
DA:100,1
DA:101,1
DA:102,1
DA:103,1
DA:104,1
DA:105,1
DA:106,1
DA:107,1
DA:108,1
DA:109,1
DA:110,4
DA:111,2
DA:112,2
DA:113,2
DA:114,2
DA:115,2
DA:116,2
DA:117,2
DA:118,2
DA:119,2
DA:120,2
DA:121,2
DA:122,2
DA:123,4
DA:124,4
DA:125,4
DA:126,4
DA:127,4
DA:128,4
DA:129,4
DA:130,4
DA:131,4
DA:132,4
DA:133,1
DA:134,1
DA:135,1
DA:136,1
DA:137,1
DA:138,1
DA:139,1
DA:140,1
DA:141,1
DA:142,1
DA:143,1
DA:144,1
DA:145,3
DA:146,3
DA:147,3
DA:148,4
DA:149,1
DA:150,1
DA:151,1
DA:152,1
DA:153,1
DA:154,1
DA:155,1
DA:156,1
DA:157,1
DA:158,1
DA:159,1
DA:160,2
DA:161,2
DA:162,2
DA:163,2
DA:164,2
DA:165,2
DA:166,2
DA:167,2
DA:168,2
DA:169,2
DA:170,2
DA:171,2
DA:172,2
DA:173,2
DA:174,2
DA:175,4
DA:176,1
DA:177,1
DA:178,1
DA:179,1
DA:180,1
DA:181,1
DA:182,1
DA:183,1
DA:184,1
DA:185,1
DA:186,1
DA:187,1
DA:188,1
DA:189,1
DA:190,1
DA:191,1
DA:192,1
DA:193,1
DA:194,1
DA:195,1
DA:196,1
DA:197,1
DA:198,1
DA:199,1
DA:200,4
DA:201,2
DA:202,2
DA:203,2
DA:204,2
DA:205,2
DA:206,2
DA:207,2
DA:208,2
DA:209,1
DA:210,1
DA:211,1
DA:212,1
DA:213,1
DA:214,1
DA:215,1
DA:216,1
DA:217,1
DA:218,1
DA:219,1
DA:220,1
DA:221,1
DA:222,2
DA:223,2
DA:224,2
DA:225,2
DA:226,2
DA:227,2
DA:228,2
DA:229,1
DA:230,1
DA:231,1
DA:232,2
DA:233,2
DA:234,2
DA:235,2
DA:236,2
DA:237,2
DA:238,2
DA:239,2
DA:240,1
DA:241,1
DA:242,1
DA:243,2
DA:244,2
DA:245,2
DA:246,2
DA:247,2
DA:248,2
DA:249,2
DA:250,2
DA:251,1
DA:252,1
DA:253,1
DA:254,2
DA:255,2
DA:256,2
DA:257,2
DA:258,2
DA:259,2
DA:260,2
DA:261,2
DA:262,3
DA:263,3
DA:264,3
DA:265,3
DA:266,3
DA:267,3
DA:268,3
DA:269,3
DA:270,3
DA:271,3
DA:272,3
DA:273,3
DA:274,3
DA:275,3
DA:276,2
DA:277,2
DA:278,2
DA:279,2
DA:280,2
DA:281,3
DA:282,1
DA:283,1
DA:284,1
DA:285,1
DA:286,1
DA:287,3
DA:288,2
DA:289,2
DA:290,2
DA:291,2
DA:292,2
DA:293,2
DA:294,2
DA:295,1
DA:296,1
DA:297,1
DA:298,1
DA:299,1
DA:300,1
DA:301,1
DA:302,1
DA:303,1
DA:304,1
DA:305,1
DA:306,1
DA:307,1
DA:308,1
DA:309,1
DA:310,1
DA:311,1
DA:312,1
DA:313,1
DA:314,1
DA:315,1
DA:316,1
DA:317,1
DA:318,1
DA:319,1
DA:320,1
DA:321,1
DA:322,1
DA:323,1
DA:324,1
DA:325,1
DA:326,1
DA:327,1
DA:328,1
DA:329,1
DA:330,1
DA:331,1
DA:332,2
DA:333,2
DA:334,2
DA:335,2
DA:336,2
DA:337,2
DA:338,2
DA:339,2
DA:340,13
DA:341,13
DA:342,13
DA:343,1
DA:344,1
DA:345,12
DA:346,12
DA:347,12
DA:348,12
DA:349,12
DA:350,12
DA:351,12
DA:352,12
DA:353,13
DA:354,1
DA:355,1
DA:356,11
DA:357,11
DA:358,13
DA:359,1
DA:360,1
DA:361,13
DA:362,1
DA:363,1
DA:364,13
DA:365,1
DA:366,1
DA:367,8
DA:368,13
DA:369,7
DA:370,13
DA:371,2
DA:372,2
DA:373,6
DA:374,6
DA:375,6
DA:376,6
DA:377,6
DA:378,6
DA:379,6
DA:380,6
DA:381,6
DA:382,13
DA:383,13
DA:384,13
DA:385,13
DA:386,13
DA:387,13
DA:388,13
DA:389,13
DA:390,13
DA:391,13
DA:392,13
DA:393,13
DA:394,13
DA:395,13
DA:396,13
DA:397,13
DA:398,13
DA:399,1
DA:400,1
DA:401,6
DA:402,6
DA:403,6
DA:404,13
DA:405,1
DA:406,1
DA:407,5
DA:408,5
DA:409,5
DA:410,5
DA:411,5
DA:412,5
DA:413,5
DA:414,5
DA:415,5
DA:416,5
DA:417,5
DA:418,5
DA:419,5
DA:420,5
DA:421,13
DA:422,2
DA:423,2
DA:424,2
LF:424
LH:424
BRDA:1,0,0,2
BRDA:16,1,0,33
BRDA:34,2,0,33
BRDA:54,3,0,4
BRDA:63,4,0,3
BRDA:67,5,0,2
BRDA:81,6,0,1
BRDA:94,7,0,1
BRDA:122,8,0,4
BRDA:132,9,0,1
BRDA:145,10,0,3
BRDA:148,11,0,1
BRDA:160,12,0,2
BRDA:175,13,0,1
BRDA:208,14,0,1
BRDA:228,15,0,1
BRDA:231,16,0,2
BRDA:250,17,0,1
BRDA:261,18,0,3
BRDA:275,19,0,2
BRDA:275,20,0,2
BRDA:276,21,0,1
BRDA:279,22,0,1
BRDA:281,23,0,1
BRDA:294,24,0,1
BRDA:339,25,0,13
BRDA:342,26,0,12
BRDA:342,27,0,1
BRDA:345,28,0,12
BRDA:353,29,0,1
BRDA:356,30,0,11
BRDA:358,31,0,1
BRDA:361,32,0,10
BRDA:361,33,0,1
BRDA:364,34,0,9
BRDA:364,35,0,1
BRDA:367,36,0,8
BRDA:368,37,0,7
BRDA:370,38,0,2
BRDA:373,39,0,6
BRDA:384,40,0,1
BRDA:385,41,0,5
BRDA:389,42,0,1
BRDA:389,43,0,5
BRDA:390,44,0,1
BRDA:390,45,0,5
BRDA:392,46,0,1
BRDA:393,47,0,5
BRDA:398,48,0,6
BRDA:398,49,0,1
BRDA:401,50,0,6
BRDA:404,51,0,1
BRDA:407,52,0,5
BRF:53
BRH:53
end_of_record
TN:
SF:src/controllers/lti-provider.js
FN:16,<instance_members_initializer>
FN:30,LTIProviderController
FN:56,postGrade
FN:111,createDeepLink
FNF:4
FNH:4
FNDA:20,<instance_members_initializer>
FNDA:20,LTIProviderController
FNDA:10,postGrade
FNDA:6,createDeepLink
DA:1,1
DA:2,1
DA:3,1
DA:4,1
DA:5,1
DA:6,1
DA:7,1
DA:8,1
DA:9,1
DA:10,1
DA:11,1
DA:12,1
DA:13,1
DA:14,1
DA:15,1
DA:16,1
DA:17,20
DA:18,20
DA:19,20
DA:20,1
DA:21,1
DA:22,1
DA:23,1
DA:24,1
DA:25,1
DA:26,1
DA:27,1
DA:28,1
DA:29,1
DA:30,1
DA:31,20
DA:32,20
DA:33,20
DA:34,20
DA:35,20
DA:36,20
DA:37,20
DA:38,20
DA:39,1
DA:40,1
DA:41,1
DA:42,1
DA:43,1
DA:44,1
DA:45,1
DA:46,1
DA:47,1
DA:48,1
DA:49,1
DA:50,1
DA:51,1
DA:52,1
DA:53,1
DA:54,1
DA:55,1
DA:56,1
DA:57,10
DA:58,10
DA:59,10
DA:60,10
DA:61,10
DA:62,10
DA:63,10
DA:64,10
DA:65,10
DA:66,10
DA:67,10
DA:68,10
DA:69,10
DA:70,10
DA:71,10
DA:72,10
DA:73,10
DA:74,10
DA:75,10
DA:76,10
DA:77,10
DA:78,1
DA:79,1
DA:80,10
DA:81,1
DA:82,1
DA:83,10
DA:84,4
DA:85,4
DA:86,10
DA:87,1
DA:88,1
DA:89,1
DA:90,1
DA:91,3
DA:92,3
DA:93,10
DA:94,2
DA:95,2
DA:96,10
DA:97,1
DA:98,1
DA:99,1
DA:100,10
DA:101,1
DA:102,1
DA:103,1
DA:104,1
DA:105,1
DA:106,1
DA:107,1
DA:108,1
DA:109,1
DA:110,1
DA:111,1
DA:112,6
DA:113,6
DA:114,1
DA:115,1
DA:116,6
DA:117,1
DA:118,1
DA:119,6
DA:120,1
DA:121,1
DA:122,6
DA:123,1
DA:124,1
DA:125,6
DA:126,1
DA:127,1
DA:128,1
DA:129,1
DA:130,1
DA:131,1
DA:132,1
DA:133,1
DA:134,1
DA:135,1
DA:136,1
DA:137,1
DA:138,1
DA:139,1
DA:140,1
DA:141,1
DA:142,1
DA:143,1
DA:144,1
DA:145,1
DA:146,1
DA:147,1
DA:148,1
DA:149,1
DA:150,1
DA:151,1
DA:152,6
DA:153,1
DA:154,1
DA:155,1
LF:155
LH:155
BRDA:1,0,0,1
BRDA:16,1,0,20
BRDA:30,2,0,20
BRDA:56,3,0,10
BRDA:59,4,0,1
BRDA:59,5,0,9
BRDA:60,6,0,1
BRDA:60,7,0,9
BRDA:61,8,0,1
BRDA:61,9,0,9
BRDA:62,10,0,1
BRDA:62,11,0,9
BRDA:77,12,0,1
BRDA:80,13,0,9
BRDA:80,14,0,1
BRDA:83,15,0,8
BRDA:83,16,0,7
BRDA:83,17,0,6
BRDA:83,18,0,5
BRDA:83,19,0,4
BRDA:86,20,0,2
BRDA:86,21,0,1
BRDA:91,22,0,3
BRDA:93,23,0,2
BRDA:96,24,0,1
BRDA:111,25,0,6
BRDA:113,26,0,1
BRDA:116,27,0,5
BRDA:116,28,0,1
BRDA:119,29,0,4
BRDA:119,30,0,1
BRDA:122,31,0,3
BRDA:122,32,0,1
BRDA:125,33,0,2
BRDA:125,34,0,1
BRF:35
BRH:35
end_of_record
TN:
SF:src/controllers/lti-register.js
FN:12,<instance_members_initializer>
FN:29,LTIRegistrationController
FN:45,getLTI10Config
FN:99,dynamicRegistration
FNF:4
FNH:4
FNDA:22,<instance_members_initializer>
FNDA:22,LTIRegistrationController
FNDA:1,getLTI10Config
FNDA:11,dynamicRegistration
DA:1,2
DA:2,2
DA:3,2
DA:4,2
DA:5,2
DA:6,2
DA:7,2
DA:8,2
DA:9,2
DA:10,2
DA:11,2
DA:12,2
DA:13,22
DA:14,22
DA:15,22
DA:16,22
DA:17,2
DA:18,2
DA:19,2
DA:20,2
DA:21,2
DA:22,2
DA:23,2
DA:24,2
DA:25,2
DA:26,2
DA:27,2
DA:28,2
DA:29,2
DA:30,22
DA:31,22
DA:32,22
DA:33,22
DA:34,22
DA:35,22
DA:36,22
DA:37,22
DA:38,22
DA:39,2
DA:40,2
DA:41,2
DA:42,2
DA:43,2
DA:44,2
DA:45,2
DA:46,1
DA:47,1
DA:48,1
DA:49,1
DA:50,1
DA:51,1
DA:52,1
DA:53,2
DA:54,2
DA:55,1
DA:56,1
DA:57,1
DA:58,1
DA:59,1
DA:60,1
DA:61,1
DA:62,1
DA:63,1
DA:64,1
DA:65,1
DA:66,1
DA:67,1
DA:68,1
DA:69,1
DA:70,1
DA:71,1
DA:72,1
DA:73,1
DA:74,1
DA:75,1
DA:76,1
DA:77,1
DA:78,1
DA:79,1
DA:80,1
DA:81,1
DA:82,1
DA:83,1
DA:84,1
DA:85,1
DA:86,1
DA:87,1
DA:88,1
DA:89,1
DA:90,1
DA:91,1
DA:92,2
DA:93,2
DA:94,2
DA:95,2
DA:96,2
DA:97,2
DA:98,2
DA:99,2
DA:100,11
DA:101,11
DA:102,10
DA:103,10
DA:104,10
DA:105,10
DA:106,10
DA:107,10
DA:108,10
DA:109,10
DA:110,10
DA:111,10
DA:112,10
DA:113,10
DA:114,10
DA:115,10
DA:116,10
DA:117,11
DA:118,1
DA:119,1
DA:120,10
DA:121,10
DA:122,10
DA:123,10
DA:124,10
DA:125,10
DA:126,10
DA:127,10
DA:128,10
DA:129,10
DA:130,10
DA:131,10
DA:132,10
DA:133,10
DA:134,10
DA:135,11
DA:136,1
DA:137,1
DA:138,9
DA:139,9
DA:140,9
DA:141,9
DA:142,9
DA:143,9
DA:144,11
DA:145,1
DA:146,11
DA:147,1
DA:148,8
DA:149,1
DA:150,7
DA:151,6
DA:152,6
DA:153,9
DA:154,9
DA:155,9
DA:156,11
DA:157,1
DA:158,1
DA:159,1
DA:160,1
DA:161,1
DA:162,1
DA:163,1
DA:164,1
DA:165,1
DA:166,1
DA:167,1
DA:168,1
DA:169,1
DA:170,9
DA:171,9
DA:172,11
DA:173,1
DA:174,1
DA:175,1
DA:176,1
DA:177,1
DA:178,1
DA:179,1
DA:180,1
DA:181,1
DA:182,1
DA:183,1
DA:184,1
DA:185,1
DA:186,1
DA:187,9
DA:188,9
DA:189,9
DA:190,9
DA:191,9
DA:192,9
DA:193,9
DA:194,9
DA:195,9
DA:196,9
DA:197,9
DA:198,9
DA:199,9
DA:200,9
DA:201,9
DA:202,9
DA:203,9
DA:204,9
DA:205,9
DA:206,9
DA:207,9
DA:208,9
DA:209,9
DA:210,9
DA:211,9
DA:212,9
DA:213,9
DA:214,9
DA:215,9
DA:216,9
DA:217,9
DA:218,9
DA:219,11
DA:220,2
DA:221,2
DA:222,2
DA:223,2
DA:224,2
DA:225,11
DA:226,2
DA:227,2
DA:228,2
LF:228
LH:228
BRDA:1,0,0,2
BRDA:12,1,0,22
BRDA:29,2,0,22
BRDA:45,3,0,1
BRDA:52,4,0,2
BRDA:99,5,0,11
BRDA:102,6,0,10
BRDA:117,7,0,1
BRDA:120,8,0,10
BRDA:135,9,0,1
BRDA:138,10,0,9
BRDA:144,11,0,1
BRDA:146,12,0,8
BRDA:146,13,0,1
BRDA:148,14,0,7
BRDA:148,15,0,1
BRDA:150,16,0,6
BRDA:153,17,0,9
BRDA:156,18,0,1
BRDA:170,19,0,9
BRDA:172,20,0,1
BRDA:187,21,0,9
BRDA:219,22,0,7
BRDA:219,23,0,2
BRDA:221,24,0,1
BRF:25
BRH:25
end_of_record
TN:
SF:src/controllers/provider.js
FN:13,<instance_members_initializer>
FN:22,ProviderController
FN:33,getAll
FN:44,getById
FN:55,getByKey
FN:70,getByName
FN:85,createProvider
FN:133,updateProvider
FN:161,deleteProvider
FN:186,getSecret
FN:211,updateSecret
FN:257,getAllKeys
FN:269,#generateKeys
FNF:13
FNH:13
FNDA:24,<instance_members_initializer>
FNDA:24,ProviderController
FNDA:1,getAll
FNDA:1,getById
FNDA:1,getByKey
FNDA:2,getByName
FNDA:2,createProvider
FNDA:3,updateProvider
FNDA:2,deleteProvider
FNDA:3,getSecret
FNDA:3,updateSecret
FNDA:1,getAllKeys
FNDA:4,#generateKeys
DA:1,2
DA:2,2
DA:3,2
DA:4,2
DA:5,2
DA:6,2
DA:7,2
DA:8,2
DA:9,2
DA:10,2
DA:11,2
DA:12,2
DA:13,2
DA:14,24
DA:15,2
DA:16,2
DA:17,2
DA:18,2
DA:19,2
DA:20,2
DA:21,2
DA:22,2
DA:23,24
DA:24,24
DA:25,24
DA:26,24
DA:27,2
DA:28,2
DA:29,2
DA:30,2
DA:31,2
DA:32,2
DA:33,2
DA:34,1
DA:35,1
DA:36,1
DA:37,2
DA:38,2
DA:39,2
DA:40,2
DA:41,2
DA:42,2
DA:43,2
DA:44,2
DA:45,1
DA:46,1
DA:47,1
DA:48,2
DA:49,2
DA:50,2
DA:51,2
DA:52,2
DA:53,2
DA:54,2
DA:55,2
DA:56,1
DA:57,1
DA:58,1
DA:59,1
DA:60,1
DA:61,1
DA:62,1
DA:63,2
DA:64,2
DA:65,2
DA:66,2
DA:67,2
DA:68,2
DA:69,2
DA:70,2
DA:71,2
DA:72,2
DA:73,2
DA:74,2
DA:75,2
DA:76,2
DA:77,2
DA:78,2
DA:79,2
DA:80,2
DA:81,2
DA:82,2
DA:83,2
DA:84,2
DA:85,2
DA:86,2
DA:87,2
DA:88,2
DA:89,1
DA:90,1
DA:91,2
DA:92,1
DA:93,1
DA:94,2
DA:95,2
DA:96,2
DA:97,2
DA:98,2
DA:99,2
DA:100,2
DA:101,2
DA:102,2
DA:103,2
DA:104,2
DA:105,2
DA:106,2
DA:107,2
DA:108,2
DA:109,2
DA:110,2
DA:111,2
DA:112,2
DA:113,2
DA:114,2
DA:115,2
DA:116,2
DA:117,2
DA:118,2
DA:119,2
DA:120,2
DA:121,2
DA:122,2
DA:123,2
DA:124,2
DA:125,2
DA:126,2
DA:127,2
DA:128,2
DA:129,2
DA:130,2
DA:131,2
DA:132,2
DA:133,2
DA:134,3
DA:135,3
DA:136,1
DA:137,1
DA:138,2
DA:139,2
DA:140,3
DA:141,3
DA:142,3
DA:143,3
DA:144,3
DA:145,3
DA:146,3
DA:147,3
DA:148,3
DA:149,3
DA:150,3
DA:151,3
DA:152,2
DA:153,3
DA:154,2
DA:155,2
DA:156,2
DA:157,2
DA:158,2
DA:159,2
DA:160,2
DA:161,2
DA:162,2
DA:163,2
DA:164,1
DA:165,1
DA:166,1
DA:167,1
DA:168,1
DA:169,1
DA:170,1
DA:171,1
DA:172,1
DA:173,1
DA:174,1
DA:175,1
DA:176,1
DA:177,1
DA:178,2
DA:179,2
DA:180,2
DA:181,2
DA:182,2
DA:183,2
DA:184,2
DA:185,2
DA:186,2
DA:187,3
DA:188,3
DA:189,1
DA:190,1
DA:191,2
DA:192,2
DA:193,2
DA:194,2
DA:195,2
DA:196,2
DA:197,3
DA:198,1
DA:199,1
DA:200,1
DA:201,3
DA:202,2
DA:203,2
DA:204,2
DA:205,2
DA:206,2
DA:207,2
DA:208,2
DA:209,2
DA:210,2
DA:211,2
DA:212,3
DA:213,3
DA:214,1
DA:215,1
DA:216,2
DA:217,2
DA:218,2
DA:219,2
DA:220,2
DA:221,2
DA:222,2
DA:223,2
DA:224,2
DA:225,2
DA:226,2
DA:227,2
DA:228,2
DA:229,2
DA:230,2
DA:231,2
DA:232,2
DA:233,2
DA:234,2
DA:235,2
DA:236,2
DA:237,2
DA:238,2
DA:239,2
DA:240,2
DA:241,2
DA:242,2
DA:243,2
DA:244,2
DA:245,2
DA:246,2
DA:247,2
DA:248,2
DA:249,2
DA:250,3
DA:251,2
DA:252,2
DA:253,2
DA:254,2
DA:255,2
DA:256,2
DA:257,2
DA:258,1
DA:259,1
DA:260,1
DA:261,1
DA:262,1
DA:263,2
DA:264,2
DA:265,2
DA:266,2
DA:267,2
DA:268,2
DA:269,2
DA:270,4
DA:271,4
DA:272,4
DA:273,4
DA:274,4
DA:275,4
DA:276,4
DA:277,4
DA:278,4
DA:279,4
DA:280,4
DA:281,4
DA:282,4
DA:283,4
DA:284,4
DA:285,2
DA:286,2
DA:287,2
LF:287
LH:287
BRDA:1,0,0,2
BRDA:13,1,0,24
BRDA:22,2,0,24
BRDA:33,3,0,1
BRDA:44,4,0,1
BRDA:55,5,0,1
BRDA:70,6,0,2
BRDA:85,7,0,2
BRDA:87,8,0,2
BRDA:88,9,0,1
BRDA:91,10,0,1
BRDA:133,11,0,3
BRDA:135,12,0,1
BRDA:138,13,0,2
BRDA:145,14,0,2
BRDA:152,15,0,2
BRDA:161,16,0,2
BRDA:163,17,0,1
BRDA:166,18,0,1
BRDA:186,19,0,3
BRDA:188,20,0,1
BRDA:191,21,0,2
BRDA:197,22,0,1
BRDA:211,23,0,3
BRDA:213,24,0,1
BRDA:216,25,0,2
BRDA:219,26,0,2
BRDA:229,27,0,1
BRDA:230,28,0,1
BRDA:257,29,0,1
BRDA:269,30,0,4
BRF:31
BRH:31
end_of_record
TN:
SF:src/lib/lti10.js
FN:16,<instance_members_initializer>
FN:28,LTI10Utils
FN:41,validate10
FN:85,oauth_sign
FN:110,#rfc3986
FN:126,#normalizeParams
FN:164,#compare
FN:176,validateOauthBody
FN:237,#validateOauthParams
FN:330,#signOauthBody
FN:362,postOutcome
FN:483,buildResponse
FN:580,validateBasicOutcomesRequest
FN:627,validateReplaceResultRequest
FN:676,validateConfigXML
FNF:15
FNH:15
FNDA:174,<instance_members_initializer>
FNDA:174,LTI10Utils
FNDA:20,validate10
FNDA:18,oauth_sign
FNDA:380,#rfc3986
FNDA:18,#normalizeParams
FNDA:330,#compare
FNDA:8,validateOauthBody
FNDA:25,#validateOauthParams
FNDA:5,#signOauthBody
FNDA:4,postOutcome
FNDA:2,buildResponse
FNDA:10,validateBasicOutcomesRequest
FNDA:8,validateReplaceResultRequest
FNDA:14,validateConfigXML
DA:1,4
DA:2,4
DA:3,4
DA:4,4
DA:5,4
DA:6,4
DA:7,4
DA:8,4
DA:9,4
DA:10,4
DA:11,4
DA:12,4
DA:13,4
DA:14,4
DA:15,4
DA:16,4
DA:17,174
DA:18,174
DA:19,174
DA:20,4
DA:21,4
DA:22,4
DA:23,4
DA:24,4
DA:25,4
DA:26,4
DA:27,4
DA:28,4
DA:29,174
DA:30,174
DA:31,174
DA:32,174
DA:33,174
DA:34,174
DA:35,4
DA:36,4
DA:37,4
DA:38,4
DA:39,4
DA:40,4
DA:41,4
DA:42,20
DA:43,20
DA:44,20
DA:45,20
DA:46,1
DA:47,1
DA:48,19
DA:49,19
DA:50,19
DA:51,5
DA:52,5
DA:53,5
DA:54,5
DA:55,5
DA:56,20
DA:57,2
DA:58,2
DA:59,3
DA:60,20
DA:61,2
DA:62,2
DA:63,1
DA:64,1
DA:65,1
DA:66,20
DA:67,4
DA:68,4
DA:69,4
DA:70,4
DA:71,4
DA:72,4
DA:73,4
DA:74,4
DA:75,4
DA:76,4
DA:77,4
DA:78,4
DA:79,4
DA:80,4
DA:81,4
DA:82,4
DA:83,4
DA:84,4
DA:85,4
DA:86,18
DA:87,18
DA:88,18
DA:89,18
DA:90,18
DA:91,18
DA:92,18
DA:93,18
DA:94,18
DA:95,18
DA:96,18
DA:97,18
DA:98,18
DA:99,18
DA:100,18
DA:101,4
DA:102,4
DA:103,4
DA:104,4
DA:105,4
DA:106,4
DA:107,4
DA:108,4
DA:109,4
DA:110,4
DA:111,380
DA:112,380
DA:113,380
DA:114,380
DA:115,380
DA:116,380
DA:117,380
DA:118,4
DA:119,4
DA:120,4
DA:121,4
DA:122,4
DA:123,4
DA:124,4
DA:125,4
DA:126,4
DA:127,18
DA:128,18
DA:129,18
DA:130,18
DA:131,18
DA:132,1
DA:133,1
DA:134,18
DA:135,18
DA:136,18
DA:137,18
DA:138,18
DA:139,1
DA:140,1
DA:141,18
DA:142,18
DA:143,18
DA:144,18
DA:145,18
DA:146,163
DA:147,18
DA:148,18
DA:149,18
DA:150,18
DA:151,18
DA:152,18
DA:153,18
DA:154,18
DA:155,4
DA:156,4
DA:157,4
DA:158,4
DA:159,4
DA:160,4
DA:161,4
DA:162,4
DA:163,4
DA:164,4
DA:165,1
DA:166,1
DA:167,330
DA:168,4
DA:169,4
DA:170,4
DA:171,4
DA:172,4
DA:173,4
DA:174,4
DA:175,4
DA:176,4
DA:177,8
DA:178,8
DA:179,8
DA:180,1
DA:181,1
DA:182,8
DA:183,1
DA:184,1
DA:185,6
DA:186,6
DA:187,6
DA:188,6
DA:189,6
DA:190,6
DA:191,8
DA:192,71
DA:193,71
DA:194,71
DA:195,71
DA:196,71
DA:197,6
DA:198,6
DA:199,6
DA:200,6
DA:201,6
DA:202,6
DA:203,6
DA:204,6
DA:205,6
DA:206,6
DA:207,6
DA:208,6
DA:209,6
DA:210,6
DA:211,8
DA:212,1
DA:213,1
DA:214,8
DA:215,1
DA:216,1
DA:217,8
DA:218,1
DA:219,1
DA:220,8
DA:221,2
DA:222,2
DA:223,1
DA:224,1
DA:225,8
DA:226,4
DA:227,4
DA:228,4
DA:229,4
DA:230,4
DA:231,4
DA:232,4
DA:233,4
DA:234,4
DA:235,4
DA:236,4
DA:237,4
DA:238,25
DA:239,25
DA:240,25
DA:241,25
DA:242,25
DA:243,2
DA:244,2
DA:245,23
DA:246,25
DA:247,2
DA:248,2
DA:249,21
DA:250,25
DA:251,1
DA:252,1
DA:253,20
DA:254,25
DA:255,1
DA:256,1
DA:257,19
DA:258,25
DA:259,1
DA:260,1
DA:261,18
DA:262,25
DA:263,1
DA:264,1
DA:265,17
DA:266,17
DA:267,17
DA:268,25
DA:269,1
DA:270,1
DA:271,16
DA:272,25
DA:273,1
DA:274,1
DA:275,15
DA:276,15
DA:277,15
DA:278,15
DA:279,15
DA:280,15
DA:281,15
DA:282,25
DA:283,1
DA:284,1
DA:285,14
DA:286,14
DA:287,14
DA:288,14
DA:289,14
DA:290,25
DA:291,1
DA:292,1
DA:293,13
DA:294,13
DA:295,13
DA:296,13
DA:297,13
DA:298,13
DA:299,13
DA:300,13
DA:301,13
DA:302,13
DA:303,13
DA:304,25
DA:305,1
DA:306,1
DA:307,12
DA:308,12
DA:309,12
DA:310,12
DA:311,12
DA:312,12
DA:313,25
DA:314,1
DA:315,1
DA:316,11
DA:317,11
DA:318,25
DA:319,4
DA:320,4
DA:321,4
DA:322,4
DA:323,4
DA:324,4
DA:325,4
DA:326,4
DA:327,4
DA:328,4
DA:329,4
DA:330,4
DA:331,5
DA:332,5
DA:333,5
DA:334,5
DA:335,5
DA:336,5
DA:337,5
DA:338,5
DA:339,5
DA:340,5
DA:341,5
DA:342,5
DA:343,5
DA:344,5
DA:345,5
DA:346,35
DA:347,5
DA:348,5
DA:349,5
DA:350,5
DA:351,4
DA:352,4
DA:353,4
DA:354,4
DA:355,4
DA:356,4
DA:357,4
DA:358,4
DA:359,4
DA:360,4
DA:361,4
DA:362,4
DA:363,4
DA:364,4
DA:365,4
DA:366,4
DA:367,4
DA:368,4
DA:369,4
DA:370,4
DA:371,4
DA:372,4
DA:373,4
DA:374,4
DA:375,4
DA:376,4
DA:377,4
DA:378,4
DA:379,4
DA:380,4
DA:381,4
DA:382,4
DA:383,4
DA:384,4
DA:385,4
DA:386,4
DA:387,4
DA:388,4
DA:389,4
DA:390,4
DA:391,4
DA:392,4
DA:393,4
DA:394,4
DA:395,4
DA:396,4
DA:397,4
DA:398,4
DA:399,4
DA:400,4
DA:401,4
DA:402,4
DA:403,4
DA:404,4
DA:405,4
DA:406,4
DA:407,4
DA:408,4
DA:409,4
DA:410,4
DA:411,4
DA:412,4
DA:413,4
DA:414,4
DA:415,4
DA:416,4
DA:417,4
DA:418,4
DA:419,4
DA:420,4
DA:421,4
DA:422,4
DA:423,4
DA:424,4
DA:425,4
DA:426,4
DA:427,4
DA:428,4
DA:429,1
DA:430,1
DA:431,3
DA:432,3
DA:433,3
DA:434,3
DA:435,3
DA:436,3
DA:437,3
DA:438,3
DA:439,3
DA:440,3
DA:441,3
DA:442,3
DA:443,3
DA:444,3
DA:445,3
DA:446,3
DA:447,3
DA:448,4
DA:449,2
DA:450,2
DA:451,2
DA:452,2
DA:453,2
DA:454,2
DA:455,2
DA:456,2
DA:457,2
DA:458,1
DA:459,1
DA:460,1
DA:461,1
DA:462,1
DA:463,4
DA:464,1
DA:465,1
DA:466,4
DA:467,4
DA:468,4
DA:469,4
DA:470,4
DA:471,4
DA:472,4
DA:473,4
DA:474,4
DA:475,4
DA:476,4
DA:477,4
DA:478,4
DA:479,4
DA:480,4
DA:481,4
DA:482,4
DA:483,4
DA:484,2
DA:485,2
DA:486,2
DA:487,2
DA:488,2
DA:489,2
DA:490,2
DA:491,2
DA:492,2
DA:493,2
DA:494,2
DA:495,2
DA:496,2
DA:497,2
DA:498,2
DA:499,2
DA:500,2
DA:501,2
DA:502,2
DA:503,2
DA:504,2
DA:505,2
DA:506,2
DA:507,2
DA:508,2
DA:509,2
DA:510,2
DA:511,2
DA:512,2
DA:513,2
DA:514,2
DA:515,2
DA:516,2
DA:517,2
DA:518,2
DA:519,2
DA:520,2
DA:521,2
DA:522,2
DA:523,2
DA:524,2
DA:525,2
DA:526,2
DA:527,2
DA:528,2
DA:529,2
DA:530,2
DA:531,2
DA:532,2
DA:533,2
DA:534,2
DA:535,2
DA:536,2
DA:537,2
DA:538,2
DA:539,2
DA:540,2
DA:541,2
DA:542,2
DA:543,2
DA:544,2
DA:545,2
DA:546,2
DA:547,2
DA:548,2
DA:549,2
DA:550,2
DA:551,2
DA:552,2
DA:553,2
DA:554,2
DA:555,2
DA:556,2
DA:557,2
DA:558,2
DA:559,2
DA:560,2
DA:561,2
DA:562,2
DA:563,2
DA:564,2
DA:565,2
DA:566,2
DA:567,2
DA:568,2
DA:569,2
DA:570,2
DA:571,2
DA:572,4
DA:573,4
DA:574,4
DA:575,4
DA:576,4
DA:577,4
DA:578,4
DA:579,4
DA:580,4
DA:581,10
DA:582,10
DA:583,10
DA:584,9
DA:585,10
DA:586,2
DA:587,2
DA:588,8
DA:589,8
DA:590,8
DA:591,8
DA:592,10
DA:593,1
DA:594,1
DA:595,7
DA:596,7
DA:597,10
DA:598,1
DA:599,1
DA:600,6
DA:601,6
DA:602,10
DA:603,2
DA:604,2
DA:605,10
DA:606,2
DA:607,2
DA:608,2
DA:609,2
DA:610,10
DA:611,1
DA:612,1
DA:613,1
DA:614,1
DA:615,1
DA:616,1
DA:617,1
DA:618,10
DA:619,4
DA:620,4
DA:621,4
DA:622,4
DA:623,4
DA:624,4
DA:625,4
DA:626,4
DA:627,4
DA:628,8
DA:629,8
DA:630,1
DA:631,1
DA:632,7
DA:633,7
DA:634,7
DA:635,8
DA:636,1
DA:637,1
DA:638,6
DA:639,6
DA:640,6
DA:641,8
DA:642,1
DA:643,1
DA:644,8
DA:645,1
DA:646,1
DA:647,4
DA:648,4
DA:649,4
DA:650,8
DA:651,1
DA:652,1
DA:653,3
DA:654,3
DA:655,8
DA:656,1
DA:657,1
DA:658,2
DA:659,8
DA:660,1
DA:661,1
DA:662,1
DA:663,1
DA:664,1
DA:665,1
DA:666,1
DA:667,8
DA:668,4
DA:669,4
DA:670,4
DA:671,4
DA:672,4
DA:673,4
DA:674,4
DA:675,4
DA:676,4
DA:677,14
DA:678,14
DA:679,1
DA:680,1
DA:681,13
DA:682,13
DA:683,14
DA:684,3
DA:685,3
DA:686,3
DA:687,1
DA:688,1
DA:689,1
DA:690,1
DA:691,3
DA:692,2
DA:693,2
DA:694,3
DA:695,11
DA:696,11
DA:697,11
DA:698,11
DA:699,10
DA:700,10
DA:701,10
DA:702,10
DA:703,10
DA:704,10
DA:705,10
DA:706,10
DA:707,10
DA:708,10
DA:709,10
DA:710,10
DA:711,10
DA:712,10
DA:713,10
DA:714,10
DA:715,10
DA:716,10
DA:717,10
DA:718,10
DA:719,10
DA:720,10
DA:721,10
DA:722,10
DA:723,10
DA:724,10
DA:725,10
DA:726,10
DA:727,10
DA:728,10
DA:729,10
DA:730,10
DA:731,10
DA:732,14
DA:733,1
DA:734,1
DA:735,14
DA:736,1
DA:737,1
DA:738,14
DA:739,1
DA:740,1
DA:741,14
DA:742,1
DA:743,1
DA:744,14
DA:745,1
DA:746,1
DA:747,14
DA:748,1
DA:749,1
DA:750,14
DA:751,1
DA:752,1
DA:753,3
DA:754,3
DA:755,3
DA:756,3
DA:757,3
DA:758,3
DA:759,3
DA:760,3
DA:761,3
DA:762,3
DA:763,3
DA:764,3
DA:765,14
DA:766,3
DA:767,3
DA:768,2
DA:769,4
DA:770,2
DA:771,3
DA:772,1
DA:773,1
DA:774,3
DA:775,3
DA:776,3
DA:777,3
DA:778,14
DA:779,3
DA:780,3
DA:781,2
DA:782,6
DA:783,2
DA:784,3
DA:785,1
DA:786,1
DA:787,3
DA:788,3
DA:789,3
DA:790,14
DA:791,4
DA:792,4
DA:793,4
LF:793
LH:793
BRDA:1,0,0,4
BRDA:16,1,0,174
BRDA:28,2,0,174
BRDA:41,3,0,20
BRDA:45,4,0,1
BRDA:48,5,0,19
BRDA:51,6,0,5
BRDA:56,7,0,4
BRDA:56,8,0,2
BRDA:59,9,0,3
BRDA:60,10,0,2
BRDA:60,11,0,2
BRDA:63,12,0,1
BRDA:85,13,0,18
BRDA:110,14,0,380
BRDA:126,15,0,18
BRDA:131,16,0,163
BRDA:133,17,0,1
BRDA:138,18,0,330
BRDA:140,19,0,1
BRDA:145,20,0,163
BRDA:164,21,0,330
BRDA:166,22,0,1
BRDA:166,23,0,1
BRDA:166,24,0,1
BRDA:176,25,0,8
BRDA:179,26,0,1
BRDA:182,27,0,7
BRDA:182,28,0,1
BRDA:185,29,0,6
BRDA:191,30,0,71
BRDA:197,31,0,6
BRDA:211,32,0,1
BRDA:214,33,0,5
BRDA:214,34,0,1
BRDA:217,35,0,4
BRDA:217,36,0,1
BRDA:220,37,0,3
BRDA:220,38,0,2
BRDA:223,39,0,1
BRDA:237,40,0,25
BRDA:242,41,0,24
BRDA:242,42,0,2
BRDA:245,43,0,23
BRDA:246,44,0,22
BRDA:246,45,0,2
BRDA:249,46,0,21
BRDA:250,47,0,1
BRDA:253,48,0,20
BRDA:254,49,0,1
BRDA:257,50,0,19
BRDA:258,51,0,1
BRDA:261,52,0,18
BRDA:262,53,0,1
BRDA:265,54,0,17
BRDA:268,55,0,16
BRDA:268,56,0,1
BRDA:271,57,0,16
BRDA:272,58,0,1
BRDA:275,59,0,15
BRDA:282,60,0,1
BRDA:285,61,0,14
BRDA:290,62,0,1
BRDA:293,63,0,13
BRDA:304,64,0,1
BRDA:307,65,0,12
BRDA:313,66,0,11
BRDA:313,67,0,1
BRDA:316,68,0,11
BRDA:330,69,0,5
BRDA:345,70,0,35
BRDA:362,71,0,4
BRDA:428,72,0,1
BRDA:431,73,0,3
BRDA:448,74,0,2
BRDA:457,75,0,1
BRDA:463,76,0,1
BRDA:483,77,0,2
BRDA:551,78,0,1
BRDA:552,79,0,1
BRDA:580,80,0,10
BRDA:583,81,0,9
BRDA:585,82,0,2
BRDA:588,83,0,8
BRDA:592,84,0,1
BRDA:595,85,0,7
BRDA:597,86,0,1
BRDA:600,87,0,6
BRDA:602,88,0,5
BRDA:602,89,0,2
BRDA:605,90,0,4
BRDA:605,91,0,2
BRDA:605,92,0,2
BRDA:610,93,0,1
BRDA:627,94,0,8
BRDA:629,95,0,1
BRDA:632,96,0,7
BRDA:635,97,0,1
BRDA:638,98,0,6
BRDA:641,99,0,1
BRDA:644,100,0,5
BRDA:644,101,0,4
BRDA:644,102,0,1
BRDA:647,103,0,4
BRDA:650,104,0,1
BRDA:653,105,0,3
BRDA:655,106,0,1
BRDA:658,107,0,2
BRDA:659,108,0,1
BRDA:659,109,0,1
BRDA:676,110,0,14
BRDA:678,111,0,4
BRDA:678,112,0,1
BRDA:681,113,0,13
BRDA:683,114,0,3
BRDA:686,115,0,2
BRDA:686,116,0,1
BRDA:691,117,0,2
BRDA:695,118,0,11
BRDA:699,119,0,10
BRDA:732,120,0,1
BRDA:735,121,0,9
BRDA:735,122,0,1
BRDA:738,123,0,8
BRDA:738,124,0,1
BRDA:741,125,0,7
BRDA:741,126,0,1
BRDA:744,127,0,6
BRDA:744,128,0,1
BRDA:747,129,0,5
BRDA:747,130,0,1
BRDA:750,131,0,4
BRDA:750,132,0,1
BRDA:753,133,0,3
BRDA:765,134,0,3
BRDA:767,135,0,2
BRDA:771,136,0,1
BRDA:778,137,0,3
BRDA:780,138,0,2
BRDA:784,139,0,1
BRDA:768,140,0,4
BRDA:781,141,0,6
BRF:142
BRH:142
end_of_record
TN:
SF:src/lib/lti13.js
FN:17,<instance_members_initializer>
FN:33,LTI13Utils
FN:52,authRequest
FN:149,launchRequest
FN:238,getAccessToken
FN:307,getLMSDetails
FN:360,createToolToken
FN:387,sendRegistrationResponse
FN:462,postAGSGrade
FN:506,sendDeepLinkResponse
FN:539,validateAuthRequest
FN:608,buildLaunchJWT
FN:699,validateTokenRequest
FN:806,validateAGSGradePassback
FN:858,handleDynamicRegistrationRequest
FNF:15
FNH:10
FNDA:189,<instance_members_initializer>
FNDA:189,LTI13Utils
FNDA:11,authRequest
FNDA:10,launchRequest
FNDA:10,getAccessToken
FNDA:12,getLMSDetails
FNDA:5,createToolToken
FNDA:8,sendRegistrationResponse
FNDA:2,postAGSGrade
FNDA:1,sendDeepLinkResponse
FNDA:0,validateAuthRequest
FNDA:0,buildLaunchJWT
FNDA:0,validateTokenRequest
FNDA:0,validateAGSGradePassback
FNDA:0,handleDynamicRegistrationRequest
DA:1,5
DA:2,5
DA:3,5
DA:4,5
DA:5,5
DA:6,5
DA:7,5
DA:8,5
DA:9,5
DA:10,5
DA:11,5
DA:12,5
DA:13,5
DA:14,5
DA:15,5
DA:16,5
DA:17,5
DA:18,189
DA:19,189
DA:20,189
DA:21,189
DA:22,189
DA:23,189
DA:24,189
DA:25,5
DA:26,5
DA:27,5
DA:28,5
DA:29,5
DA:30,5
DA:31,5
DA:32,5
DA:33,5
DA:34,189
DA:35,189
DA:36,189
DA:37,189
DA:38,189
DA:39,189
DA:40,189
DA:41,189
DA:42,189
DA:43,189
DA:44,5
DA:45,5
DA:46,5
DA:47,5
DA:48,5
DA:49,5
DA:50,5
DA:51,5
DA:52,5
DA:53,11
DA:54,11
DA:55,11
DA:56,11
DA:57,11
DA:58,11
DA:59,11
DA:60,11
DA:61,1
DA:62,1
DA:63,10
DA:64,11
DA:65,1
DA:66,1
DA:67,9
DA:68,9
DA:69,9
DA:70,9
DA:71,9
DA:72,11
DA:73,1
DA:74,1
DA:75,8
DA:76,11
DA:77,1
DA:78,1
DA:79,7
DA:80,7
DA:81,7
DA:82,7
DA:83,7
DA:84,7
DA:85,7
DA:86,7
DA:87,7
DA:88,11
DA:89,1
DA:90,1
DA:91,1
DA:92,1
DA:93,1
DA:94,1
DA:95,1
DA:96,6
DA:97,6
DA:98,11
DA:99,2
DA:100,2
DA:101,4
DA:102,4
DA:103,4
DA:104,4
DA:105,4
DA:106,4
DA:107,4
DA:108,4
DA:109,4
DA:110,4
DA:111,4
DA:112,4
DA:113,4
DA:114,11
DA:115,1
DA:116,1
DA:117,2
DA:118,2
DA:119,2
DA:120,2
DA:121,2
DA:122,2
DA:123,2
DA:124,2
DA:125,2
DA:126,2
DA:127,2
DA:128,2
DA:129,2
DA:130,2
DA:131,2
DA:132,11
DA:133,1
DA:134,1
DA:135,2
DA:136,2
DA:137,2
DA:138,2
DA:139,2
DA:140,2
DA:141,2
DA:142,11
DA:143,5
DA:144,5
DA:145,5
DA:146,5
DA:147,5
DA:148,5
DA:149,5
DA:150,10
DA:151,10
DA:152,1
DA:153,1
DA:154,9
DA:155,10
DA:156,1
DA:157,1
DA:158,8
DA:159,8
DA:160,8
DA:161,8
DA:162,8
DA:163,10
DA:164,1
DA:165,1
DA:166,7
DA:167,7
DA:168,7
DA:169,7
DA:170,7
DA:171,7
DA:172,7
DA:173,7
DA:174,7
DA:175,7
DA:176,7
DA:177,7
DA:178,7
DA:179,7
DA:180,7
DA:181,7
DA:182,6
DA:183,6
DA:184,6
DA:185,6
DA:186,6
DA:187,6
DA:188,6
DA:189,6
DA:190,6
DA:191,6
DA:192,6
DA:193,10
DA:194,1
DA:195,1
DA:196,5
DA:197,5
DA:198,5
DA:199,5
DA:200,5
DA:201,5
DA:202,5
DA:203,5
DA:204,5
DA:205,5
DA:206,5
DA:207,5
DA:208,5
DA:209,5
DA:210,5
DA:211,5
DA:212,5
DA:213,5
DA:214,5
DA:215,5
DA:216,10
DA:217,4
DA:218,4
DA:219,10
DA:220,2
DA:221,2
DA:222,3
DA:223,10
DA:224,2
DA:225,2
DA:226,1
DA:227,1
DA:228,1
DA:229,10
DA:230,5
DA:231,5
DA:232,5
DA:233,5
DA:234,5
DA:235,5
DA:236,5
DA:237,5
DA:238,5
DA:239,10
DA:240,10
DA:241,10
DA:242,1
DA:243,1
DA:244,10
DA:245,2
DA:246,2
DA:247,10
DA:248,1
DA:249,1
DA:250,10
DA:251,1
DA:252,1
DA:253,10
DA:254,1
DA:255,1
DA:256,4
DA:257,4
DA:258,4
DA:259,10
DA:260,1
DA:261,1
DA:262,3
DA:263,3
DA:264,3
DA:265,3
DA:266,3
DA:267,3
DA:268,3
DA:269,3
DA:270,3
DA:271,3
DA:272,3
DA:273,3
DA:274,3
DA:275,3
DA:276,3
DA:277,3
DA:278,3
DA:279,3
DA:280,3
DA:281,3
DA:282,3
DA:283,3
DA:284,3
DA:285,3
DA:286,3
DA:287,3
DA:288,3
DA:289,10
DA:290,1
DA:291,1
DA:292,10
DA:293,1
DA:294,1
DA:295,1
DA:296,1
DA:297,1
DA:298,10
DA:299,5
DA:300,5
DA:301,5
DA:302,5
DA:303,5
DA:304,5
DA:305,5
DA:306,5
DA:307,5
DA:308,12
DA:309,1
DA:310,1
DA:311,11
DA:312,11
DA:313,11
DA:314,12
DA:315,1
DA:316,1
DA:317,1
DA:318,10
DA:319,12
DA:320,1
DA:321,1
DA:322,12
DA:323,1
DA:324,1
DA:325,12
DA:326,1
DA:327,1
DA:328,7
DA:329,12
DA:330,1
DA:331,1
DA:332,12
DA:333,1
DA:334,1
DA:335,12
DA:336,1
DA:337,1
DA:338,4
DA:339,12
DA:340,1
DA:341,1
DA:342,3
DA:343,12
DA:344,1
DA:345,1
DA:346,12
DA:347,1
DA:348,1
DA:349,1
DA:350,12
DA:351,5
DA:352,5
DA:353,5
DA:354,5
DA:355,5
DA:356,5
DA:357,5
DA:358,5
DA:359,5
DA:360,5
DA:361,5
DA:362,5
DA:363,5
DA:364,5
DA:365,5
DA:366,1
DA:367,1
DA:368,3
DA:369,3
DA:370,3
DA:371,3
DA:372,3
DA:373,3
DA:374,1
DA:375,5
DA:376,5
DA:377,5
DA:378,5
DA:379,5
DA:380,5
DA:381,5
DA:382,5
DA:383,5
DA:384,5
DA:385,5
DA:386,5
DA:387,5
DA:388,8
DA:389,8
DA:390,8
DA:391,8
DA:392,7
DA:393,7
DA:394,8
DA:395,8
DA:396,8
DA:397,8
DA:398,8
DA:399,8
DA:400,8
DA:401,8
DA:402,8
DA:403,8
DA:404,8
DA:405,8
DA:406,8
DA:407,2
DA:408,2
DA:409,1
DA:410,1
DA:411,1
DA:412,2
DA:413,2
DA:414,2
DA:415,2
DA:416,6
DA:417,6
DA:418,6
DA:419,8
DA:420,5
DA:421,5
DA:422,8
DA:423,1
DA:424,1
DA:425,1
DA:426,1
DA:427,5
DA:428,5
DA:429,8
DA:430,1
DA:431,1
DA:432,4
DA:433,8
DA:434,2
DA:435,8
DA:436,1
DA:437,1
DA:438,3
DA:439,3
DA:440,3
DA:441,3
DA:442,3
DA:443,3
DA:444,8
DA:445,8
DA:446,8
DA:447,8
DA:448,8
DA:449,3
DA:450,3
DA:451,3
DA:452,3
DA:453,8
DA:454,5
DA:455,5
DA:456,5
DA:457,5
DA:458,5
DA:459,5
DA:460,5
DA:461,5
DA:462,5
DA:463,2
DA:464,2
DA:465,2
DA:466,2
DA:467,2
DA:468,2
DA:469,2
DA:470,2
DA:471,2
DA:472,2
DA:473,2
DA:474,2
DA:475,2
DA:476,2
DA:477,2
DA:478,2
DA:479,2
DA:480,2
DA:481,2
DA:482,2
DA:483,2
DA:484,2
DA:485,2
DA:486,2
DA:487,2
DA:488,2
DA:489,1
DA:490,1
DA:491,1
DA:492,1
DA:493,1
DA:494,2
DA:495,5
DA:496,5
DA:497,5
DA:498,5
DA:499,5
DA:500,5
DA:501,5
DA:502,5
DA:503,5
DA:504,5
DA:505,5
DA:506,5
DA:507,1
DA:508,1
DA:509,1
DA:510,1
DA:511,1
DA:512,1
DA:513,1
DA:514,1
DA:515,1
DA:516,1
DA:517,1
DA:518,1
DA:519,1
DA:520,1
DA:521,1
DA:522,1
DA:523,1
DA:524,1
DA:525,1
DA:526,1
DA:527,1
DA:528,1
DA:529,1
DA:530,1
DA:531,5
DA:532,5
DA:533,5
DA:534,5
DA:535,5
DA:536,5
DA:537,5
DA:538,5
DA:539,5
DA:540,0
DA:541,0
DA:542,0
DA:543,0
DA:544,0
DA:545,0
DA:546,0
DA:547,0
DA:548,0
DA:549,0
DA:550,0
DA:551,0
DA:552,0
DA:553,0
DA:554,0
DA:555,0
DA:556,0
DA:557,0
DA:558,0
DA:559,0
DA:560,0
DA:561,0
DA:562,0
DA:563,0
DA:564,0
DA:565,0
DA:566,0
DA:567,0
DA:568,0
DA:569,0
DA:570,0
DA:571,0
DA:572,0
DA:573,0
DA:574,0
DA:575,0
DA:576,0
DA:577,0
DA:578,0
DA:579,0
DA:580,0
DA:581,0
DA:582,0
DA:583,0
DA:584,0
DA:585,0
DA:586,0
DA:587,0
DA:588,0
DA:589,0
DA:590,0
DA:591,0
DA:592,0
DA:593,0
DA:594,0
DA:595,0
DA:596,0
DA:597,0
DA:598,0
DA:599,0
DA:600,5
DA:601,5
DA:602,5
DA:603,5
DA:604,5
DA:605,5
DA:606,5
DA:607,5
DA:608,5
DA:609,0
DA:610,0
DA:611,0
DA:612,0
DA:613,0
DA:614,0
DA:615,0
DA:616,0
DA:617,0
DA:618,0
DA:619,0
DA:620,0
DA:621,0
DA:622,0
DA:623,0
DA:624,0
DA:625,0
DA:626,0
DA:627,0
DA:628,0
DA:629,0
DA:630,0
DA:631,0
DA:632,0
DA:633,0
DA:634,0
DA:635,0
DA:636,0
DA:637,0
DA:638,0
DA:639,0
DA:640,0
DA:641,0
DA:642,0
DA:643,0
DA:644,0
DA:645,0
DA:646,0
DA:647,0
DA:648,0
DA:649,0
DA:650,0
DA:651,0
DA:652,0
DA:653,0
DA:654,0
DA:655,0
DA:656,0
DA:657,0
DA:658,0
DA:659,0
DA:660,0
DA:661,0
DA:662,0
DA:663,0
DA:664,0
DA:665,0
DA:666,0
DA:667,0
DA:668,0
DA:669,0
DA:670,0
DA:671,0
DA:672,0
DA:673,0
DA:674,0
DA:675,0
DA:676,0
DA:677,0
DA:678,0
DA:679,0
DA:680,0
DA:681,0
DA:682,0
DA:683,0
DA:684,0
DA:685,0
DA:686,0
DA:687,0
DA:688,0
DA:689,0
DA:690,0
DA:691,5
DA:692,5
DA:693,5
DA:694,5
DA:695,5
DA:696,5
DA:697,5
DA:698,5
DA:699,5
DA:700,0
DA:701,0
DA:702,0
DA:703,0
DA:704,0
DA:705,0
DA:706,0
DA:707,0
DA:708,0
DA:709,0
DA:710,0
DA:711,0
DA:712,0
DA:713,0
DA:714,0
DA:715,0
DA:716,0
DA:717,0
DA:718,0
DA:719,0
DA:720,0
DA:721,0
DA:722,0
DA:723,0
DA:724,0
DA:725,0
DA:726,0
DA:727,0
DA:728,0
DA:729,0
DA:730,0
DA:731,0
DA:732,0
DA:733,0
DA:734,0
DA:735,0
DA:736,0
DA:737,0
DA:738,0
DA:739,0
DA:740,0
DA:741,0
DA:742,0
DA:743,0
DA:744,0
DA:745,0
DA:746,0
DA:747,0
DA:748,0
DA:749,0
DA:750,0
DA:751,0
DA:752,0
DA:753,0
DA:754,0
DA:755,0
DA:756,0
DA:757,0
DA:758,0
DA:759,0
DA:760,0
DA:761,0
DA:762,0
DA:763,0
DA:764,0
DA:765,0
DA:766,0
DA:767,0
DA:768,0
DA:769,0
DA:770,0
DA:771,0
DA:772,0
DA:773,0
DA:774,0
DA:775,0
DA:776,0
DA:777,0
DA:778,0
DA:779,0
DA:780,0
DA:781,0
DA:782,0
DA:783,0
DA:784,0
DA:785,0
DA:786,0
DA:787,0
DA:788,0
DA:789,0
DA:790,0
DA:791,0
DA:792,0
DA:793,0
DA:794,0
DA:795,0
DA:796,0
DA:797,0
DA:798,5
DA:799,5
DA:800,5
DA:801,5
DA:802,5
DA:803,5
DA:804,5
DA:805,5
DA:806,5
DA:807,0
DA:808,0
DA:809,0
DA:810,0
DA:811,0
DA:812,0
DA:813,0
DA:814,0
DA:815,0
DA:816,0
DA:817,0
DA:818,0
DA:819,0
DA:820,0
DA:821,0
DA:822,0
DA:823,0
DA:824,0
DA:825,0
DA:826,0
DA:827,0
DA:828,0
DA:829,0
DA:830,0
DA:831,0
DA:832,0
DA:833,0
DA:834,0
DA:835,0
DA:836,0
DA:837,0
DA:838,0
DA:839,0
DA:840,0
DA:841,0
DA:842,0
DA:843,0
DA:844,0
DA:845,0
DA:846,0
DA:847,0
DA:848,0
DA:849,0
DA:850,5
DA:851,5
DA:852,5
DA:853,5
DA:854,5
DA:855,5
DA:856,5
DA:857,5
DA:858,5
DA:859,0
DA:860,0
DA:861,0
DA:862,0
DA:863,0
DA:864,0
DA:865,0
DA:866,0
DA:867,0
DA:868,0
DA:869,0
DA:870,0
DA:871,0
DA:872,0
DA:873,0
DA:874,0
DA:875,0
DA:876,0
DA:877,0
DA:878,0
DA:879,0
DA:880,0
DA:881,0
DA:882,0
DA:883,0
DA:884,0
DA:885,0
DA:886,0
DA:887,0
DA:888,0
DA:889,0
DA:890,0
DA:891,0
DA:892,0
DA:893,0
DA:894,0
DA:895,0
DA:896,5
DA:897,5
DA:898,5
LF:898
LH:578
BRDA:1,0,0,5
BRDA:17,1,0,189
BRDA:33,2,0,189
BRDA:52,3,0,11
BRDA:60,4,0,1
BRDA:63,5,0,10
BRDA:64,6,0,1
BRDA:67,7,0,9
BRDA:72,8,0,1
BRDA:75,9,0,8
BRDA:76,10,0,1
BRDA:79,11,0,7
BRDA:88,12,0,1
BRDA:96,13,0,6
BRDA:98,14,0,5
BRDA:98,15,0,2
BRDA:101,16,0,4
BRDA:114,17,0,3
BRDA:114,18,0,1
BRDA:117,19,0,2
BRDA:132,20,0,1
BRDA:135,21,0,2
BRDA:149,22,0,10
BRDA:151,23,0,1
BRDA:154,24,0,9
BRDA:155,25,0,1
BRDA:158,26,0,8
BRDA:163,27,0,1
BRDA:166,28,0,7
BRDA:182,29,0,6
BRDA:193,30,0,5
BRDA:193,31,0,1
BRDA:196,32,0,5
BRDA:216,33,0,4
BRDA:217,34,0,1
BRDA:219,35,0,2
BRDA:222,36,0,3
BRDA:223,37,0,2
BRDA:223,38,0,2
BRDA:226,39,0,1
BRDA:238,40,0,10
BRDA:241,41,0,1
BRDA:244,42,0,9
BRDA:244,43,0,2
BRDA:247,44,0,7
BRDA:247,45,0,1
BRDA:250,46,0,6
BRDA:250,47,0,1
BRDA:253,48,0,5
BRDA:253,49,0,1
BRDA:256,50,0,4
BRDA:259,51,0,1
BRDA:262,52,0,3
BRDA:289,53,0,2
BRDA:289,54,0,1
BRDA:292,55,0,2
BRDA:292,56,0,1
BRDA:307,57,0,12
BRDA:308,58,0,1
BRDA:311,59,0,11
BRDA:314,60,0,10
BRDA:314,61,0,1
BRDA:318,62,0,10
BRDA:319,63,0,1
BRDA:322,64,0,9
BRDA:322,65,0,1
BRDA:325,66,0,8
BRDA:325,67,0,1
BRDA:328,68,0,7
BRDA:329,69,0,1
BRDA:332,70,0,6
BRDA:332,71,0,1
BRDA:335,72,0,5
BRDA:335,73,0,1
BRDA:338,74,0,4
BRDA:339,75,0,1
BRDA:342,76,0,3
BRDA:343,77,0,1
BRDA:346,78,0,2
BRDA:346,79,0,1
BRDA:360,80,0,5
BRDA:365,81,0,4
BRDA:365,82,0,1
BRDA:368,83,0,3
BRDA:374,84,0,1
BRDA:387,85,0,8
BRDA:391,86,0,7
BRDA:406,87,0,6
BRDA:406,88,0,2
BRDA:408,89,0,1
BRDA:416,90,0,6
BRDA:419,91,0,5
BRDA:422,92,0,1
BRDA:427,93,0,5
BRDA:429,94,0,1
BRDA:432,95,0,4
BRDA:433,96,0,2
BRDA:435,97,0,1
BRDA:438,98,0,3
BRDA:444,99,0,1
BRDA:449,100,0,3
BRDA:462,101,0,2
BRDA:488,102,0,1
BRDA:506,103,0,1
BRF:104
BRH:104
end_of_record
TN:
SF:src/middlewares/lti13_token.js
FN:3,setupLTI13TokenMiddleware
FN:8,lti13Token
FNF:2
FNH:2
FNDA:25,setupLTI13TokenMiddleware
FNDA:9,lti13Token
DA:1,2
DA:2,2
DA:3,25
DA:4,25
DA:5,25
DA:6,25
DA:7,25
DA:8,25
DA:9,9
DA:10,9
DA:11,9
DA:12,9
DA:13,1
DA:14,1
DA:15,1
DA:16,8
DA:17,8
DA:18,8
DA:19,8
DA:20,8
DA:21,9
DA:22,1
DA:23,1
DA:24,1
DA:25,7
DA:26,7
DA:27,9
DA:28,1
DA:29,1
DA:30,1
DA:31,6
DA:32,6
DA:33,6
DA:34,9
DA:35,1
DA:36,1
DA:37,1
DA:38,4
DA:39,4
DA:40,9
DA:41,1
DA:42,1
DA:43,1
DA:44,3
DA:45,3
DA:46,3
DA:47,3
DA:48,3
DA:49,3
DA:50,3
DA:51,3
DA:52,1
DA:53,1
DA:54,1
DA:55,3
DA:56,1
DA:57,1
DA:58,1
DA:59,1
DA:60,1
DA:61,1
DA:62,1
DA:63,25
DA:64,25
DA:65,2
DA:66,2
LF:66
LH:66
BRDA:1,0,0,2
BRDA:3,1,0,25
BRDA:8,2,0,9
BRDA:12,3,0,8
BRDA:12,4,0,1
BRDA:16,5,0,8
BRDA:21,6,0,7
BRDA:21,7,0,1
BRDA:25,8,0,7
BRDA:27,9,0,1
BRDA:31,10,0,6
BRDA:34,11,0,5
BRDA:34,12,0,1
BRDA:38,13,0,4
BRDA:40,14,0,1
BRDA:44,15,0,3
BRDA:51,16,0,1
BRDA:55,17,0,2
BRDA:55,18,0,1
BRF:19
BRH:19
end_of_record
TN:
SF:src/migrations/00_consumers.js
FN:16,up
FN:174,down
FNF:2
FNH:2
FNDA:5,up
FNDA:1,down
DA:1,1
DA:2,1
DA:3,1
DA:4,1
DA:5,1
DA:6,1
DA:7,1
DA:8,1
DA:9,1
DA:10,1
DA:11,1
DA:12,1
DA:13,1
DA:14,1
DA:15,1
DA:16,1
DA:17,5
DA:18,5
DA:19,5
DA:20,5
DA:21,5
DA:22,5
DA:23,5
DA:24,5
DA:25,5
DA:26,5
DA:27,5
DA:28,5
DA:29,5
DA:30,5
DA:31,5
DA:32,5
DA:33,5
DA:34,5
DA:35,5
DA:36,5
DA:37,5
DA:38,5
DA:39,5
DA:40,5
DA:41,5
DA:42,5
DA:43,5
DA:44,5
DA:45,5
DA:46,5
DA:47,5
DA:48,5
DA:49,5
DA:50,5
DA:51,5
DA:52,5
DA:53,5
DA:54,5
DA:55,5
DA:56,5
DA:57,5
DA:58,5
DA:59,5
DA:60,5
DA:61,5
DA:62,5
DA:63,5
DA:64,5
DA:65,5
DA:66,5
DA:67,5
DA:68,5
DA:69,5
DA:70,5
DA:71,5
DA:72,5
DA:73,5
DA:74,5
DA:75,5
DA:76,5
DA:77,5
DA:78,5
DA:79,5
DA:80,5
DA:81,5
DA:82,5
DA:83,5
DA:84,5
DA:85,5
DA:86,5
DA:87,5
DA:88,5
DA:89,5
DA:90,5
DA:91,5
DA:92,5
DA:93,5
DA:94,5
DA:95,5
DA:96,5
DA:97,5
DA:98,5
DA:99,5
DA:100,5
DA:101,5
DA:102,5
DA:103,5
DA:104,5
DA:105,5
DA:106,5
DA:107,5
DA:108,5
DA:109,5
DA:110,5
DA:111,5
DA:112,5
DA:113,5
DA:114,5
DA:115,5
DA:116,5
DA:117,5
DA:118,5
DA:119,5
DA:120,5
DA:121,5
DA:122,5
DA:123,5
DA:124,5
DA:125,5
DA:126,5
DA:127,5
DA:128,5
DA:129,5
DA:130,5
DA:131,5
DA:132,5
DA:133,5
DA:134,5
DA:135,5
DA:136,5
DA:137,5
DA:138,5
DA:139,5
DA:140,5
DA:141,5
DA:142,5
DA:143,5
DA:144,5
DA:145,5
DA:146,5
DA:147,5
DA:148,5
DA:149,5
DA:150,5
DA:151,5
DA:152,5
DA:153,5
DA:154,5
DA:155,5
DA:156,5
DA:157,5
DA:158,5
DA:159,5
DA:160,5
DA:161,5
DA:162,5
DA:163,5
DA:164,5
DA:165,5
DA:166,5
DA:167,1
DA:168,1
DA:169,1
DA:170,1
DA:171,1
DA:172,1
DA:173,1
DA:174,1
DA:175,1
DA:176,1
DA:177,1
DA:178,1
DA:179,1
LF:179
LH:179
BRDA:1,0,0,1
BRDA:16,1,0,5
BRF:2
BRH:2
end_of_record
TN:
SF:src/migrations/00_providers.js
FN:16,up
FN:164,down
FNF:2
FNH:2
FNDA:5,up
FNDA:1,down
DA:1,1
DA:2,1
DA:3,1
DA:4,1
DA:5,1
DA:6,1
DA:7,1
DA:8,1
DA:9,1
DA:10,1
DA:11,1
DA:12,1
DA:13,1
DA:14,1
DA:15,1
DA:16,1
DA:17,5
DA:18,5
DA:19,5
DA:20,5
DA:21,5
DA:22,5
DA:23,5
DA:24,5
DA:25,5
DA:26,5
DA:27,5
DA:28,5
DA:29,5
DA:30,5
DA:31,5
DA:32,5
DA:33,5
DA:34,5
DA:35,5
DA:36,5
DA:37,5
DA:38,5
DA:39,5
DA:40,5
DA:41,5
DA:42,5
DA:43,5
DA:44,5
DA:45,5
DA:46,5
DA:47,5
DA:48,5
DA:49,5
DA:50,5
DA:51,5
DA:52,5
DA:53,5
DA:54,5
DA:55,5
DA:56,5
DA:57,5
DA:58,5
DA:59,5
DA:60,5
DA:61,5
DA:62,5
DA:63,5
DA:64,5
DA:65,5
DA:66,5
DA:67,5
DA:68,5
DA:69,5
DA:70,5
DA:71,5
DA:72,5
DA:73,5
DA:74,5
DA:75,5
DA:76,5
DA:77,5
DA:78,5
DA:79,5
DA:80,5
DA:81,5
DA:82,5
DA:83,5
DA:84,5
DA:85,5
DA:86,5
DA:87,5
DA:88,5
DA:89,5
DA:90,5
DA:91,5
DA:92,5
DA:93,5
DA:94,5
DA:95,5
DA:96,5
DA:97,5
DA:98,5
DA:99,5
DA:100,5
DA:101,5
DA:102,5
DA:103,5
DA:104,5
DA:105,5
DA:106,5
DA:107,5
DA:108,5
DA:109,5
DA:110,5
DA:111,5
DA:112,5
DA:113,5
DA:114,5
DA:115,5
DA:116,5
DA:117,5
DA:118,5
DA:119,5
DA:120,5
DA:121,5
DA:122,5
DA:123,5
DA:124,5
DA:125,5
DA:126,5
DA:127,5
DA:128,5
DA:129,5
DA:130,5
DA:131,5
DA:132,5
DA:133,5
DA:134,5
DA:135,5
DA:136,5
DA:137,5
DA:138,5
DA:139,5
DA:140,5
DA:141,5
DA:142,5
DA:143,5
DA:144,5
DA:145,5
DA:146,5
DA:147,5
DA:148,5
DA:149,5
DA:150,5
DA:151,5
DA:152,5
DA:153,5
DA:154,5
DA:155,5
DA:156,5
DA:157,1
DA:158,1
DA:159,1
DA:160,1
DA:161,1
DA:162,1
DA:163,1
DA:164,1
DA:165,1
DA:166,1
DA:167,1
DA:168,1
DA:169,1
LF:169
LH:169
BRDA:1,0,0,1
BRDA:16,1,0,5
BRF:2
BRH:2
end_of_record
TN:
SF:src/models/models.js
FN:22,configureModels
FN:141,clearExpired
FN:170,initializeExpiration
FNF:3
FNH:3
FNDA:25,configureModels
FNDA:4,clearExpired
FNDA:15,initializeExpiration
DA:1,2
DA:2,2
DA:3,2
DA:4,2
DA:5,2
DA:6,2
DA:7,2
DA:8,2
DA:9,2
DA:10,2
DA:11,2
DA:12,2
DA:13,2
DA:14,2
DA:15,2
DA:16,2
DA:17,2
DA:18,2
DA:19,2
DA:20,2
DA:21,2
DA:22,2
DA:23,25
DA:24,25
DA:25,25
DA:26,25
DA:27,25
DA:28,25
DA:29,25
DA:30,25
DA:31,25
DA:32,25
DA:33,25
DA:34,25
DA:35,25
DA:36,25
DA:37,25
DA:38,25
DA:39,25
DA:40,25
DA:41,25
DA:42,25
DA:43,25
DA:44,25
DA:45,25
DA:46,25
DA:47,25
DA:48,25
DA:49,25
DA:50,25
DA:51,25
DA:52,25
DA:53,25
DA:54,25
DA:55,25
DA:56,25
DA:57,25
DA:58,25
DA:59,25
DA:60,25
DA:61,25
DA:62,25
DA:63,25
DA:64,25
DA:65,25
DA:66,25
DA:67,25
DA:68,25
DA:69,25
DA:70,25
DA:71,25
DA:72,25
DA:73,25
DA:74,25
DA:75,25
DA:76,25
DA:77,25
DA:78,25
DA:79,25
DA:80,25
DA:81,25
DA:82,25
DA:83,25
DA:84,25
DA:85,25
DA:86,25
DA:87,25
DA:88,25
DA:89,25
DA:90,25
DA:91,25
DA:92,25
DA:93,25
DA:94,25
DA:95,25
DA:96,25
DA:97,25
DA:98,25
DA:99,25
DA:100,25
DA:101,25
DA:102,25
DA:103,25
DA:104,25
DA:105,25
DA:106,25
DA:107,25
DA:108,25
DA:109,25
DA:110,25
DA:111,25
DA:112,25
DA:113,25
DA:114,25
DA:115,25
DA:116,25
DA:117,25
DA:118,25
DA:119,25
DA:120,25
DA:121,25
DA:122,25
DA:123,3
DA:124,3
DA:125,2
DA:126,2
DA:127,25
DA:128,25
DA:129,25
DA:130,5
DA:131,5
DA:132,5
DA:133,5
DA:134,5
DA:135,25
DA:136,25
DA:137,25
DA:138,25
DA:139,25
DA:140,25
DA:141,25
DA:142,4
DA:143,4
DA:144,4
DA:145,4
DA:146,4
DA:147,4
DA:148,4
DA:149,4
DA:150,4
DA:151,4
DA:152,4
DA:153,4
DA:154,4
DA:155,4
DA:156,4
DA:157,4
DA:158,4
DA:159,4
DA:160,4
DA:161,4
DA:162,4
DA:163,1
DA:164,1
DA:165,1
DA:166,1
DA:167,1
DA:168,4
DA:169,25
DA:170,25
DA:171,15
DA:172,15
DA:173,15
DA:174,15
DA:175,15
DA:176,25
DA:177,25
DA:178,25
DA:179,25
DA:180,25
DA:181,25
DA:182,25
DA:183,25
DA:184,25
DA:185,25
DA:186,25
DA:187,25
DA:188,25
DA:189,25
DA:190,25
LF:190
LH:190
BRDA:1,0,0,2
BRDA:22,1,0,25
BRDA:122,2,0,3
BRDA:124,3,0,2
BRDA:129,4,0,5
BRDA:141,5,0,4
BRDA:164,6,0,1
BRDA:145,7,0,4
BRDA:150,8,0,4
BRDA:155,9,0,4
BRDA:160,10,0,4
BRDA:170,11,0,15
BRF:12
BRH:12
end_of_record
TN:
SF:src/models/schemas.js
FN:97,set
FN:166,set
FN:174,set
FN:341,set
FN:354,set
FN:362,set
FN:370,set
FN:427,set
FN:435,set
FNF:9
FNH:9
FNDA:3,set
FNDA:3,set
FNDA:3,set
FNDA:5,set
FNDA:5,set
FNDA:5,set
FNDA:5,set
FNDA:2,set
FNDA:2,set
DA:1,2
DA:2,2
DA:3,2
DA:4,2
DA:5,2
DA:6,2
DA:7,2
DA:8,2
DA:9,2
DA:10,2
DA:11,2
DA:12,2
DA:13,2
DA:14,2
DA:15,2
DA:16,2
DA:17,2
DA:18,2
DA:19,2
DA:20,2
DA:21,2
DA:22,2
DA:23,2
DA:24,2
DA:25,2
DA:26,2
DA:27,2
DA:28,2
DA:29,2
DA:30,2
DA:31,2
DA:32,2
DA:33,2
DA:34,2
DA:35,2
DA:36,2
DA:37,2
DA:38,2
DA:39,2
DA:40,2
DA:41,2
DA:42,2
DA:43,2
DA:44,2
DA:45,2
DA:46,2
DA:47,2
DA:48,2
DA:49,2
DA:50,2
DA:51,2
DA:52,2
DA:53,2
DA:54,2
DA:55,2
DA:56,2
DA:57,2
DA:58,2
DA:59,2
DA:60,2
DA:61,2
DA:62,2
DA:63,2
DA:64,2
DA:65,2
DA:66,2
DA:67,2
DA:68,2
DA:69,2
DA:70,2
DA:71,2
DA:72,2
DA:73,2
DA:74,2
DA:75,2
DA:76,2
DA:77,2
DA:78,2
DA:79,2
DA:80,2
DA:81,2
DA:82,2
DA:83,2
DA:84,2
DA:85,2
DA:86,2
DA:87,2
DA:88,2
DA:89,2
DA:90,2
DA:91,2
DA:92,2
DA:93,2
DA:94,2
DA:95,2
DA:96,2
DA:97,2
DA:98,3
DA:99,2
DA:100,2
DA:101,2
DA:102,2
DA:103,2
DA:104,2
DA:105,2
DA:106,2
DA:107,2
DA:108,2
DA:109,2
DA:110,2
DA:111,2
DA:112,2
DA:113,2
DA:114,2
DA:115,2
DA:116,2
DA:117,2
DA:118,2
DA:119,2
DA:120,2
DA:121,2
DA:122,2
DA:123,2
DA:124,2
DA:125,2
DA:126,2
DA:127,2
DA:128,2
DA:129,2
DA:130,2
DA:131,2
DA:132,2
DA:133,2
DA:134,2
DA:135,2
DA:136,2
DA:137,2
DA:138,2
DA:139,2
DA:140,2
DA:141,2
DA:142,2
DA:143,2
DA:144,2
DA:145,2
DA:146,2
DA:147,2
DA:148,2
DA:149,2
DA:150,2
DA:151,2
DA:152,2
DA:153,2
DA:154,2
DA:155,2
DA:156,2
DA:157,2
DA:158,2
DA:159,2
DA:160,2
DA:161,2
DA:162,2
DA:163,2
DA:164,2
DA:165,2
DA:166,2
DA:167,3
DA:168,2
DA:169,2
DA:170,2
DA:171,2
DA:172,2
DA:173,2
DA:174,2
DA:175,3
DA:176,2
DA:177,2
DA:178,2
DA:179,2
DA:180,2
DA:181,2
DA:182,2
DA:183,2
DA:184,2
DA:185,2
DA:186,2
DA:187,2
DA:188,2
DA:189,2
DA:190,2
DA:191,2
DA:192,2
DA:193,2
DA:194,2
DA:195,2
DA:196,2
DA:197,2
DA:198,2
DA:199,2
DA:200,2
DA:201,2
DA:202,2
DA:203,2
DA:204,2
DA:205,2
DA:206,2
DA:207,2
DA:208,2
DA:209,2
DA:210,2
DA:211,2
DA:212,2
DA:213,2
DA:214,2
DA:215,2
DA:216,2
DA:217,2
DA:218,2
DA:219,2
DA:220,2
DA:221,2
DA:222,2
DA:223,2
DA:224,2
DA:225,2
DA:226,2
DA:227,2
DA:228,2
DA:229,2
DA:230,2
DA:231,2
DA:232,2
DA:233,2
DA:234,2
DA:235,2
DA:236,2
DA:237,2
DA:238,2
DA:239,2
DA:240,2
DA:241,2
DA:242,2
DA:243,2
DA:244,2
DA:245,2
DA:246,2
DA:247,2
DA:248,2
DA:249,2
DA:250,2
DA:251,2
DA:252,2
DA:253,2
DA:254,2
DA:255,2
DA:256,2
DA:257,2
DA:258,2
DA:259,2
DA:260,2
DA:261,2
DA:262,2
DA:263,2
DA:264,2
DA:265,2
DA:266,2
DA:267,2
DA:268,2
DA:269,2
DA:270,2
DA:271,2
DA:272,2
DA:273,2
DA:274,2
DA:275,2
DA:276,2
DA:277,2
DA:278,2
DA:279,2
DA:280,2
DA:281,2
DA:282,2
DA:283,2
DA:284,2
DA:285,2
DA:286,2
DA:287,2
DA:288,2
DA:289,2
DA:290,2
DA:291,2
DA:292,2
DA:293,2
DA:294,2
DA:295,2
DA:296,2
DA:297,2
DA:298,2
DA:299,2
DA:300,2
DA:301,2
DA:302,2
DA:303,2
DA:304,2
DA:305,2
DA:306,2
DA:307,2
DA:308,2
DA:309,2
DA:310,2
DA:311,2
DA:312,2
DA:313,2
DA:314,2
DA:315,2
DA:316,2
DA:317,2
DA:318,2
DA:319,2
DA:320,2
DA:321,2
DA:322,2
DA:323,2
DA:324,2
DA:325,2
DA:326,2
DA:327,2
DA:328,2
DA:329,2
DA:330,2
DA:331,2
DA:332,2
DA:333,2
DA:334,2
DA:335,2
DA:336,2
DA:337,2
DA:338,2
DA:339,2
DA:340,2
DA:341,2
DA:342,5
DA:343,2
DA:344,2
DA:345,2
DA:346,2
DA:347,2
DA:348,2
DA:349,2
DA:350,2
DA:351,2
DA:352,2
DA:353,2
DA:354,2
DA:355,5
DA:356,2
DA:357,2
DA:358,2
DA:359,2
DA:360,2
DA:361,2
DA:362,2
DA:363,5
DA:364,2
DA:365,2
DA:366,2
DA:367,2
DA:368,2
DA:369,2
DA:370,2
DA:371,5
DA:372,2
DA:373,2
DA:374,2
DA:375,2
DA:376,2
DA:377,2
DA:378,2
DA:379,2
DA:380,2
DA:381,2
DA:382,2
DA:383,2
DA:384,2
DA:385,2
DA:386,2
DA:387,2
DA:388,2
DA:389,2
DA:390,2
DA:391,2
DA:392,2
DA:393,2
DA:394,2
DA:395,2
DA:396,2
DA:397,2
DA:398,2
DA:399,2
DA:400,2
DA:401,2
DA:402,2
DA:403,2
DA:404,2
DA:405,2
DA:406,2
DA:407,2
DA:408,2
DA:409,2
DA:410,2
DA:411,2
DA:412,2
DA:413,2
DA:414,2
DA:415,2
DA:416,2
DA:417,2
DA:418,2
DA:419,2
DA:420,2
DA:421,2
DA:422,2
DA:423,2
DA:424,2
DA:425,2
DA:426,2
DA:427,2
DA:428,2
DA:429,2
DA:430,2
DA:431,2
DA:432,2
DA:433,2
DA:434,2
DA:435,2
DA:436,2
DA:437,2
DA:438,2
DA:439,2
DA:440,2
DA:441,2
DA:442,2
DA:443,2
DA:444,2
DA:445,2
DA:446,2
DA:447,2
DA:448,2
DA:449,2
DA:450,2
DA:451,2
DA:452,2
DA:453,2
DA:454,2
DA:455,2
DA:456,2
DA:457,2
DA:458,2
DA:459,2
DA:460,2
DA:461,2
DA:462,2
DA:463,2
DA:464,2
DA:465,2
DA:466,2
DA:467,2
DA:468,2
DA:469,2
DA:470,2
DA:471,2
DA:472,2
DA:473,2
DA:474,2
DA:475,2
DA:476,2
DA:477,2
DA:478,2
DA:479,2
DA:480,2
DA:481,2
DA:482,2
DA:483,2
DA:484,2
DA:485,2
DA:486,2
DA:487,2
DA:488,2
DA:489,2
DA:490,2
DA:491,2
DA:492,2
DA:493,2
DA:494,2
DA:495,2
DA:496,2
DA:497,2
DA:498,2
DA:499,2
DA:500,2
DA:501,2
DA:502,2
DA:503,2
LF:503
LH:503
BRDA:1,0,0,2
BRDA:97,1,0,3
BRDA:98,2,0,1
BRDA:98,3,0,2
BRDA:166,4,0,3
BRDA:167,5,0,1
BRDA:167,6,0,2
BRDA:174,7,0,3
BRDA:175,8,0,1
BRDA:175,9,0,2
BRDA:341,10,0,5
BRDA:342,11,0,1
BRDA:342,12,0,4
BRDA:354,13,0,5
BRDA:355,14,0,1
BRDA:355,15,0,4
BRDA:362,16,0,5
BRDA:363,17,0,1
BRDA:363,18,0,4
BRDA:370,19,0,5
BRDA:371,20,0,1
BRDA:371,21,0,4
BRDA:427,22,0,2
BRDA:428,23,0,1
BRDA:428,24,0,1
BRDA:435,25,0,2
BRDA:436,26,0,1
BRDA:436,27,0,1
BRF:28
BRH:28
end_of_record
TN:
SF:src/routes/consumer.js
FN:20,setupConsumerRoutes
FNF:1
FNH:1
FNDA:18,setupConsumerRoutes
DA:1,2
DA:2,2
DA:3,2
DA:4,2
DA:5,2
DA:6,2
DA:7,2
DA:8,2
DA:9,2
DA:10,2
DA:11,2
DA:12,2
DA:13,2
DA:14,2
DA:15,2
DA:16,2
DA:17,2
DA:18,2
DA:19,2
DA:20,2
DA:21,18
DA:22,18
DA:23,18
DA:24,18
DA:25,18
DA:26,18
DA:27,18
DA:28,18
DA:29,18
DA:30,18
DA:31,18
DA:32,18
DA:33,18
DA:34,18
DA:35,18
DA:36,18
DA:37,18
DA:38,18
DA:39,18
DA:40,18
DA:41,18
DA:42,18
DA:43,18
DA:44,18
DA:45,18
DA:46,18
DA:47,18
DA:48,18
DA:49,18
DA:50,18
DA:51,18
DA:52,18
DA:53,18
DA:54,18
DA:55,18
DA:56,18
DA:57,18
DA:58,18
DA:59,2
DA:60,2
DA:61,2
DA:62,2
DA:63,2
DA:64,2
DA:65,1
DA:66,1
DA:67,1
DA:68,1
DA:69,1
DA:70,1
DA:71,1
DA:72,1
DA:73,1
DA:74,1
DA:75,1
DA:76,18
DA:77,18
DA:78,18
DA:79,18
DA:80,18
DA:81,18
DA:82,18
DA:83,18
DA:84,18
DA:85,18
DA:86,18
DA:87,18
DA:88,18
DA:89,18
DA:90,18
DA:91,18
DA:92,18
DA:93,2
DA:94,2
DA:95,2
DA:96,2
DA:97,2
DA:98,2
DA:99,1
DA:100,1
DA:101,1
DA:102,1
DA:103,1
DA:104,1
DA:105,1
DA:106,1
DA:107,1
DA:108,1
DA:109,1
DA:110,1
DA:111,1
DA:112,1
DA:113,1
DA:114,1
DA:115,1
DA:116,1
DA:117,1
DA:118,1
DA:119,1
DA:120,1
DA:121,18
DA:122,18
DA:123,18
DA:124,18
DA:125,18
DA:126,18
DA:127,18
DA:128,18
DA:129,18
DA:130,18
DA:131,18
DA:132,18
DA:133,18
DA:134,18
DA:135,18
DA:136,18
DA:137,18
DA:138,2
DA:139,2
DA:140,1
DA:141,1
DA:142,1
DA:143,1
DA:144,1
DA:145,1
DA:146,1
DA:147,18
DA:148,18
DA:149,18
DA:150,18
DA:151,18
DA:152,18
DA:153,18
DA:154,18
DA:155,18
DA:156,18
DA:157,18
DA:158,18
DA:159,18
DA:160,18
DA:161,18
DA:162,18
DA:163,18
DA:164,2
DA:165,2
DA:166,2
DA:167,2
DA:168,2
DA:169,2
DA:170,1
DA:171,1
DA:172,1
DA:173,1
DA:174,1
DA:175,18
DA:176,18
DA:177,18
DA:178,18
DA:179,18
DA:180,18
DA:181,18
DA:182,18
DA:183,18
DA:184,18
DA:185,18
DA:186,18
DA:187,18
DA:188,18
DA:189,18
DA:190,18
DA:191,18
DA:192,18
DA:193,18
DA:194,18
DA:195,2
DA:196,2
DA:197,2
DA:198,2
DA:199,2
DA:200,2
DA:201,1
DA:202,1
DA:203,1
DA:204,1
DA:205,1
DA:206,18
DA:207,18
DA:208,18
DA:209,18
DA:210,18
DA:211,18
DA:212,18
DA:213,18
DA:214,18
DA:215,18
DA:216,18
DA:217,18
DA:218,18
DA:219,18
DA:220,18
DA:221,18
DA:222,2
DA:223,2
DA:224,1
DA:225,1
DA:226,1
DA:227,1
DA:228,1
DA:229,18
DA:230,18
DA:231,18
DA:232,18
DA:233,18
DA:234,18
DA:235,18
DA:236,18
DA:237,18
DA:238,18
DA:239,18
DA:240,18
DA:241,18
DA:242,18
DA:243,18
DA:244,18
DA:245,18
DA:246,2
DA:247,2
DA:248,2
DA:249,2
DA:250,2
DA:251,2
DA:252,2
DA:253,1
DA:254,1
DA:255,1
DA:256,1
DA:257,1
DA:258,18
DA:259,18
DA:260,18
LF:260
LH:260
BRDA:1,0,0,2
BRDA:20,1,0,18
BRDA:25,2,0,16
BRDA:58,3,0,2
BRDA:65,4,0,1
BRDA:92,5,0,2
BRDA:99,6,0,1
BRDA:137,7,0,2
BRDA:140,8,0,1
BRDA:163,9,0,2
BRDA:170,10,0,1
BRDA:194,11,0,2
BRDA:201,12,0,1
BRDA:221,13,0,2
BRDA:224,14,0,1
BRDA:245,15,0,2
BRDA:253,16,0,1
BRF:17
BRH:17
end_of_record
TN:
SF:src/routes/provider.js
FN:16,setupProviderRoutes
FN:104,handleLogin
FNF:2
FNH:2
FNDA:22,setupProviderRoutes
FNDA:4,handleLogin
DA:1,2
DA:2,2
DA:3,2
DA:4,2
DA:5,2
DA:6,2
DA:7,2
DA:8,2
DA:9,2
DA:10,2
DA:11,2
DA:12,2
DA:13,2
DA:14,2
DA:15,2
DA:16,2
DA:17,22
DA:18,22
DA:19,22
DA:20,22
DA:21,22
DA:22,22
DA:23,22
DA:24,22
DA:25,22
DA:26,22
DA:27,22
DA:28,22
DA:29,22
DA:30,22
DA:31,22
DA:32,22
DA:33,22
DA:34,22
DA:35,22
DA:36,22
DA:37,22
DA:38,22
DA:39,3
DA:40,3
DA:41,3
DA:42,3
DA:43,3
DA:44,3
DA:45,3
DA:46,1
DA:47,1
DA:48,1
DA:49,1
DA:50,3
DA:51,1
DA:52,1
DA:53,1
DA:54,22
DA:55,22
DA:56,22
DA:57,22
DA:58,22
DA:59,22
DA:60,22
DA:61,22
DA:62,22
DA:63,22
DA:64,22
DA:65,22
DA:66,22
DA:67,22
DA:68,22
DA:69,22
DA:70,22
DA:71,2
DA:72,2
DA:73,1
DA:74,1
DA:75,1
DA:76,1
DA:77,1
DA:78,1
DA:79,22
DA:80,22
DA:81,22
DA:82,22
DA:83,22
DA:84,22
DA:85,22
DA:86,22
DA:87,22
DA:88,22
DA:89,22
DA:90,22
DA:91,22
DA:92,22
DA:93,22
DA:94,22
DA:95,22
DA:96,22
DA:97,22
DA:98,22
DA:99,22
DA:100,22
DA:101,22
DA:102,22
DA:103,22
DA:104,22
DA:105,4
DA:106,4
DA:107,4
DA:108,4
DA:109,4
DA:110,4
DA:111,2
DA:112,2
DA:113,2
DA:114,2
DA:115,2
DA:116,2
DA:117,2
DA:118,2
DA:119,2
DA:120,2
DA:121,2
DA:122,2
DA:123,2
DA:124,2
DA:125,2
DA:126,2
DA:127,2
DA:128,2
DA:129,2
DA:130,2
DA:131,2
DA:132,2
DA:133,4
DA:134,22
DA:135,22
DA:136,22
DA:137,22
DA:138,22
DA:139,22
DA:140,22
DA:141,22
DA:142,22
DA:143,22
DA:144,22
DA:145,22
DA:146,22
DA:147,22
DA:148,22
DA:149,22
DA:150,2
DA:151,2
DA:152,1
DA:153,1
DA:154,1
DA:155,1
DA:156,1
DA:157,1
DA:158,1
DA:159,22
DA:160,22
DA:161,22
DA:162,22
DA:163,22
DA:164,22
DA:165,22
DA:166,22
DA:167,22
DA:168,22
DA:169,22
DA:170,22
DA:171,22
DA:172,22
DA:173,22
DA:174,22
DA:175,22
DA:176,22
DA:177,22
DA:178,22
DA:179,22
DA:180,22
DA:181,22
DA:182,22
DA:183,22
DA:184,22
DA:185,22
DA:186,22
DA:187,22
DA:188,22
DA:189,22
DA:190,22
DA:191,22
DA:192,22
DA:193,22
DA:194,22
DA:195,22
DA:196,22
DA:197,22
DA:198,22
DA:199,22
DA:200,22
DA:201,22
DA:202,22
DA:203,22
DA:204,22
DA:205,22
DA:206,22
DA:207,22
DA:208,22
DA:209,22
DA:210,22
DA:211,22
DA:212,22
DA:213,22
DA:214,22
DA:215,22
DA:216,22
DA:217,22
DA:218,22
DA:219,22
DA:220,22
DA:221,22
DA:222,22
DA:223,22
DA:224,22
DA:225,22
DA:226,22
DA:227,22
DA:228,22
DA:229,22
DA:230,22
DA:231,22
DA:232,22
DA:233,22
DA:234,22
DA:235,22
DA:236,22
DA:237,22
DA:238,22
DA:239,2
DA:240,2
DA:241,2
DA:242,2
DA:243,2
DA:244,2
DA:245,2
DA:246,1
DA:247,1
DA:248,1
DA:249,1
DA:250,1
DA:251,1
DA:252,1
DA:253,1
DA:254,1
DA:255,1
DA:256,1
DA:257,1
DA:258,1
DA:259,1
DA:260,1
DA:261,1
DA:262,1
DA:263,1
DA:264,22
DA:265,22
DA:266,22
DA:267,22
LF:267
LH:267
BRDA:1,0,0,2
BRDA:16,1,0,22
BRDA:38,2,0,3
BRDA:45,3,0,2
BRDA:45,4,0,1
BRDA:45,5,0,1
BRDA:50,6,0,1
BRDA:70,7,0,2
BRDA:73,8,0,1
BRDA:104,9,0,4
BRDA:111,10,0,2
BRDA:149,11,0,2
BRDA:152,12,0,1
BRDA:238,13,0,2
BRDA:246,14,0,1
BRF:15
BRH:15
end_of_record
