TN:
SF:index.js
FN:65,LtiToolkit
FN:204,validateConfig
FN:224,validateEncryptionConfig
FN:241,validateProviderConfig
FN:286,validateConsumerConfig
FN:324,validateLoggerConfig
FN:369,validateDatabaseConfig
FNF:7
FNH:7
FNDA:35,LtiToolkit
FNDA:35,validateConfig
FNDA:32,validateEncryptionConfig
FNDA:29,validateProviderConfig
FNDA:27,validateConsumerConfig
FNDA:21,validateLoggerConfig
FNDA:11,validateDatabaseConfig
DA:1,1
DA:2,1
DA:3,1
DA:4,1
DA:5,1
DA:6,1
DA:7,1
DA:8,1
DA:9,1
DA:10,1
DA:11,1
DA:12,1
DA:13,1
DA:14,1
DA:15,1
DA:16,1
DA:17,1
DA:18,1
DA:19,1
DA:20,1
DA:21,1
DA:22,1
DA:23,1
DA:24,1
DA:25,1
DA:26,1
DA:27,1
DA:28,1
DA:29,1
DA:30,1
DA:31,1
DA:32,1
DA:33,1
DA:34,1
DA:35,1
DA:36,1
DA:37,1
DA:38,1
DA:39,1
DA:40,1
DA:41,1
DA:42,1
DA:43,1
DA:44,1
DA:45,1
DA:46,1
DA:47,1
DA:48,1
DA:49,1
DA:50,1
DA:51,1
DA:52,1
DA:53,1
DA:54,1
DA:55,1
DA:56,1
DA:57,1
DA:58,1
DA:59,1
DA:60,1
DA:61,1
DA:62,1
DA:63,1
DA:64,1
DA:65,1
DA:66,35
DA:67,35
DA:68,35
DA:69,35
DA:70,35
DA:71,35
DA:72,35
DA:73,35
DA:74,35
DA:75,35
DA:76,35
DA:77,35
DA:78,2
DA:79,2
DA:80,21
DA:81,21
DA:82,21
DA:83,21
DA:84,21
DA:85,21
DA:86,21
DA:87,21
DA:88,21
DA:89,21
DA:90,10
DA:91,10
DA:92,10
DA:93,10
DA:94,10
DA:95,10
DA:96,10
DA:97,10
DA:98,10
DA:99,10
DA:100,10
DA:101,10
DA:102,10
DA:103,10
DA:104,10
DA:105,10
DA:106,35
DA:107,2
DA:108,2
DA:109,2
DA:110,2
DA:111,2
DA:112,2
DA:113,2
DA:114,10
DA:115,10
DA:116,35
DA:117,4
DA:118,4
DA:119,4
DA:120,4
DA:121,4
DA:122,35
DA:123,9
DA:124,9
DA:125,9
DA:126,9
DA:127,9
DA:128,10
DA:129,10
DA:130,35
DA:131,4
DA:132,4
DA:133,4
DA:134,4
DA:135,4
DA:136,4
DA:137,4
DA:138,4
DA:139,4
DA:140,4
DA:141,4
DA:142,4
DA:143,4
DA:144,4
DA:145,4
DA:146,4
DA:147,4
DA:148,4
DA:149,4
DA:150,4
DA:151,4
DA:152,4
DA:153,4
DA:154,4
DA:155,4
DA:156,4
DA:157,4
DA:158,4
DA:159,35
DA:160,9
DA:161,9
DA:162,9
DA:163,9
DA:164,9
DA:165,9
DA:166,9
DA:167,9
DA:168,9
DA:169,9
DA:170,9
DA:171,9
DA:172,9
DA:173,9
DA:174,9
DA:175,9
DA:176,9
DA:177,9
DA:178,9
DA:179,9
DA:180,9
DA:181,9
DA:182,9
DA:183,9
DA:184,9
DA:185,9
DA:186,9
DA:187,9
DA:188,9
DA:189,9
DA:190,9
DA:191,9
DA:192,9
DA:193,9
DA:194,10
DA:195,10
DA:196,35
DA:197,1
DA:198,1
DA:199,1
DA:200,1
DA:201,1
DA:202,1
DA:203,1
DA:204,35
DA:205,35
DA:206,35
DA:207,1
DA:208,1
DA:209,35
DA:210,1
DA:211,1
DA:212,35
DA:213,1
DA:214,1
DA:215,35
DA:216,1
DA:217,1
DA:218,1
DA:219,1
DA:220,1
DA:221,1
DA:222,1
DA:223,1
DA:224,32
DA:225,32
DA:226,1
DA:227,1
DA:228,32
DA:229,2
DA:230,2
DA:231,29
DA:232,32
DA:233,1
DA:234,1
DA:235,1
DA:236,1
DA:237,1
DA:238,1
DA:239,1
DA:240,1
DA:241,29
DA:242,29
DA:243,26
DA:244,2
DA:245,2
DA:246,26
DA:247,10
DA:248,10
DA:249,26
DA:250,10
DA:251,10
DA:252,26
DA:253,10
DA:254,10
DA:255,26
DA:256,10
DA:257,10
DA:258,26
DA:259,10
DA:260,10
DA:261,26
DA:262,10
DA:263,10
DA:264,26
DA:265,10
DA:266,10
DA:267,26
DA:268,24
DA:269,24
DA:270,26
DA:271,10
DA:272,10
DA:273,29
DA:274,3
DA:275,3
DA:276,27
DA:277,29
DA:278,1
DA:279,1
DA:280,1
DA:281,1
DA:282,1
DA:283,1
DA:284,1
DA:285,1
DA:286,27
DA:287,27
DA:288,8
DA:289,2
DA:290,2
DA:291,8
DA:292,1
DA:293,1
DA:294,8
DA:295,1
DA:296,1
DA:297,8
DA:298,4
DA:299,4
DA:300,8
DA:301,4
DA:302,4
DA:303,8
DA:304,4
DA:305,4
DA:306,8
DA:307,4
DA:308,4
DA:309,27
DA:310,19
DA:311,19
DA:312,23
DA:313,27
DA:314,1
DA:315,1
DA:316,1
DA:317,1
DA:318,1
DA:319,1
DA:320,1
DA:321,1
DA:322,1
DA:323,1
DA:324,21
DA:325,21
DA:326,21
DA:327,21
DA:328,11
DA:329,2
DA:330,11
DA:331,1
DA:332,9
DA:333,8
DA:334,8
DA:335,21
DA:336,10
DA:337,10
DA:338,21
DA:339,21
DA:340,21
DA:341,2
DA:342,2
DA:343,21
DA:344,2
DA:345,2
DA:346,21
DA:347,2
DA:348,2
DA:349,21
DA:350,2
DA:351,2
DA:352,21
DA:353,2
DA:354,2
DA:355,11
DA:356,11
DA:357,21
DA:358,1
DA:359,1
DA:360,1
DA:361,1
DA:362,1
DA:363,1
DA:364,1
DA:365,1
DA:366,1
DA:367,1
DA:368,1
DA:369,11
DA:370,11
DA:371,11
DA:372,11
DA:373,8
DA:374,2
DA:375,8
DA:376,6
DA:377,5
DA:378,5
DA:379,6
DA:380,6
DA:381,11
DA:382,3
DA:383,1
DA:384,1
DA:385,2
DA:386,2
DA:387,10
DA:388,11
LF:388
LH:388
BRDA:1,0,0,1
BRDA:65,1,0,35
BRDA:77,2,0,3
BRDA:77,3,0,2
BRDA:80,4,0,21
BRDA:90,5,0,10
BRDA:106,6,0,2
BRDA:114,7,0,10
BRDA:116,8,0,4
BRDA:122,9,0,10
BRDA:122,10,0,9
BRDA:128,11,0,10
BRDA:130,12,0,4
BRDA:159,13,0,10
BRDA:159,14,0,9
BRDA:194,15,0,10
BRDA:204,16,0,35
BRDA:206,17,0,1
BRDA:209,18,0,34
BRDA:209,19,0,33
BRDA:209,20,0,1
BRDA:212,21,0,33
BRDA:212,22,0,32
BRDA:212,23,0,1
BRDA:224,24,0,32
BRDA:225,25,0,31
BRDA:225,26,0,1
BRDA:228,27,0,31
BRDA:228,28,0,2
BRDA:231,29,0,29
BRDA:241,30,0,29
BRDA:242,31,0,27
BRDA:242,32,0,26
BRDA:243,33,0,2
BRDA:246,34,0,24
BRDA:246,35,0,15
BRDA:246,36,0,10
BRDA:249,37,0,24
BRDA:249,38,0,15
BRDA:249,39,0,10
BRDA:252,40,0,24
BRDA:252,41,0,15
BRDA:252,42,0,10
BRDA:255,43,0,24
BRDA:255,44,0,15
BRDA:255,45,0,10
BRDA:258,46,0,24
BRDA:258,47,0,15
BRDA:258,48,0,10
BRDA:261,49,0,24
BRDA:261,50,0,15
BRDA:261,51,0,10
BRDA:264,52,0,24
BRDA:264,53,0,15
BRDA:264,54,0,10
BRDA:267,55,0,24
BRDA:267,56,0,1
BRDA:267,57,0,24
BRDA:270,58,0,15
BRDA:270,59,0,10
BRDA:273,60,0,3
BRDA:276,61,0,27
BRDA:286,62,0,27
BRDA:287,63,0,9
BRDA:287,64,0,8
BRDA:288,65,0,2
BRDA:291,66,0,6
BRDA:291,67,0,1
BRDA:294,68,0,5
BRDA:294,69,0,1
BRDA:297,70,0,4
BRDA:297,71,0,1
BRDA:297,72,0,4
BRDA:300,73,0,1
BRDA:300,74,0,4
BRDA:303,75,0,1
BRDA:303,76,0,4
BRDA:306,77,0,1
BRDA:306,78,0,4
BRDA:309,79,0,19
BRDA:312,80,0,23
BRDA:324,81,0,21
BRDA:327,82,0,11
BRDA:328,83,0,2
BRDA:330,84,0,9
BRDA:330,85,0,1
BRDA:330,86,0,1
BRDA:332,87,0,8
BRDA:335,88,0,10
BRDA:340,89,0,20
BRDA:340,90,0,2
BRDA:343,91,0,19
BRDA:343,92,0,18
BRDA:343,93,0,2
BRDA:346,94,0,17
BRDA:346,95,0,16
BRDA:346,96,0,2
BRDA:349,97,0,15
BRDA:349,98,0,14
BRDA:349,99,0,2
BRDA:352,100,0,13
BRDA:352,101,0,12
BRDA:352,102,0,2
BRDA:355,103,0,11
BRDA:369,104,0,11
BRDA:372,105,0,8
BRDA:373,106,0,2
BRDA:375,107,0,6
BRDA:376,108,0,1
BRDA:376,109,0,5
BRDA:381,110,0,3
BRDA:382,111,0,1
BRDA:385,112,0,2
BRDA:387,113,0,10
BRF:114
BRH:114
end_of_record
TN:
SF:src/config/database.js
FN:10,configureDatabase
FNF:1
FNH:1
FNDA:30,configureDatabase
DA:1,2
DA:2,2
DA:3,2
DA:4,2
DA:5,2
DA:6,2
DA:7,2
DA:8,2
DA:9,2
DA:10,2
DA:11,30
DA:12,30
DA:13,30
DA:14,30
DA:15,30
DA:16,30
DA:17,30
DA:18,30
LF:18
LH:18
BRDA:1,0,0,2
BRDA:10,1,0,30
BRF:2
BRH:2
end_of_record
TN:
SF:src/config/logger.js
FN:68,configureLogger
FNF:1
FNH:1
FNDA:23,configureLogger
DA:1,6
DA:2,6
DA:3,6
DA:4,6
DA:5,6
DA:6,6
DA:7,6
DA:8,6
DA:9,6
DA:10,6
DA:11,6
DA:12,6
DA:13,6
DA:14,6
DA:15,6
DA:16,6
DA:17,6
DA:18,402
DA:19,402
DA:20,1
DA:21,1
DA:22,1
DA:23,1
DA:24,1
DA:25,1
DA:26,1
DA:27,1
DA:28,1
DA:29,1
DA:30,1
DA:31,1
DA:32,1
DA:33,1
DA:34,1
DA:35,1
DA:36,1
DA:37,1
DA:38,1
DA:39,402
DA:40,6
DA:41,6
DA:42,6
DA:43,6
DA:44,6
DA:45,6
DA:46,6
DA:47,6
DA:48,6
DA:49,6
DA:50,6
DA:51,6
DA:52,6
DA:53,6
DA:54,6
DA:55,6
DA:56,6
DA:57,6
DA:58,6
DA:59,6
DA:60,6
DA:61,6
DA:62,6
DA:63,6
DA:64,6
DA:65,6
DA:66,6
DA:67,6
DA:68,6
DA:69,23
DA:70,23
DA:71,23
DA:72,23
DA:73,23
DA:74,23
DA:75,23
DA:76,23
DA:77,23
DA:78,23
DA:79,23
DA:80,23
DA:81,23
DA:82,23
DA:83,23
DA:84,23
DA:85,23
DA:86,23
DA:87,23
DA:88,23
DA:89,23
DA:90,23
DA:91,23
DA:92,23
DA:93,23
DA:94,23
DA:95,23
LF:95
LH:95
BRDA:1,0,0,6
BRDA:17,1,0,402
BRDA:19,2,0,19
BRDA:19,3,0,1
BRDA:68,4,0,23
BRDA:87,5,0,402
BRDA:87,6,0,18
BRDA:87,7,0,384
BRF:8
BRH:8
end_of_record
TN:
SF:src/config/migrations.js
FN:11,configureMigrations
FNF:1
FNH:1
FNDA:10,configureMigrations
DA:1,1
DA:2,1
DA:3,1
DA:4,1
DA:5,1
DA:6,1
DA:7,1
DA:8,1
DA:9,1
DA:10,1
DA:11,1
DA:12,10
DA:13,10
DA:14,10
DA:15,10
DA:16,10
DA:17,10
DA:18,10
DA:19,10
DA:20,10
DA:21,10
DA:22,10
LF:22
LH:22
BRDA:1,0,0,1
BRDA:11,1,0,10
BRF:2
BRH:2
end_of_record
TN:
SF:src/controllers/consumer.js
FN:16,<instance_members_initializer>
FN:26,ConsumerController
FN:37,getAll
FN:48,getById
FN:59,getByKey
FN:74,getByName
FN:89,createConsumer
FN:127,updateConsumer
FN:151,deleteConsumer
FN:176,getSecret
FN:201,updateSecret
FN:247,getAllKeys
FN:259,#generateKeys
FNF:13
FNH:13
FNDA:28,<instance_members_initializer>
FNDA:28,ConsumerController
FNDA:1,getAll
FNDA:1,getById
FNDA:1,getByKey
FNDA:1,getByName
FNDA:3,createConsumer
FNDA:3,updateConsumer
FNDA:2,deleteConsumer
FNDA:3,getSecret
FNDA:3,updateSecret
FNDA:1,getAllKeys
FNDA:5,#generateKeys
DA:1,2
DA:2,2
DA:3,2
DA:4,2
DA:5,2
DA:6,2
DA:7,2
DA:8,2
DA:9,2
DA:10,2
DA:11,2
DA:12,2
DA:13,2
DA:14,2
DA:15,2
DA:16,2
DA:17,28
DA:18,2
DA:19,2
DA:20,2
DA:21,2
DA:22,2
DA:23,2
DA:24,2
DA:25,2
DA:26,2
DA:27,28
DA:28,28
DA:29,28
DA:30,28
DA:31,2
DA:32,2
DA:33,2
DA:34,2
DA:35,2
DA:36,2
DA:37,2
DA:38,1
DA:39,1
DA:40,1
DA:41,2
DA:42,2
DA:43,2
DA:44,2
DA:45,2
DA:46,2
DA:47,2
DA:48,2
DA:49,1
DA:50,1
DA:51,1
DA:52,2
DA:53,2
DA:54,2
DA:55,2
DA:56,2
DA:57,2
DA:58,2
DA:59,2
DA:60,1
DA:61,1
DA:62,1
DA:63,1
DA:64,1
DA:65,1
DA:66,1
DA:67,2
DA:68,2
DA:69,2
DA:70,2
DA:71,2
DA:72,2
DA:73,2
DA:74,2
DA:75,1
DA:76,1
DA:77,1
DA:78,1
DA:79,1
DA:80,1
DA:81,1
DA:82,2
DA:83,2
DA:84,2
DA:85,2
DA:86,2
DA:87,2
DA:88,2
DA:89,2
DA:90,3
DA:91,3
DA:92,3
DA:93,3
DA:94,3
DA:95,3
DA:96,3
DA:97,3
DA:98,3
DA:99,3
DA:100,3
DA:101,3
DA:102,3
DA:103,3
DA:104,3
DA:105,3
DA:106,3
DA:107,3
DA:108,3
DA:109,3
DA:110,3
DA:111,3
DA:112,3
DA:113,3
DA:114,3
DA:115,3
DA:116,3
DA:117,3
DA:118,3
DA:119,2
DA:120,2
DA:121,2
DA:122,2
DA:123,2
DA:124,2
DA:125,2
DA:126,2
DA:127,2
DA:128,3
DA:129,3
DA:130,1
DA:131,1
DA:132,2
DA:133,2
DA:134,2
DA:135,2
DA:136,2
DA:137,2
DA:138,2
DA:139,2
DA:140,2
DA:141,2
DA:142,2
DA:143,3
DA:144,2
DA:145,2
DA:146,2
DA:147,2
DA:148,2
DA:149,2
DA:150,2
DA:151,2
DA:152,2
DA:153,2
DA:154,1
DA:155,1
DA:156,1
DA:157,1
DA:158,1
DA:159,1
DA:160,1
DA:161,1
DA:162,1
DA:163,1
DA:164,1
DA:165,1
DA:166,1
DA:167,1
DA:168,2
DA:169,2
DA:170,2
DA:171,2
DA:172,2
DA:173,2
DA:174,2
DA:175,2
DA:176,2
DA:177,3
DA:178,3
DA:179,1
DA:180,1
DA:181,2
DA:182,2
DA:183,2
DA:184,2
DA:185,2
DA:186,2
DA:187,3
DA:188,1
DA:189,1
DA:190,1
DA:191,3
DA:192,2
DA:193,2
DA:194,2
DA:195,2
DA:196,2
DA:197,2
DA:198,2
DA:199,2
DA:200,2
DA:201,2
DA:202,3
DA:203,3
DA:204,1
DA:205,1
DA:206,2
DA:207,2
DA:208,2
DA:209,2
DA:210,2
DA:211,2
DA:212,2
DA:213,2
DA:214,2
DA:215,2
DA:216,2
DA:217,2
DA:218,2
DA:219,2
DA:220,2
DA:221,2
DA:222,2
DA:223,2
DA:224,2
DA:225,2
DA:226,2
DA:227,2
DA:228,2
DA:229,2
DA:230,2
DA:231,2
DA:232,2
DA:233,2
DA:234,2
DA:235,2
DA:236,2
DA:237,2
DA:238,2
DA:239,2
DA:240,3
DA:241,2
DA:242,2
DA:243,2
DA:244,2
DA:245,2
DA:246,2
DA:247,2
DA:248,1
DA:249,1
DA:250,1
DA:251,1
DA:252,1
DA:253,2
DA:254,2
DA:255,2
DA:256,2
DA:257,2
DA:258,2
DA:259,2
DA:260,5
DA:261,5
DA:262,5
DA:263,5
DA:264,5
DA:265,5
DA:266,2
DA:267,2
DA:268,2
LF:268
LH:268
BRDA:1,0,0,2
BRDA:16,1,0,28
BRDA:26,2,0,28
BRDA:37,3,0,1
BRDA:48,4,0,1
BRDA:59,5,0,1
BRDA:74,6,0,1
BRDA:89,7,0,3
BRDA:91,8,0,3
BRDA:110,9,0,2
BRDA:127,10,0,3
BRDA:129,11,0,1
BRDA:132,12,0,2
BRDA:151,13,0,2
BRDA:153,14,0,1
BRDA:156,15,0,1
BRDA:176,16,0,3
BRDA:178,17,0,1
BRDA:181,18,0,2
BRDA:187,19,0,1
BRDA:201,20,0,3
BRDA:203,21,0,1
BRDA:206,22,0,2
BRDA:209,23,0,2
BRDA:219,24,0,1
BRDA:220,25,0,1
BRDA:247,26,0,1
BRDA:259,27,0,5
BRF:28
BRH:28
end_of_record
TN:
SF:src/controllers/lti-consumer.js
FN:16,<instance_members_initializer>
FN:37,LTIConsumerController
FN:78,generateLTI10LaunchFormData
FN:206,generateLTI13LoginFormData
FN:329,generateLTI13DeepLinkFormData
FN:426,lti10configxml
FN:466,lti13dynamicregistration
FNF:7
FNH:7
FNDA:30,<instance_members_initializer>
FNDA:30,LTIConsumerController
FNDA:21,generateLTI10LaunchFormData
FNDA:15,generateLTI13LoginFormData
FNDA:14,generateLTI13DeepLinkFormData
FNDA:9,lti10configxml
FNDA:1,lti13dynamicregistration
DA:1,2
DA:2,2
DA:3,2
DA:4,2
DA:5,2
DA:6,2
DA:7,2
DA:8,2
DA:9,2
DA:10,2
DA:11,2
DA:12,2
DA:13,2
DA:14,2
DA:15,2
DA:16,2
DA:17,30
DA:18,30
DA:19,30
DA:20,30
DA:21,30
DA:22,30
DA:23,30
DA:24,30
DA:25,2
DA:26,2
DA:27,2
DA:28,2
DA:29,2
DA:30,2
DA:31,2
DA:32,2
DA:33,2
DA:34,2
DA:35,2
DA:36,2
DA:37,2
DA:38,30
DA:39,30
DA:40,30
DA:41,30
DA:42,30
DA:43,30
DA:44,30
DA:45,30
DA:46,30
DA:47,30
DA:48,30
DA:49,30
DA:50,30
DA:51,2
DA:52,2
DA:53,2
DA:54,2
DA:55,2
DA:56,2
DA:57,2
DA:58,2
DA:59,2
DA:60,2
DA:61,2
DA:62,2
DA:63,2
DA:64,2
DA:65,2
DA:66,2
DA:67,2
DA:68,2
DA:69,2
DA:70,2
DA:71,2
DA:72,2
DA:73,2
DA:74,2
DA:75,2
DA:76,2
DA:77,2
DA:78,2
DA:79,21
DA:80,21
DA:81,21
DA:82,21
DA:83,21
DA:84,21
DA:85,21
DA:86,21
DA:87,21
DA:88,21
DA:89,21
DA:90,21
DA:91,21
DA:92,21
DA:93,21
DA:94,1
DA:95,1
DA:96,21
DA:97,1
DA:98,1
DA:99,21
DA:100,1
DA:101,1
DA:102,21
DA:103,1
DA:104,1
DA:105,21
DA:106,4
DA:107,4
DA:108,21
DA:109,3
DA:110,3
DA:111,21
DA:112,3
DA:113,3
DA:114,21
DA:115,3
DA:116,3
DA:117,21
DA:118,1
DA:119,1
DA:120,3
DA:121,3
DA:122,3
DA:123,3
DA:124,3
DA:125,3
DA:126,3
DA:127,3
DA:128,3
DA:129,3
DA:130,3
DA:131,3
DA:132,3
DA:133,3
DA:134,3
DA:135,3
DA:136,3
DA:137,3
DA:138,3
DA:139,3
DA:140,3
DA:141,3
DA:142,3
DA:143,3
DA:144,3
DA:145,21
DA:146,21
DA:147,21
DA:148,21
DA:149,21
DA:150,21
DA:151,21
DA:152,21
DA:153,21
DA:154,21
DA:155,21
DA:156,21
DA:157,2
DA:158,4
DA:159,2
DA:160,2
DA:161,2
DA:162,2
DA:163,4
DA:164,2
DA:165,3
DA:166,3
DA:167,3
DA:168,3
DA:169,3
DA:170,3
DA:171,3
DA:172,3
DA:173,3
DA:174,3
DA:175,3
DA:176,3
DA:177,21
DA:178,2
DA:179,2
DA:180,2
DA:181,2
DA:182,2
DA:183,2
DA:184,2
DA:185,2
DA:186,2
DA:187,2
DA:188,2
DA:189,2
DA:190,2
DA:191,2
DA:192,2
DA:193,2
DA:194,2
DA:195,2
DA:196,2
DA:197,2
DA:198,2
DA:199,2
DA:200,2
DA:201,2
DA:202,2
DA:203,2
DA:204,2
DA:205,2
DA:206,2
DA:207,15
DA:208,15
DA:209,15
DA:210,15
DA:211,15
DA:212,15
DA:213,15
DA:214,15
DA:215,15
DA:216,15
DA:217,15
DA:218,15
DA:219,15
DA:220,15
DA:221,1
DA:222,1
DA:223,15
DA:224,1
DA:225,1
DA:226,15
DA:227,1
DA:228,1
DA:229,15
DA:230,1
DA:231,1
DA:232,15
DA:233,1
DA:234,1
DA:235,15
DA:236,1
DA:237,1
DA:238,15
DA:239,1
DA:240,1
DA:241,15
DA:242,1
DA:243,1
DA:244,15
DA:245,1
DA:246,1
DA:247,15
DA:248,1
DA:249,1
DA:250,5
DA:251,5
DA:252,5
DA:253,5
DA:254,5
DA:255,5
DA:256,5
DA:257,15
DA:258,1
DA:259,1
DA:260,4
DA:261,4
DA:262,15
DA:263,1
DA:264,1
DA:265,3
DA:266,3
DA:267,3
DA:268,3
DA:269,3
DA:270,3
DA:271,3
DA:272,3
DA:273,3
DA:274,3
DA:275,3
DA:276,3
DA:277,3
DA:278,3
DA:279,3
DA:280,3
DA:281,3
DA:282,3
DA:283,3
DA:284,3
DA:285,3
DA:286,3
DA:287,3
DA:288,3
DA:289,3
DA:290,3
DA:291,3
DA:292,3
DA:293,3
DA:294,3
DA:295,3
DA:296,3
DA:297,3
DA:298,15
DA:299,1
DA:300,1
DA:301,1
DA:302,1
DA:303,1
DA:304,1
DA:305,1
DA:306,15
DA:307,2
DA:308,2
DA:309,2
DA:310,2
DA:311,2
DA:312,2
DA:313,2
DA:314,2
DA:315,2
DA:316,2
DA:317,2
DA:318,2
DA:319,2
DA:320,2
DA:321,2
DA:322,2
DA:323,2
DA:324,2
DA:325,2
DA:326,2
DA:327,2
DA:328,2
DA:329,2
DA:330,14
DA:331,14
DA:332,1
DA:333,1
DA:334,14
DA:335,1
DA:336,1
DA:337,14
DA:338,1
DA:339,1
DA:340,14
DA:341,1
DA:342,1
DA:343,14
DA:344,1
DA:345,1
DA:346,14
DA:347,2
DA:348,2
DA:349,14
DA:350,2
DA:351,2
DA:352,5
DA:353,5
DA:354,5
DA:355,14
DA:356,1
DA:357,1
DA:358,4
DA:359,14
DA:360,1
DA:361,1
DA:362,3
DA:363,3
DA:364,3
DA:365,3
DA:366,3
DA:367,3
DA:368,3
DA:369,3
DA:370,3
DA:371,14
DA:372,1
DA:373,1
DA:374,2
DA:375,2
DA:376,2
DA:377,2
DA:378,2
DA:379,2
DA:380,2
DA:381,2
DA:382,2
DA:383,2
DA:384,2
DA:385,2
DA:386,2
DA:387,2
DA:388,2
DA:389,2
DA:390,2
DA:391,2
DA:392,2
DA:393,2
DA:394,2
DA:395,2
DA:396,2
DA:397,2
DA:398,2
DA:399,2
DA:400,2
DA:401,2
DA:402,2
DA:403,2
DA:404,2
DA:405,14
DA:406,1
DA:407,1
DA:408,1
DA:409,1
DA:410,1
DA:411,1
DA:412,1
DA:413,14
DA:414,2
DA:415,2
DA:416,2
DA:417,2
DA:418,2
DA:419,2
DA:420,2
DA:421,2
DA:422,2
DA:423,2
DA:424,2
DA:425,2
DA:426,2
DA:427,9
DA:428,9
DA:429,1
DA:430,1
DA:431,9
DA:432,1
DA:433,1
DA:434,7
DA:435,7
DA:436,6
DA:437,6
DA:438,6
DA:439,9
DA:440,1
DA:441,1
DA:442,6
DA:443,6
DA:444,6
DA:445,6
DA:446,6
DA:447,6
DA:448,6
DA:449,6
DA:450,6
DA:451,9
DA:452,9
DA:453,9
DA:454,9
DA:455,5
DA:456,5
DA:457,9
DA:458,2
DA:459,2
DA:460,2
DA:461,2
DA:462,2
DA:463,2
DA:464,2
DA:465,2
DA:466,2
DA:467,1
DA:468,1
DA:469,1
DA:470,1
DA:471,2
DA:472,2
DA:473,2
LF:473
LH:473
BRDA:1,0,0,2
BRDA:16,1,0,30
BRDA:37,2,0,30
BRDA:78,3,0,21
BRDA:93,4,0,1
BRDA:96,5,0,20
BRDA:96,6,0,1
BRDA:99,7,0,19
BRDA:99,8,0,1
BRDA:102,9,0,18
BRDA:102,10,0,1
BRDA:105,11,0,17
BRDA:105,12,0,16
BRDA:105,13,0,15
BRDA:105,14,0,14
BRDA:105,15,0,4
BRDA:108,16,0,13
BRDA:108,17,0,12
BRDA:108,18,0,11
BRDA:108,19,0,3
BRDA:111,20,0,10
BRDA:111,21,0,9
BRDA:111,22,0,8
BRDA:111,23,0,3
BRDA:114,24,0,7
BRDA:114,25,0,6
BRDA:114,26,0,5
BRDA:114,27,0,3
BRDA:117,28,0,4
BRDA:117,29,0,1
BRDA:120,30,0,3
BRDA:145,31,0,2
BRDA:145,32,0,1
BRDA:156,33,0,2
BRDA:157,34,0,4
BRDA:158,35,0,2
BRDA:165,36,0,3
BRDA:206,37,0,15
BRDA:220,38,0,1
BRDA:223,39,0,14
BRDA:223,40,0,1
BRDA:226,41,0,13
BRDA:226,42,0,1
BRDA:229,43,0,12
BRDA:229,44,0,1
BRDA:232,45,0,11
BRDA:232,46,0,1
BRDA:235,47,0,10
BRDA:235,48,0,9
BRDA:235,49,0,9
BRDA:235,50,0,9
BRDA:235,51,0,1
BRDA:238,52,0,9
BRDA:238,53,0,8
BRDA:238,54,0,8
BRDA:238,55,0,1
BRDA:241,56,0,8
BRDA:241,57,0,7
BRDA:241,58,0,7
BRDA:241,59,0,1
BRDA:244,60,0,7
BRDA:244,61,0,7
BRDA:244,62,0,1
BRDA:247,63,0,6
BRDA:247,64,0,1
BRDA:250,65,0,5
BRDA:257,66,0,1
BRDA:260,67,0,4
BRDA:262,68,0,1
BRDA:265,69,0,3
BRDA:298,70,0,2
BRDA:298,71,0,1
BRDA:298,72,0,1
BRDA:329,73,0,14
BRDA:331,74,0,1
BRDA:334,75,0,13
BRDA:334,76,0,1
BRDA:337,77,0,12
BRDA:337,78,0,1
BRDA:340,79,0,11
BRDA:340,80,0,1
BRDA:343,81,0,10
BRDA:343,82,0,1
BRDA:346,83,0,9
BRDA:346,84,0,8
BRDA:346,85,0,8
BRDA:346,86,0,7
BRDA:346,87,0,2
BRDA:349,88,0,7
BRDA:349,89,0,6
BRDA:349,90,0,6
BRDA:349,91,0,2
BRDA:352,92,0,5
BRDA:355,93,0,1
BRDA:358,94,0,4
BRDA:359,95,0,1
BRDA:362,96,0,3
BRDA:371,97,0,2
BRDA:371,98,0,1
BRDA:374,99,0,2
BRDA:405,100,0,1
BRDA:405,101,0,1
BRDA:426,102,0,9
BRDA:428,103,0,1
BRDA:431,104,0,8
BRDA:431,105,0,1
BRDA:434,106,0,7
BRDA:436,107,0,6
BRDA:439,108,0,1
BRDA:442,109,0,6
BRDA:451,110,0,1
BRDA:452,111,0,5
BRDA:452,112,0,1
BRDA:455,113,0,5
BRDA:466,114,0,1
BRF:115
BRH:115
end_of_record
TN:
SF:src/controllers/lti-launch.js
FN:17,<instance_members_initializer>
FN:33,LTILaunchController
FN:50,launch
FN:68,#launch10
FN:133,#launch13
FN:225,#updateLMS
FN:270,#launch
FN:286,#deeplink
FN:305,login13
FN:315,generateConsumerJWKS
FNF:10
FNH:10
FNDA:33,<instance_members_initializer>
FNDA:33,LTILaunchController
FNDA:20,launch
FNDA:7,#launch10
FNDA:12,#launch13
FNDA:17,#updateLMS
FNDA:10,#launch
FNDA:4,#deeplink
FNDA:2,login13
FNDA:1,generateConsumerJWKS
DA:1,2
DA:2,2
DA:3,2
DA:4,2
DA:5,2
DA:6,2
DA:7,2
DA:8,2
DA:9,2
DA:10,2
DA:11,2
DA:12,2
DA:13,2
DA:14,2
DA:15,2
DA:16,2
DA:17,2
DA:18,33
DA:19,33
DA:20,33
DA:21,2
DA:22,2
DA:23,2
DA:24,2
DA:25,2
DA:26,2
DA:27,2
DA:28,2
DA:29,2
DA:30,2
DA:31,2
DA:32,2
DA:33,2
DA:34,33
DA:35,33
DA:36,33
DA:37,33
DA:38,33
DA:39,33
DA:40,33
DA:41,33
DA:42,2
DA:43,2
DA:44,2
DA:45,2
DA:46,2
DA:47,2
DA:48,2
DA:49,2
DA:50,2
DA:51,20
DA:52,20
DA:53,12
DA:54,20
DA:55,7
DA:56,8
DA:57,1
DA:58,1
DA:59,20
DA:60,2
DA:61,2
DA:62,2
DA:63,2
DA:64,2
DA:65,2
DA:66,2
DA:67,2
DA:68,2
DA:69,7
DA:70,7
DA:71,6
DA:72,6
DA:73,6
DA:74,6
DA:75,6
DA:76,6
DA:77,6
DA:78,6
DA:79,6
DA:80,5
DA:81,5
DA:82,5
DA:83,5
DA:84,5
DA:85,10
DA:86,10
DA:87,10
DA:88,10
DA:89,5
DA:90,5
DA:91,5
DA:92,5
DA:93,5
DA:94,5
DA:95,5
DA:96,5
DA:97,5
DA:98,5
DA:99,5
DA:100,5
DA:101,5
DA:102,5
DA:103,5
DA:104,5
DA:105,5
DA:106,5
DA:107,5
DA:108,5
DA:109,5
DA:110,5
DA:111,5
DA:112,5
DA:113,5
DA:114,5
DA:115,5
DA:116,5
DA:117,5
DA:118,5
DA:119,5
DA:120,5
DA:121,5
DA:122,5
DA:123,5
DA:124,7
DA:125,2
DA:126,2
DA:127,2
DA:128,2
DA:129,2
DA:130,2
DA:131,2
DA:132,2
DA:133,2
DA:134,12
DA:135,11
DA:136,11
DA:137,11
DA:138,11
DA:139,11
DA:140,11
DA:141,11
DA:142,11
DA:143,11
DA:144,11
DA:145,11
DA:146,11
DA:147,10
DA:148,10
DA:149,12
DA:150,5
DA:151,5
DA:152,5
DA:153,5
DA:154,5
DA:155,5
DA:156,5
DA:157,5
DA:158,5
DA:159,5
DA:160,5
DA:161,5
DA:162,5
DA:163,5
DA:164,5
DA:165,5
DA:166,5
DA:167,5
DA:168,5
DA:169,5
DA:170,5
DA:171,5
DA:172,5
DA:173,5
DA:174,5
DA:175,5
DA:176,5
DA:177,5
DA:178,5
DA:179,5
DA:180,5
DA:181,5
DA:182,5
DA:183,4
DA:184,4
DA:185,4
DA:186,4
DA:187,4
DA:188,4
DA:189,4
DA:190,4
DA:191,4
DA:192,4
DA:193,4
DA:194,4
DA:195,4
DA:196,4
DA:197,4
DA:198,4
DA:199,4
DA:200,4
DA:201,4
DA:202,4
DA:203,4
DA:204,4
DA:205,4
DA:206,4
DA:207,4
DA:208,4
DA:209,5
DA:210,1
DA:211,1
DA:212,12
DA:213,2
DA:214,2
DA:215,2
DA:216,2
DA:217,2
DA:218,2
DA:219,2
DA:220,2
DA:221,2
DA:222,2
DA:223,2
DA:224,2
DA:225,2
DA:226,17
DA:227,17
DA:228,17
DA:229,2
DA:230,2
DA:231,15
DA:232,15
DA:233,15
DA:234,15
DA:235,17
DA:236,13
DA:237,13
DA:238,13
DA:239,13
DA:240,17
DA:241,13
DA:242,13
DA:243,13
DA:244,13
DA:245,17
DA:246,13
DA:247,13
DA:248,13
DA:249,13
DA:250,17
DA:251,13
DA:252,13
DA:253,13
DA:254,13
DA:255,17
DA:256,13
DA:257,13
DA:258,13
DA:259,13
DA:260,13
DA:261,13
DA:262,13
DA:263,15
DA:264,17
DA:265,2
DA:266,2
DA:267,2
DA:268,2
DA:269,2
DA:270,2
DA:271,10
DA:272,10
DA:273,10
DA:274,9
DA:275,7
DA:276,7
DA:277,10
DA:278,1
DA:279,1
DA:280,10
DA:281,2
DA:282,2
DA:283,2
DA:284,2
DA:285,2
DA:286,2
DA:287,4
DA:288,4
DA:289,4
DA:290,3
DA:291,2
DA:292,2
DA:293,4
DA:294,1
DA:295,1
DA:296,4
DA:297,2
DA:298,2
DA:299,2
DA:300,2
DA:301,2
DA:302,2
DA:303,2
DA:304,2
DA:305,2
DA:306,2
DA:307,2
DA:308,2
DA:309,2
DA:310,2
DA:311,2
DA:312,2
DA:313,2
DA:314,2
DA:315,2
DA:316,1
DA:317,1
DA:318,1
DA:319,2
DA:320,2
DA:321,2
DA:322,2
DA:323,2
DA:324,2
DA:325,2
DA:326,2
DA:327,1
DA:328,1
DA:329,1
DA:330,2
DA:331,2
DA:332,2
LF:332
LH:332
BRDA:1,0,0,2
BRDA:17,1,0,33
BRDA:33,2,0,33
BRDA:50,3,0,20
BRDA:52,4,0,12
BRDA:54,5,0,8
BRDA:54,6,0,7
BRDA:56,7,0,1
BRDA:68,8,0,7
BRDA:71,9,0,6
BRDA:80,10,0,5
BRDA:83,11,0,110
BRDA:84,12,0,10
BRDA:133,13,0,12
BRDA:135,14,0,11
BRDA:147,15,0,10
BRDA:149,16,0,5
BRDA:182,17,0,4
BRDA:209,18,0,1
BRDA:225,19,0,17
BRDA:228,20,0,2
BRDA:231,21,0,15
BRDA:235,22,0,13
BRDA:240,23,0,15
BRDA:240,24,0,13
BRDA:245,25,0,15
BRDA:245,26,0,13
BRDA:250,27,0,15
BRDA:250,28,0,13
BRDA:255,29,0,15
BRDA:255,30,0,13
BRDA:263,31,0,15
BRDA:270,32,0,10
BRDA:273,33,0,9
BRDA:275,34,0,7
BRDA:277,35,0,1
BRDA:286,36,0,4
BRDA:289,37,0,3
BRDA:291,38,0,2
BRDA:293,39,0,1
BRDA:305,40,0,2
BRDA:315,41,0,1
BRDA:318,42,0,2
BRF:43
BRH:43
end_of_record
TN:
SF:src/controllers/lti-lms.js
FN:24,<instance_members_initializer>
FN:42,LTILMSController
FN:62,basicOutcomesHandler
FN:132,replaceResultRequest
FN:232,readResultRequest
FN:335,deleteResultRequest
FN:425,authRequestHandler
FN:449,deepLinkResponseHandler
FN:464,generateProviderJWKS
FN:486,tokenRequestHandler
FN:497,agsGradePassbackHandler
FN:539,agsGetLineItemHandler
FN:570,agsGetLineItemsHandler
FN:601,agsGetResultsHandler
FN:640,getOpenIDConfiguration
FN:686,dynamicRegistrationHandler
FNF:16
FNH:16
FNDA:71,<instance_members_initializer>
FNDA:71,LTILMSController
FNDA:6,basicOutcomesHandler
FNDA:5,replaceResultRequest
FNDA:6,readResultRequest
FNDA:6,deleteResultRequest
FNDA:2,authRequestHandler
FNDA:3,deepLinkResponseHandler
FNDA:1,generateProviderJWKS
FNDA:1,tokenRequestHandler
FNDA:3,agsGradePassbackHandler
FNDA:5,agsGetLineItemHandler
FNDA:6,agsGetLineItemsHandler
FNDA:6,agsGetResultsHandler
FNDA:1,getOpenIDConfiguration
FNDA:15,dynamicRegistrationHandler
DA:1,2
DA:2,2
DA:3,2
DA:4,2
DA:5,2
DA:6,2
DA:7,2
DA:8,2
DA:9,2
DA:10,2
DA:11,2
DA:12,2
DA:13,2
DA:14,2
DA:15,2
DA:16,2
DA:17,2
DA:18,2
DA:19,2
DA:20,2
DA:21,2
DA:22,2
DA:23,2
DA:24,2
DA:25,71
DA:26,71
DA:27,71
DA:28,71
DA:29,71
DA:30,2
DA:31,2
DA:32,2
DA:33,2
DA:34,2
DA:35,2
DA:36,2
DA:37,2
DA:38,2
DA:39,2
DA:40,2
DA:41,2
DA:42,2
DA:43,71
DA:44,71
DA:45,71
DA:46,71
DA:47,71
DA:48,71
DA:49,71
DA:50,71
DA:51,71
DA:52,71
DA:53,2
DA:54,2
DA:55,2
DA:56,2
DA:57,2
DA:58,2
DA:59,2
DA:60,2
DA:61,2
DA:62,2
DA:63,6
DA:64,6
DA:65,6
DA:66,6
DA:67,6
DA:68,6
DA:69,6
DA:70,6
DA:71,5
DA:72,5
DA:73,5
DA:74,5
DA:75,6
DA:76,2
DA:77,2
DA:78,2
DA:79,2
DA:80,2
DA:81,2
DA:82,2
DA:83,2
DA:84,2
DA:85,2
DA:86,2
DA:87,4
DA:88,4
DA:89,6
DA:90,1
DA:91,1
DA:92,1
DA:93,1
DA:94,1
DA:95,1
DA:96,1
DA:97,6
DA:98,1
DA:99,3
DA:100,1
DA:101,1
DA:102,1
DA:103,1
DA:104,1
DA:105,1
DA:106,1
DA:107,1
DA:108,1
DA:109,1
DA:110,1
DA:111,1
DA:112,1
DA:113,1
DA:114,1
DA:115,1
DA:116,1
DA:117,1
DA:118,1
DA:119,1
DA:120,6
DA:121,2
DA:122,2
DA:123,2
DA:124,2
DA:125,2
DA:126,2
DA:127,2
DA:128,2
DA:129,2
DA:130,2
DA:131,2
DA:132,2
DA:133,5
DA:134,5
DA:135,5
DA:136,5
DA:137,5
DA:138,5
DA:139,5
DA:140,5
DA:141,5
DA:142,5
DA:143,1
DA:144,1
DA:145,1
DA:146,1
DA:147,1
DA:148,1
DA:149,1
DA:150,1
DA:151,1
DA:152,1
DA:153,1
DA:154,1
DA:155,4
DA:156,4
DA:157,4
DA:158,5
DA:159,1
DA:160,1
DA:161,1
DA:162,1
DA:163,1
DA:164,1
DA:165,1
DA:166,1
DA:167,1
DA:168,1
DA:169,1
DA:170,3
DA:171,3
DA:172,3
DA:173,3
DA:174,3
DA:175,3
DA:176,3
DA:177,3
DA:178,3
DA:179,3
DA:180,3
DA:181,3
DA:182,3
DA:183,3
DA:184,3
DA:185,3
DA:186,3
DA:187,3
DA:188,3
DA:189,3
DA:190,3
DA:191,3
DA:192,3
DA:193,3
DA:194,3
DA:195,5
DA:196,1
DA:197,1
DA:198,1
DA:199,1
DA:200,1
DA:201,1
DA:202,1
DA:203,1
DA:204,1
DA:205,1
DA:206,1
DA:207,1
DA:208,1
DA:209,1
DA:210,1
DA:211,1
DA:212,1
DA:213,1
DA:214,1
DA:215,1
DA:216,1
DA:217,1
DA:218,1
DA:219,1
DA:220,5
DA:221,2
DA:222,2
DA:223,2
DA:224,2
DA:225,2
DA:226,2
DA:227,2
DA:228,2
DA:229,2
DA:230,2
DA:231,2
DA:232,2
DA:233,6
DA:234,6
DA:235,6
DA:236,6
DA:237,6
DA:238,6
DA:239,6
DA:240,1
DA:241,1
DA:242,1
DA:243,1
DA:244,1
DA:245,1
DA:246,1
DA:247,1
DA:248,1
DA:249,1
DA:250,1
DA:251,5
DA:252,5
DA:253,6
DA:254,1
DA:255,1
DA:256,1
DA:257,1
DA:258,1
DA:259,1
DA:260,1
DA:261,1
DA:262,1
DA:263,1
DA:264,1
DA:265,4
DA:266,4
DA:267,4
DA:268,6
DA:269,1
DA:270,1
DA:271,1
DA:272,1
DA:273,1
DA:274,1
DA:275,1
DA:276,1
DA:277,1
DA:278,1
DA:279,1
DA:280,3
DA:281,3
DA:282,3
DA:283,3
DA:284,3
DA:285,3
DA:286,3
DA:287,3
DA:288,3
DA:289,3
DA:290,3
DA:291,6
DA:292,1
DA:293,1
DA:294,1
DA:295,1
DA:296,1
DA:297,1
DA:298,1
DA:299,1
DA:300,1
DA:301,1
DA:302,1
DA:303,1
DA:304,1
DA:305,1
DA:306,1
DA:307,1
DA:308,1
DA:309,1
DA:310,1
DA:311,1
DA:312,1
DA:313,1
DA:314,1
DA:315,1
DA:316,1
DA:317,1
DA:318,1
DA:319,1
DA:320,1
DA:321,1
DA:322,1
DA:323,6
DA:324,2
DA:325,2
DA:326,2
DA:327,2
DA:328,2
DA:329,2
DA:330,2
DA:331,2
DA:332,2
DA:333,2
DA:334,2
DA:335,2
DA:336,6
DA:337,6
DA:338,6
DA:339,6
DA:340,6
DA:341,6
DA:342,6
DA:343,1
DA:344,1
DA:345,1
DA:346,1
DA:347,1
DA:348,1
DA:349,1
DA:350,1
DA:351,1
DA:352,1
DA:353,1
DA:354,5
DA:355,5
DA:356,6
DA:357,1
DA:358,1
DA:359,1
DA:360,1
DA:361,1
DA:362,1
DA:363,1
DA:364,1
DA:365,1
DA:366,1
DA:367,1
DA:368,4
DA:369,4
DA:370,4
DA:371,6
DA:372,1
DA:373,1
DA:374,1
DA:375,1
DA:376,1
DA:377,1
DA:378,1
DA:379,1
DA:380,1
DA:381,1
DA:382,1
DA:383,3
DA:384,3
DA:385,3
DA:386,3
DA:387,3
DA:388,3
DA:389,3
DA:390,3
DA:391,3
DA:392,3
DA:393,3
DA:394,6
DA:395,1
DA:396,1
DA:397,1
DA:398,1
DA:399,1
DA:400,1
DA:401,1
DA:402,1
DA:403,1
DA:404,1
DA:405,1
DA:406,1
DA:407,1
DA:408,1
DA:409,1
DA:410,1
DA:411,1
DA:412,1
DA:413,1
DA:414,1
DA:415,1
DA:416,1
DA:417,6
DA:418,2
DA:419,2
DA:420,2
DA:421,2
DA:422,2
DA:423,2
DA:424,2
DA:425,2
DA:426,2
DA:427,2
DA:428,2
DA:429,2
DA:430,2
DA:431,2
DA:432,1
DA:433,1
DA:434,1
DA:435,1
DA:436,1
DA:437,1
DA:438,1
DA:439,1
DA:440,1
DA:441,2
DA:442,2
DA:443,2
DA:444,2
DA:445,2
DA:446,2
DA:447,2
DA:448,2
DA:449,2
DA:450,3
DA:451,1
DA:452,1
DA:453,2
DA:454,2
DA:455,2
DA:456,2
DA:457,3
DA:458,2
DA:459,2
DA:460,2
DA:461,2
DA:462,2
DA:463,2
DA:464,2
DA:465,1
DA:466,1
DA:467,1
DA:468,2
DA:469,2
DA:470,2
DA:471,2
DA:472,2
DA:473,2
DA:474,2
DA:475,2
DA:476,1
DA:477,1
DA:478,1
DA:479,2
DA:480,2
DA:481,2
DA:482,2
DA:483,2
DA:484,2
DA:485,2
DA:486,2
DA:487,1
DA:488,1
DA:489,1
DA:490,2
DA:491,2
DA:492,2
DA:493,2
DA:494,2
DA:495,2
DA:496,2
DA:497,2
DA:498,3
DA:499,3
DA:500,3
DA:501,3
DA:502,3
DA:503,3
DA:504,3
DA:505,3
DA:506,3
DA:507,3
DA:508,3
DA:509,3
DA:510,3
DA:511,3
DA:512,3
DA:513,3
DA:514,3
DA:515,3
DA:516,3
DA:517,3
DA:518,3
DA:519,3
DA:520,1
DA:521,1
DA:522,1
DA:523,1
DA:524,1
DA:525,1
DA:526,1
DA:527,1
DA:528,1
DA:529,1
DA:530,1
DA:531,3
DA:532,2
DA:533,2
DA:534,2
DA:535,2
DA:536,2
DA:537,2
DA:538,2
DA:539,2
DA:540,5
DA:541,5
DA:542,1
DA:543,1
DA:544,3
DA:545,3
DA:546,3
DA:547,3
DA:548,3
DA:549,3
DA:550,3
DA:551,3
DA:552,3
DA:553,5
DA:554,1
DA:555,1
DA:556,1
DA:557,1
DA:558,1
DA:559,1
DA:560,1
DA:561,1
DA:562,5
DA:563,2
DA:564,2
DA:565,2
DA:566,2
DA:567,2
DA:568,2
DA:569,2
DA:570,2
DA:571,6
DA:572,6
DA:573,1
DA:574,1
DA:575,4
DA:576,6
DA:577,6
DA:578,6
DA:579,6
DA:580,6
DA:581,6
DA:582,6
DA:583,4
DA:584,6
DA:585,1
DA:586,1
DA:587,2
DA:588,3
DA:589,3
DA:590,3
DA:591,3
DA:592,2
DA:593,6
DA:594,2
DA:595,2
DA:596,2
DA:597,2
DA:598,2
DA:599,2
DA:600,2
DA:601,2
DA:602,6
DA:603,6
DA:604,1
DA:605,1
DA:606,4
DA:607,6
DA:608,6
DA:609,6
DA:610,6
DA:611,6
DA:612,6
DA:613,6
DA:614,6
DA:615,6
DA:616,4
DA:617,6
DA:618,1
DA:619,1
DA:620,2
DA:621,2
DA:622,2
DA:623,1
DA:624,1
DA:625,1
DA:626,1
DA:627,1
DA:628,1
DA:629,1
DA:630,1
DA:631,1
DA:632,2
DA:633,6
DA:634,2
DA:635,2
DA:636,2
DA:637,2
DA:638,2
DA:639,2
DA:640,2
DA:641,1
DA:642,1
DA:643,1
DA:644,1
DA:645,1
DA:646,1
DA:647,1
DA:648,1
DA:649,1
DA:650,1
DA:651,1
DA:652,1
DA:653,1
DA:654,1
DA:655,1
DA:656,1
DA:657,1
DA:658,1
DA:659,1
DA:660,1
DA:661,1
DA:662,1
DA:663,1
DA:664,1
DA:665,1
DA:666,1
DA:667,1
DA:668,1
DA:669,1
DA:670,1
DA:671,1
DA:672,1
DA:673,1
DA:674,1
DA:675,1
DA:676,1
DA:677,1
DA:678,1
DA:679,2
DA:680,2
DA:681,2
DA:682,2
DA:683,2
DA:684,2
DA:685,2
DA:686,2
DA:687,15
DA:688,15
DA:689,15
DA:690,1
DA:691,1
DA:692,14
DA:693,14
DA:694,14
DA:695,14
DA:696,14
DA:697,14
DA:698,14
DA:699,14
DA:700,15
DA:701,1
DA:702,1
DA:703,13
DA:704,13
DA:705,15
DA:706,1
DA:707,1
DA:708,15
DA:709,1
DA:710,1
DA:711,15
DA:712,1
DA:713,1
DA:714,10
DA:715,15
DA:716,9
DA:717,15
DA:718,2
DA:719,2
DA:720,8
DA:721,8
DA:722,8
DA:723,8
DA:724,8
DA:725,8
DA:726,8
DA:727,8
DA:728,15
DA:729,15
DA:730,15
DA:731,15
DA:732,15
DA:733,15
DA:734,15
DA:735,15
DA:736,15
DA:737,15
DA:738,15
DA:739,15
DA:740,15
DA:741,15
DA:742,15
DA:743,15
DA:744,15
DA:745,15
DA:746,1
DA:747,1
DA:748,8
DA:749,8
DA:750,8
DA:751,15
DA:752,1
DA:753,1
DA:754,7
DA:755,7
DA:756,7
DA:757,7
DA:758,7
DA:759,7
DA:760,7
DA:761,7
DA:762,7
DA:763,7
DA:764,7
DA:765,7
DA:766,7
DA:767,7
DA:768,7
DA:769,7
DA:770,7
DA:771,15
DA:772,15
DA:773,15
DA:774,15
DA:775,15
DA:776,15
DA:777,15
DA:778,15
DA:779,15
DA:780,15
DA:781,15
DA:782,15
DA:783,15
DA:784,15
DA:785,7
DA:786,7
DA:787,7
DA:788,7
DA:789,7
DA:790,7
DA:791,7
DA:792,7
DA:793,15
DA:794,15
DA:795,15
DA:796,15
DA:797,7
DA:798,7
DA:799,7
DA:800,15
DA:801,2
DA:802,2
DA:803,2
LF:803
LH:803
BRDA:1,0,0,2
BRDA:24,1,0,71
BRDA:42,2,0,71
BRDA:62,3,0,6
BRDA:71,4,0,5
BRDA:75,5,0,2
BRDA:87,6,0,4
BRDA:89,7,0,1
BRDA:97,8,0,3
BRDA:97,9,0,1
BRDA:99,10,0,2
BRDA:99,11,0,1
BRDA:104,12,0,1
BRDA:132,13,0,5
BRDA:142,14,0,1
BRDA:155,15,0,4
BRDA:158,16,0,1
BRDA:170,17,0,3
BRDA:195,18,0,1
BRDA:232,19,0,6
BRDA:239,20,0,1
BRDA:251,21,0,5
BRDA:253,22,0,1
BRDA:265,23,0,4
BRDA:268,24,0,1
BRDA:280,25,0,3
BRDA:291,26,0,1
BRDA:291,27,0,1
BRDA:335,28,0,6
BRDA:342,29,0,1
BRDA:354,30,0,5
BRDA:356,31,0,1
BRDA:368,32,0,4
BRDA:371,33,0,1
BRDA:383,34,0,3
BRDA:394,35,0,1
BRDA:425,36,0,2
BRDA:430,37,0,1
BRDA:432,38,0,1
BRDA:449,39,0,3
BRDA:450,40,0,1
BRDA:453,41,0,2
BRDA:464,42,0,1
BRDA:467,43,0,2
BRDA:486,44,0,1
BRDA:497,45,0,3
BRDA:519,46,0,1
BRDA:539,47,0,5
BRDA:541,48,0,1
BRDA:544,49,0,3
BRDA:553,50,0,1
BRDA:570,51,0,6
BRDA:572,52,0,1
BRDA:575,53,0,4
BRDA:576,54,0,3
BRDA:583,55,0,4
BRDA:584,56,0,1
BRDA:587,57,0,2
BRDA:587,58,0,3
BRDA:601,59,0,6
BRDA:603,60,0,1
BRDA:606,61,0,4
BRDA:607,62,0,3
BRDA:616,63,0,4
BRDA:617,64,0,1
BRDA:620,65,0,2
BRDA:622,66,0,1
BRDA:640,67,0,1
BRDA:686,68,0,15
BRDA:689,69,0,14
BRDA:689,70,0,1
BRDA:692,71,0,14
BRDA:700,72,0,1
BRDA:703,73,0,13
BRDA:705,74,0,1
BRDA:708,75,0,12
BRDA:708,76,0,1
BRDA:711,77,0,11
BRDA:711,78,0,1
BRDA:714,79,0,10
BRDA:715,80,0,9
BRDA:717,81,0,2
BRDA:720,82,0,8
BRDA:728,83,0,7
BRDA:731,84,0,2
BRDA:732,85,0,6
BRDA:736,86,0,2
BRDA:736,87,0,6
BRDA:737,88,0,2
BRDA:737,89,0,6
BRDA:739,90,0,2
BRDA:740,91,0,6
BRDA:745,92,0,8
BRDA:745,93,0,1
BRDA:748,94,0,8
BRDA:751,95,0,1
BRDA:754,96,0,7
BRDA:771,97,0,6
BRDA:772,98,0,6
BRDA:773,99,0,6
BRDA:774,100,0,6
BRDA:781,101,0,2
BRDA:782,102,0,7
BRDA:782,103,0,1
BRDA:783,104,0,7
BRDA:783,105,0,1
BRDA:784,106,0,7
BRDA:784,107,0,1
BRDA:785,108,0,7
BRDA:793,109,0,1
BRDA:794,110,0,7
BRDA:794,111,0,1
BRDA:795,112,0,7
BRDA:795,113,0,1
BRDA:796,114,0,7
BRDA:796,115,0,1
BRDA:797,116,0,7
BRF:117
BRH:117
end_of_record
TN:
SF:src/controllers/lti-provider.js
FN:16,<instance_members_initializer>
FN:30,LTIProviderController
FN:56,postGrade
FN:110,getLineItem
FN:129,getLineItems
FN:148,readGrade
FN:170,deleteGrade
FN:192,getResults
FN:211,createDeepLink
FNF:9
FNH:9
FNDA:40,<instance_members_initializer>
FNDA:40,LTIProviderController
FNDA:11,postGrade
FNDA:3,getLineItem
FNDA:4,getLineItems
FNDA:4,readGrade
FNDA:4,deleteGrade
FNDA:4,getResults
FNDA:6,createDeepLink
DA:1,1
DA:2,1
DA:3,1
DA:4,1
DA:5,1
DA:6,1
DA:7,1
DA:8,1
DA:9,1
DA:10,1
DA:11,1
DA:12,1
DA:13,1
DA:14,1
DA:15,1
DA:16,1
DA:17,40
DA:18,40
DA:19,40
DA:20,1
DA:21,1
DA:22,1
DA:23,1
DA:24,1
DA:25,1
DA:26,1
DA:27,1
DA:28,1
DA:29,1
DA:30,1
DA:31,40
DA:32,40
DA:33,40
DA:34,40
DA:35,40
DA:36,40
DA:37,40
DA:38,40
DA:39,1
DA:40,1
DA:41,1
DA:42,1
DA:43,1
DA:44,1
DA:45,1
DA:46,1
DA:47,1
DA:48,1
DA:49,1
DA:50,1
DA:51,1
DA:52,1
DA:53,1
DA:54,1
DA:55,1
DA:56,1
DA:57,11
DA:58,11
DA:59,11
DA:60,11
DA:61,11
DA:62,11
DA:63,11
DA:64,11
DA:65,11
DA:66,11
DA:67,11
DA:68,11
DA:69,11
DA:70,11
DA:71,11
DA:72,11
DA:73,11
DA:74,11
DA:75,11
DA:76,11
DA:77,11
DA:78,1
DA:79,1
DA:80,11
DA:81,1
DA:82,1
DA:83,11
DA:84,4
DA:85,4
DA:86,11
DA:87,1
DA:88,1
DA:89,1
DA:90,1
DA:91,4
DA:92,4
DA:93,11
DA:94,2
DA:95,2
DA:96,2
DA:97,2
DA:98,2
DA:99,2
DA:100,11
DA:101,1
DA:102,1
DA:103,1
DA:104,1
DA:105,1
DA:106,1
DA:107,1
DA:108,1
DA:109,1
DA:110,1
DA:111,3
DA:112,1
DA:113,1
DA:114,3
DA:115,1
DA:116,1
DA:117,1
DA:118,3
DA:119,1
DA:120,1
DA:121,1
DA:122,1
DA:123,1
DA:124,1
DA:125,1
DA:126,1
DA:127,1
DA:128,1
DA:129,1
DA:130,4
DA:131,1
DA:132,1
DA:133,4
DA:134,1
DA:135,1
DA:136,2
DA:137,4
DA:138,1
DA:139,1
DA:140,1
DA:141,1
DA:142,1
DA:143,1
DA:144,1
DA:145,1
DA:146,1
DA:147,1
DA:148,1
DA:149,4
DA:150,1
DA:151,1
DA:152,4
DA:153,1
DA:154,1
DA:155,4
DA:156,1
DA:157,1
DA:158,1
DA:159,4
DA:160,1
DA:161,1
DA:162,1
DA:163,1
DA:164,1
DA:165,1
DA:166,1
DA:167,1
DA:168,1
DA:169,1
DA:170,1
DA:171,4
DA:172,1
DA:173,1
DA:174,4
DA:175,1
DA:176,1
DA:177,4
DA:178,1
DA:179,1
DA:180,1
DA:181,4
DA:182,1
DA:183,1
DA:184,1
DA:185,1
DA:186,1
DA:187,1
DA:188,1
DA:189,1
DA:190,1
DA:191,1
DA:192,1
DA:193,4
DA:194,1
DA:195,1
DA:196,4
DA:197,1
DA:198,1
DA:199,2
DA:200,4
DA:201,1
DA:202,1
DA:203,1
DA:204,1
DA:205,1
DA:206,1
DA:207,1
DA:208,1
DA:209,1
DA:210,1
DA:211,1
DA:212,6
DA:213,6
DA:214,1
DA:215,1
DA:216,6
DA:217,1
DA:218,1
DA:219,6
DA:220,1
DA:221,1
DA:222,6
DA:223,1
DA:224,1
DA:225,6
DA:226,1
DA:227,1
DA:228,1
DA:229,1
DA:230,1
DA:231,1
DA:232,1
DA:233,1
DA:234,1
DA:235,1
DA:236,1
DA:237,1
DA:238,1
DA:239,1
DA:240,1
DA:241,1
DA:242,1
DA:243,1
DA:244,1
DA:245,1
DA:246,1
DA:247,1
DA:248,1
DA:249,1
DA:250,1
DA:251,1
DA:252,6
DA:253,1
DA:254,1
DA:255,1
LF:255
LH:255
BRDA:1,0,0,1
BRDA:16,1,0,40
BRDA:30,2,0,40
BRDA:56,3,0,11
BRDA:59,4,0,1
BRDA:59,5,0,10
BRDA:60,6,0,1
BRDA:60,7,0,10
BRDA:61,8,0,1
BRDA:61,9,0,10
BRDA:62,10,0,1
BRDA:62,11,0,10
BRDA:77,12,0,1
BRDA:80,13,0,10
BRDA:80,14,0,1
BRDA:83,15,0,9
BRDA:83,16,0,8
BRDA:83,17,0,7
BRDA:83,18,0,6
BRDA:83,19,0,4
BRDA:86,20,0,5
BRDA:86,21,0,3
BRDA:86,22,0,1
BRDA:91,23,0,4
BRDA:93,24,0,2
BRDA:110,25,0,3
BRDA:111,26,0,1
BRDA:114,27,0,2
BRDA:114,28,0,1
BRDA:129,29,0,4
BRDA:130,30,0,1
BRDA:133,31,0,3
BRDA:133,32,0,1
BRDA:136,33,0,2
BRDA:148,34,0,4
BRDA:149,35,0,1
BRDA:152,36,0,3
BRDA:152,37,0,1
BRDA:155,38,0,2
BRDA:155,39,0,1
BRDA:170,40,0,4
BRDA:171,41,0,1
BRDA:174,42,0,3
BRDA:174,43,0,1
BRDA:177,44,0,2
BRDA:177,45,0,1
BRDA:192,46,0,4
BRDA:193,47,0,1
BRDA:196,48,0,3
BRDA:196,49,0,1
BRDA:199,50,0,2
BRDA:211,51,0,6
BRDA:213,52,0,1
BRDA:216,53,0,5
BRDA:216,54,0,1
BRDA:219,55,0,4
BRDA:219,56,0,1
BRDA:222,57,0,3
BRDA:222,58,0,1
BRDA:225,59,0,2
BRDA:225,60,0,1
BRF:61
BRH:61
end_of_record
TN:
SF:src/controllers/lti-register.js
FN:12,<instance_members_initializer>
FN:29,LTIRegistrationController
FN:45,getLTI10Config
FN:52,escapeXml
FN:101,dynamicRegistration
FNF:5
FNH:5
FNDA:23,<instance_members_initializer>
FNDA:23,LTIRegistrationController
FNDA:2,getLTI10Config
FNDA:6,escapeXml
FNDA:11,dynamicRegistration
DA:1,2
DA:2,2
DA:3,2
DA:4,2
DA:5,2
DA:6,2
DA:7,2
DA:8,2
DA:9,2
DA:10,2
DA:11,2
DA:12,2
DA:13,23
DA:14,23
DA:15,23
DA:16,23
DA:17,2
DA:18,2
DA:19,2
DA:20,2
DA:21,2
DA:22,2
DA:23,2
DA:24,2
DA:25,2
DA:26,2
DA:27,2
DA:28,2
DA:29,2
DA:30,23
DA:31,23
DA:32,23
DA:33,23
DA:34,23
DA:35,23
DA:36,23
DA:37,23
DA:38,23
DA:39,2
DA:40,2
DA:41,2
DA:42,2
DA:43,2
DA:44,2
DA:45,2
DA:46,2
DA:47,2
DA:48,2
DA:49,2
DA:50,2
DA:51,2
DA:52,2
DA:53,2
DA:54,2
DA:55,3
DA:56,3
DA:57,2
DA:58,2
DA:59,2
DA:60,2
DA:61,2
DA:62,2
DA:63,1
DA:64,1
DA:65,1
DA:66,1
DA:67,1
DA:68,1
DA:69,2
DA:70,2
DA:71,2
DA:72,2
DA:73,2
DA:74,2
DA:75,2
DA:76,2
DA:77,2
DA:78,2
DA:79,2
DA:80,2
DA:81,2
DA:82,2
DA:83,2
DA:84,2
DA:85,2
DA:86,2
DA:87,2
DA:88,2
DA:89,2
DA:90,2
DA:91,2
DA:92,2
DA:93,2
DA:94,2
DA:95,2
DA:96,2
DA:97,2
DA:98,2
DA:99,2
DA:100,2
DA:101,2
DA:102,11
DA:103,11
DA:104,10
DA:105,10
DA:106,10
DA:107,10
DA:108,10
DA:109,10
DA:110,10
DA:111,10
DA:112,10
DA:113,10
DA:114,10
DA:115,10
DA:116,10
DA:117,10
DA:118,10
DA:119,11
DA:120,1
DA:121,1
DA:122,10
DA:123,10
DA:124,10
DA:125,10
DA:126,10
DA:127,10
DA:128,10
DA:129,10
DA:130,10
DA:131,10
DA:132,10
DA:133,10
DA:134,10
DA:135,10
DA:136,10
DA:137,11
DA:138,1
DA:139,1
DA:140,9
DA:141,9
DA:142,9
DA:143,9
DA:144,9
DA:145,9
DA:146,11
DA:147,1
DA:148,11
DA:149,1
DA:150,8
DA:151,1
DA:152,7
DA:153,6
DA:154,6
DA:155,9
DA:156,9
DA:157,9
DA:158,11
DA:159,1
DA:160,1
DA:161,1
DA:162,1
DA:163,1
DA:164,1
DA:165,1
DA:166,1
DA:167,1
DA:168,1
DA:169,1
DA:170,1
DA:171,1
DA:172,9
DA:173,9
DA:174,11
DA:175,1
DA:176,1
DA:177,1
DA:178,1
DA:179,1
DA:180,1
DA:181,1
DA:182,1
DA:183,1
DA:184,1
DA:185,1
DA:186,1
DA:187,1
DA:188,1
DA:189,9
DA:190,9
DA:191,9
DA:192,9
DA:193,9
DA:194,9
DA:195,9
DA:196,9
DA:197,9
DA:198,9
DA:199,9
DA:200,9
DA:201,9
DA:202,9
DA:203,9
DA:204,9
DA:205,9
DA:206,9
DA:207,9
DA:208,9
DA:209,9
DA:210,9
DA:211,9
DA:212,9
DA:213,9
DA:214,9
DA:215,9
DA:216,9
DA:217,9
DA:218,9
DA:219,9
DA:220,9
DA:221,11
DA:222,2
DA:223,2
DA:224,2
DA:225,2
DA:226,2
DA:227,11
DA:228,2
DA:229,2
DA:230,2
LF:230
LH:230
BRDA:1,0,0,2
BRDA:12,1,0,23
BRDA:29,2,0,23
BRDA:45,3,0,2
BRDA:54,4,0,3
BRDA:62,5,0,1
BRDA:52,6,0,6
BRDA:101,7,0,11
BRDA:104,8,0,10
BRDA:119,9,0,1
BRDA:122,10,0,10
BRDA:137,11,0,1
BRDA:140,12,0,9
BRDA:146,13,0,1
BRDA:148,14,0,8
BRDA:148,15,0,1
BRDA:150,16,0,7
BRDA:150,17,0,1
BRDA:152,18,0,6
BRDA:155,19,0,9
BRDA:158,20,0,1
BRDA:172,21,0,9
BRDA:174,22,0,1
BRDA:189,23,0,9
BRDA:221,24,0,7
BRDA:221,25,0,2
BRDA:223,26,0,1
BRF:27
BRH:27
end_of_record
TN:
SF:src/controllers/provider.js
FN:16,<instance_members_initializer>
FN:25,ProviderController
FN:36,getAll
FN:47,getById
FN:58,getByKey
FN:73,getByName
FN:88,createProvider
FN:136,updateProvider
FN:164,deleteProvider
FN:189,getSecret
FN:214,updateSecret
FN:260,getAllKeys
FN:272,#generateKeys
FNF:13
FNH:13
FNDA:24,<instance_members_initializer>
FNDA:24,ProviderController
FNDA:1,getAll
FNDA:1,getById
FNDA:1,getByKey
FNDA:2,getByName
FNDA:2,createProvider
FNDA:3,updateProvider
FNDA:2,deleteProvider
FNDA:3,getSecret
FNDA:3,updateSecret
FNDA:1,getAllKeys
FNDA:4,#generateKeys
DA:1,2
DA:2,2
DA:3,2
DA:4,2
DA:5,2
DA:6,2
DA:7,2
DA:8,2
DA:9,2
DA:10,2
DA:11,2
DA:12,2
DA:13,2
DA:14,2
DA:15,2
DA:16,2
DA:17,24
DA:18,2
DA:19,2
DA:20,2
DA:21,2
DA:22,2
DA:23,2
DA:24,2
DA:25,2
DA:26,24
DA:27,24
DA:28,24
DA:29,24
DA:30,2
DA:31,2
DA:32,2
DA:33,2
DA:34,2
DA:35,2
DA:36,2
DA:37,1
DA:38,1
DA:39,1
DA:40,2
DA:41,2
DA:42,2
DA:43,2
DA:44,2
DA:45,2
DA:46,2
DA:47,2
DA:48,1
DA:49,1
DA:50,1
DA:51,2
DA:52,2
DA:53,2
DA:54,2
DA:55,2
DA:56,2
DA:57,2
DA:58,2
DA:59,1
DA:60,1
DA:61,1
DA:62,1
DA:63,1
DA:64,1
DA:65,1
DA:66,2
DA:67,2
DA:68,2
DA:69,2
DA:70,2
DA:71,2
DA:72,2
DA:73,2
DA:74,2
DA:75,2
DA:76,2
DA:77,2
DA:78,2
DA:79,2
DA:80,2
DA:81,2
DA:82,2
DA:83,2
DA:84,2
DA:85,2
DA:86,2
DA:87,2
DA:88,2
DA:89,2
DA:90,2
DA:91,2
DA:92,1
DA:93,1
DA:94,2
DA:95,1
DA:96,1
DA:97,2
DA:98,2
DA:99,2
DA:100,2
DA:101,2
DA:102,2
DA:103,2
DA:104,2
DA:105,2
DA:106,2
DA:107,2
DA:108,2
DA:109,2
DA:110,2
DA:111,2
DA:112,2
DA:113,2
DA:114,2
DA:115,2
DA:116,2
DA:117,2
DA:118,2
DA:119,2
DA:120,2
DA:121,2
DA:122,2
DA:123,2
DA:124,2
DA:125,2
DA:126,2
DA:127,2
DA:128,2
DA:129,2
DA:130,2
DA:131,2
DA:132,2
DA:133,2
DA:134,2
DA:135,2
DA:136,2
DA:137,3
DA:138,3
DA:139,1
DA:140,1
DA:141,2
DA:142,2
DA:143,3
DA:144,3
DA:145,3
DA:146,3
DA:147,3
DA:148,3
DA:149,3
DA:150,3
DA:151,3
DA:152,3
DA:153,3
DA:154,3
DA:155,2
DA:156,3
DA:157,2
DA:158,2
DA:159,2
DA:160,2
DA:161,2
DA:162,2
DA:163,2
DA:164,2
DA:165,2
DA:166,2
DA:167,1
DA:168,1
DA:169,1
DA:170,1
DA:171,1
DA:172,1
DA:173,1
DA:174,1
DA:175,1
DA:176,1
DA:177,1
DA:178,1
DA:179,1
DA:180,1
DA:181,2
DA:182,2
DA:183,2
DA:184,2
DA:185,2
DA:186,2
DA:187,2
DA:188,2
DA:189,2
DA:190,3
DA:191,3
DA:192,1
DA:193,1
DA:194,2
DA:195,2
DA:196,2
DA:197,2
DA:198,2
DA:199,2
DA:200,3
DA:201,1
DA:202,1
DA:203,1
DA:204,3
DA:205,2
DA:206,2
DA:207,2
DA:208,2
DA:209,2
DA:210,2
DA:211,2
DA:212,2
DA:213,2
DA:214,2
DA:215,3
DA:216,3
DA:217,1
DA:218,1
DA:219,2
DA:220,2
DA:221,2
DA:222,2
DA:223,2
DA:224,2
DA:225,2
DA:226,2
DA:227,2
DA:228,2
DA:229,2
DA:230,2
DA:231,2
DA:232,2
DA:233,2
DA:234,2
DA:235,2
DA:236,2
DA:237,2
DA:238,2
DA:239,2
DA:240,2
DA:241,2
DA:242,2
DA:243,2
DA:244,2
DA:245,2
DA:246,2
DA:247,2
DA:248,2
DA:249,2
DA:250,2
DA:251,2
DA:252,2
DA:253,3
DA:254,2
DA:255,2
DA:256,2
DA:257,2
DA:258,2
DA:259,2
DA:260,2
DA:261,1
DA:262,1
DA:263,1
DA:264,1
DA:265,1
DA:266,2
DA:267,2
DA:268,2
DA:269,2
DA:270,2
DA:271,2
DA:272,2
DA:273,4
DA:274,4
DA:275,4
DA:276,4
DA:277,4
DA:278,4
DA:279,2
DA:280,2
DA:281,2
LF:281
LH:281
BRDA:1,0,0,2
BRDA:16,1,0,24
BRDA:25,2,0,24
BRDA:36,3,0,1
BRDA:47,4,0,1
BRDA:58,5,0,1
BRDA:73,6,0,2
BRDA:88,7,0,2
BRDA:90,8,0,2
BRDA:91,9,0,1
BRDA:94,10,0,1
BRDA:136,11,0,3
BRDA:138,12,0,1
BRDA:141,13,0,2
BRDA:148,14,0,2
BRDA:155,15,0,2
BRDA:164,16,0,2
BRDA:166,17,0,1
BRDA:169,18,0,1
BRDA:189,19,0,3
BRDA:191,20,0,1
BRDA:194,21,0,2
BRDA:200,22,0,1
BRDA:214,23,0,3
BRDA:216,24,0,1
BRDA:219,25,0,2
BRDA:222,26,0,2
BRDA:232,27,0,1
BRDA:233,28,0,1
BRDA:260,29,0,1
BRDA:272,30,0,4
BRF:31
BRH:31
end_of_record
TN:
SF:src/lib/callback-validation.js
FN:6,assertType
FN:15,assertGradeResult
FN:25,assertScoreResult
FN:35,assertLineItem
FN:47,assertLineItems
FN:70,assertResults
FN:91,assertRedirectUrl
FNF:7
FNH:7
FNDA:67,assertType
FNDA:15,assertGradeResult
FNDA:8,assertScoreResult
FNDA:8,assertLineItem
FNDA:13,assertLineItems
FNDA:12,assertResults
FNDA:15,assertRedirectUrl
DA:1,4
DA:2,4
DA:3,4
DA:4,4
DA:5,4
DA:6,67
DA:7,67
DA:8,18
DA:9,18
DA:10,67
DA:11,4
DA:12,4
DA:13,4
DA:14,4
DA:15,15
DA:16,15
DA:17,4
DA:18,4
DA:19,11
DA:20,15
DA:21,4
DA:22,4
DA:23,4
DA:24,4
DA:25,8
DA:26,8
DA:27,3
DA:28,3
DA:29,5
DA:30,8
DA:31,4
DA:32,4
DA:33,4
DA:34,4
DA:35,8
DA:36,8
DA:37,3
DA:38,3
DA:39,5
DA:40,5
DA:41,8
DA:42,4
DA:43,4
DA:44,4
DA:45,4
DA:46,4
DA:47,13
DA:48,13
DA:49,3
DA:50,3
DA:51,13
DA:52,1
DA:53,1
DA:54,9
DA:55,10
DA:56,10
DA:57,1
DA:58,1
DA:59,9
DA:60,9
DA:61,9
DA:62,9
DA:63,9
DA:64,13
DA:65,4
DA:66,4
DA:67,4
DA:68,4
DA:69,4
DA:70,12
DA:71,12
DA:72,3
DA:73,3
DA:74,12
DA:75,1
DA:76,1
DA:77,8
DA:78,7
DA:79,7
DA:80,1
DA:81,1
DA:82,6
DA:83,6
DA:84,6
DA:85,8
DA:86,12
DA:87,4
DA:88,4
DA:89,4
DA:90,4
DA:91,15
DA:92,15
DA:93,6
DA:94,6
DA:95,15
DA:96,4
DA:97,4
LF:97
LH:97
BRDA:1,0,0,4
BRDA:6,1,0,67
BRDA:7,2,0,18
BRDA:15,3,0,15
BRDA:16,4,0,11
BRDA:16,5,0,4
BRDA:19,6,0,11
BRDA:25,7,0,8
BRDA:26,8,0,6
BRDA:26,9,0,3
BRDA:29,10,0,5
BRDA:35,11,0,8
BRDA:36,12,0,6
BRDA:36,13,0,3
BRDA:39,14,0,5
BRDA:47,15,0,13
BRDA:48,16,0,11
BRDA:48,17,0,3
BRDA:51,18,0,10
BRDA:51,19,0,1
BRDA:54,20,0,9
BRDA:54,21,0,10
BRDA:56,22,0,9
BRDA:56,23,0,1
BRDA:59,24,0,9
BRDA:70,25,0,12
BRDA:71,26,0,10
BRDA:71,27,0,3
BRDA:74,28,0,9
BRDA:74,29,0,1
BRDA:77,30,0,8
BRDA:77,31,0,7
BRDA:79,32,0,6
BRDA:79,33,0,1
BRDA:82,34,0,6
BRDA:91,35,0,15
BRDA:92,36,0,10
BRDA:92,37,0,6
BRF:38
BRH:38
end_of_record
TN:
SF:src/lib/encryption.js
FN:21,encrypt
FN:36,decrypt
FNF:2
FNH:2
FNDA:15,encrypt
FNDA:11,decrypt
DA:1,3
DA:2,3
DA:3,3
DA:4,3
DA:5,3
DA:6,3
DA:7,3
DA:8,3
DA:9,3
DA:10,3
DA:11,3
DA:12,3
DA:13,3
DA:14,3
DA:15,3
DA:16,3
DA:17,3
DA:18,3
DA:19,3
DA:20,3
DA:21,15
DA:22,15
DA:23,15
DA:24,15
DA:25,15
DA:26,15
DA:27,15
DA:28,3
DA:29,3
DA:30,3
DA:31,3
DA:32,3
DA:33,3
DA:34,3
DA:35,3
DA:36,11
DA:37,11
DA:38,11
DA:39,11
DA:40,11
DA:41,11
DA:42,11
DA:43,11
DA:44,11
DA:45,11
DA:46,3
DA:47,3
LF:47
LH:47
BRDA:1,0,0,3
BRDA:21,1,0,15
BRDA:36,2,0,11
BRF:3
BRH:3
end_of_record
TN:
SF:src/lib/jwks-cache.js
FN:20,getJwksClient
FN:41,clearJwksCache
FNF:2
FNH:2
FNDA:25,getJwksClient
FNDA:531,clearJwksCache
DA:1,8
DA:2,8
DA:3,8
DA:4,8
DA:5,8
DA:6,8
DA:7,8
DA:8,8
DA:9,8
DA:10,8
DA:11,8
DA:12,8
DA:13,8
DA:14,8
DA:15,8
DA:16,8
DA:17,8
DA:18,8
DA:19,8
DA:20,25
DA:21,25
DA:22,24
DA:23,24
DA:24,24
DA:25,24
DA:26,24
DA:27,24
DA:28,24
DA:29,24
DA:30,24
DA:31,24
DA:32,24
DA:33,25
DA:34,25
DA:35,8
DA:36,8
DA:37,8
DA:38,8
DA:39,8
DA:40,8
DA:41,531
DA:42,531
DA:43,531
DA:44,8
DA:45,8
LF:45
LH:45
BRDA:1,0,0,8
BRDA:20,1,0,25
BRDA:21,2,0,24
BRDA:41,3,0,531
BRF:4
BRH:4
end_of_record
TN:
SF:src/lib/lti10.js
FN:16,<instance_members_initializer>
FN:28,LTI10Utils
FN:41,validate10
FN:85,oauth_sign
FN:110,#rfc3986
FN:126,#normalizeParams
FN:164,#compare
FN:176,validateOauthBody
FN:237,#validateOauthParams
FN:332,#signOauthBody
FN:364,postOutcome
FN:479,readOutcome
FN:548,deleteOutcome
FN:617,buildResponse
FN:714,validateBasicOutcomesRequest
FN:761,validateReplaceResultRequest
FN:810,validateSourcedIdRequest
FN:832,validateConfigXML
FNF:18
FNH:18
FNDA:253,<instance_members_initializer>
FNDA:253,LTI10Utils
FNDA:20,validate10
FNDA:25,oauth_sign
FNDA:485,#rfc3986
FNDA:25,#normalizeParams
FNDA:393,#compare
FNDA:8,validateOauthBody
FNDA:25,#validateOauthParams
FNDA:12,#signOauthBody
FNDA:4,postOutcome
FNDA:5,readOutcome
FNDA:4,deleteOutcome
FNDA:2,buildResponse
FNDA:10,validateBasicOutcomesRequest
FNDA:8,validateReplaceResultRequest
FNDA:4,validateSourcedIdRequest
FNDA:14,validateConfigXML
DA:1,4
DA:2,4
DA:3,4
DA:4,4
DA:5,4
DA:6,4
DA:7,4
DA:8,4
DA:9,4
DA:10,4
DA:11,4
DA:12,4
DA:13,4
DA:14,4
DA:15,4
DA:16,4
DA:17,253
DA:18,253
DA:19,253
DA:20,4
DA:21,4
DA:22,4
DA:23,4
DA:24,4
DA:25,4
DA:26,4
DA:27,4
DA:28,4
DA:29,253
DA:30,253
DA:31,253
DA:32,253
DA:33,253
DA:34,253
DA:35,4
DA:36,4
DA:37,4
DA:38,4
DA:39,4
DA:40,4
DA:41,4
DA:42,20
DA:43,20
DA:44,20
DA:45,20
DA:46,1
DA:47,1
DA:48,19
DA:49,19
DA:50,19
DA:51,5
DA:52,5
DA:53,5
DA:54,5
DA:55,5
DA:56,20
DA:57,2
DA:58,2
DA:59,3
DA:60,20
DA:61,2
DA:62,2
DA:63,1
DA:64,1
DA:65,1
DA:66,20
DA:67,4
DA:68,4
DA:69,4
DA:70,4
DA:71,4
DA:72,4
DA:73,4
DA:74,4
DA:75,4
DA:76,4
DA:77,4
DA:78,4
DA:79,4
DA:80,4
DA:81,4
DA:82,4
DA:83,4
DA:84,4
DA:85,4
DA:86,25
DA:87,25
DA:88,25
DA:89,25
DA:90,25
DA:91,25
DA:92,25
DA:93,25
DA:94,25
DA:95,25
DA:96,25
DA:97,25
DA:98,25
DA:99,25
DA:100,25
DA:101,4
DA:102,4
DA:103,4
DA:104,4
DA:105,4
DA:106,4
DA:107,4
DA:108,4
DA:109,4
DA:110,4
DA:111,485
DA:112,485
DA:113,485
DA:114,485
DA:115,485
DA:116,485
DA:117,485
DA:118,4
DA:119,4
DA:120,4
DA:121,4
DA:122,4
DA:123,4
DA:124,4
DA:125,4
DA:126,4
DA:127,25
DA:128,25
DA:129,25
DA:130,25
DA:131,25
DA:132,1
DA:133,1
DA:134,25
DA:135,25
DA:136,25
DA:137,25
DA:138,25
DA:139,1
DA:140,1
DA:141,25
DA:142,25
DA:143,25
DA:144,25
DA:145,25
DA:146,205
DA:147,25
DA:148,25
DA:149,25
DA:150,25
DA:151,25
DA:152,25
DA:153,25
DA:154,25
DA:155,4
DA:156,4
DA:157,4
DA:158,4
DA:159,4
DA:160,4
DA:161,4
DA:162,4
DA:163,4
DA:164,4
DA:165,1
DA:166,1
DA:167,393
DA:168,4
DA:169,4
DA:170,4
DA:171,4
DA:172,4
DA:173,4
DA:174,4
DA:175,4
DA:176,4
DA:177,8
DA:178,8
DA:179,8
DA:180,1
DA:181,1
DA:182,8
DA:183,1
DA:184,1
DA:185,6
DA:186,6
DA:187,6
DA:188,6
DA:189,6
DA:190,6
DA:191,8
DA:192,71
DA:193,71
DA:194,71
DA:195,71
DA:196,71
DA:197,6
DA:198,6
DA:199,6
DA:200,6
DA:201,6
DA:202,6
DA:203,6
DA:204,6
DA:205,6
DA:206,6
DA:207,6
DA:208,6
DA:209,6
DA:210,6
DA:211,8
DA:212,1
DA:213,1
DA:214,8
DA:215,1
DA:216,1
DA:217,8
DA:218,1
DA:219,1
DA:220,8
DA:221,2
DA:222,2
DA:223,1
DA:224,1
DA:225,8
DA:226,4
DA:227,4
DA:228,4
DA:229,4
DA:230,4
DA:231,4
DA:232,4
DA:233,4
DA:234,4
DA:235,4
DA:236,4
DA:237,4
DA:238,25
DA:239,25
DA:240,25
DA:241,25
DA:242,25
DA:243,2
DA:244,2
DA:245,23
DA:246,25
DA:247,2
DA:248,2
DA:249,21
DA:250,25
DA:251,1
DA:252,1
DA:253,20
DA:254,25
DA:255,1
DA:256,1
DA:257,19
DA:258,25
DA:259,1
DA:260,1
DA:261,18
DA:262,25
DA:263,1
DA:264,1
DA:265,17
DA:266,17
DA:267,17
DA:268,25
DA:269,1
DA:270,1
DA:271,16
DA:272,25
DA:273,1
DA:274,1
DA:275,15
DA:276,15
DA:277,15
DA:278,15
DA:279,15
DA:280,15
DA:281,15
DA:282,25
DA:283,1
DA:284,1
DA:285,14
DA:286,14
DA:287,14
DA:288,14
DA:289,14
DA:290,25
DA:291,1
DA:292,1
DA:293,13
DA:294,13
DA:295,13
DA:296,13
DA:297,13
DA:298,13
DA:299,13
DA:300,13
DA:301,13
DA:302,13
DA:303,13
DA:304,13
DA:305,13
DA:306,25
DA:307,1
DA:308,1
DA:309,12
DA:310,12
DA:311,12
DA:312,12
DA:313,12
DA:314,12
DA:315,25
DA:316,1
DA:317,1
DA:318,11
DA:319,11
DA:320,25
DA:321,4
DA:322,4
DA:323,4
DA:324,4
DA:325,4
DA:326,4
DA:327,4
DA:328,4
DA:329,4
DA:330,4
DA:331,4
DA:332,4
DA:333,12
DA:334,12
DA:335,12
DA:336,12
DA:337,12
DA:338,12
DA:339,12
DA:340,12
DA:341,12
DA:342,12
DA:343,12
DA:344,12
DA:345,12
DA:346,12
DA:347,12
DA:348,84
DA:349,12
DA:350,12
DA:351,12
DA:352,12
DA:353,4
DA:354,4
DA:355,4
DA:356,4
DA:357,4
DA:358,4
DA:359,4
DA:360,4
DA:361,4
DA:362,4
DA:363,4
DA:364,4
DA:365,4
DA:366,4
DA:367,4
DA:368,4
DA:369,4
DA:370,4
DA:371,4
DA:372,4
DA:373,4
DA:374,4
DA:375,4
DA:376,4
DA:377,4
DA:378,4
DA:379,4
DA:380,4
DA:381,4
DA:382,4
DA:383,4
DA:384,4
DA:385,4
DA:386,4
DA:387,4
DA:388,4
DA:389,4
DA:390,4
DA:391,4
DA:392,4
DA:393,4
DA:394,4
DA:395,4
DA:396,4
DA:397,4
DA:398,4
DA:399,4
DA:400,4
DA:401,4
DA:402,4
DA:403,4
DA:404,4
DA:405,4
DA:406,4
DA:407,4
DA:408,4
DA:409,4
DA:410,4
DA:411,4
DA:412,4
DA:413,4
DA:414,4
DA:415,4
DA:416,4
DA:417,4
DA:418,4
DA:419,4
DA:420,4
DA:421,4
DA:422,4
DA:423,4
DA:424,4
DA:425,4
DA:426,4
DA:427,4
DA:428,4
DA:429,4
DA:430,4
DA:431,1
DA:432,1
DA:433,3
DA:434,3
DA:435,3
DA:436,3
DA:437,3
DA:438,3
DA:439,3
DA:440,3
DA:441,3
DA:442,3
DA:443,3
DA:444,3
DA:445,3
DA:446,3
DA:447,3
DA:448,3
DA:449,3
DA:450,4
DA:451,2
DA:452,2
DA:453,2
DA:454,2
DA:455,2
DA:456,2
DA:457,2
DA:458,2
DA:459,2
DA:460,1
DA:461,1
DA:462,1
DA:463,1
DA:464,1
DA:465,4
DA:466,1
DA:467,1
DA:468,4
DA:469,4
DA:470,4
DA:471,4
DA:472,4
DA:473,4
DA:474,4
DA:475,4
DA:476,4
DA:477,4
DA:478,4
DA:479,4
DA:480,5
DA:481,5
DA:482,5
DA:483,5
DA:484,5
DA:485,5
DA:486,5
DA:487,5
DA:488,5
DA:489,5
DA:490,5
DA:491,5
DA:492,5
DA:493,5
DA:494,5
DA:495,5
DA:496,5
DA:497,5
DA:498,5
DA:499,5
DA:500,5
DA:501,5
DA:502,5
DA:503,1
DA:504,1
DA:505,4
DA:506,4
DA:507,4
DA:508,4
DA:509,4
DA:510,4
DA:511,4
DA:512,4
DA:513,4
DA:514,5
DA:515,3
DA:516,3
DA:517,3
DA:518,3
DA:519,3
DA:520,3
DA:521,3
DA:522,3
DA:523,2
DA:524,2
DA:525,2
DA:526,1
DA:527,1
DA:528,1
DA:529,1
DA:530,1
DA:531,3
DA:532,1
DA:533,1
DA:534,5
DA:535,1
DA:536,1
DA:537,5
DA:538,4
DA:539,4
DA:540,4
DA:541,4
DA:542,4
DA:543,4
DA:544,4
DA:545,4
DA:546,4
DA:547,4
DA:548,4
DA:549,4
DA:550,4
DA:551,4
DA:552,4
DA:553,4
DA:554,4
DA:555,4
DA:556,4
DA:557,4
DA:558,4
DA:559,4
DA:560,4
DA:561,4
DA:562,4
DA:563,4
DA:564,4
DA:565,4
DA:566,4
DA:567,4
DA:568,4
DA:569,4
DA:570,4
DA:571,4
DA:572,1
DA:573,1
DA:574,3
DA:575,3
DA:576,3
DA:577,3
DA:578,3
DA:579,3
DA:580,3
DA:581,3
DA:582,3
DA:583,4
DA:584,2
DA:585,2
DA:586,2
DA:587,2
DA:588,2
DA:589,2
DA:590,2
DA:591,2
DA:592,1
DA:593,1
DA:594,1
DA:595,1
DA:596,1
DA:597,4
DA:598,1
DA:599,1
DA:600,4
DA:601,4
DA:602,4
DA:603,4
DA:604,4
DA:605,4
DA:606,4
DA:607,4
DA:608,4
DA:609,4
DA:610,4
DA:611,4
DA:612,4
DA:613,4
DA:614,4
DA:615,4
DA:616,4
DA:617,4
DA:618,2
DA:619,2
DA:620,2
DA:621,2
DA:622,2
DA:623,2
DA:624,2
DA:625,2
DA:626,2
DA:627,2
DA:628,2
DA:629,2
DA:630,2
DA:631,2
DA:632,2
DA:633,2
DA:634,2
DA:635,2
DA:636,2
DA:637,2
DA:638,2
DA:639,2
DA:640,2
DA:641,2
DA:642,2
DA:643,2
DA:644,2
DA:645,2
DA:646,2
DA:647,2
DA:648,2
DA:649,2
DA:650,2
DA:651,2
DA:652,2
DA:653,2
DA:654,2
DA:655,2
DA:656,2
DA:657,2
DA:658,2
DA:659,2
DA:660,2
DA:661,2
DA:662,2
DA:663,2
DA:664,2
DA:665,2
DA:666,2
DA:667,2
DA:668,2
DA:669,2
DA:670,2
DA:671,2
DA:672,2
DA:673,2
DA:674,2
DA:675,2
DA:676,2
DA:677,2
DA:678,2
DA:679,2
DA:680,2
DA:681,2
DA:682,2
DA:683,2
DA:684,2
DA:685,2
DA:686,2
DA:687,2
DA:688,2
DA:689,2
DA:690,2
DA:691,2
DA:692,2
DA:693,2
DA:694,2
DA:695,2
DA:696,2
DA:697,2
DA:698,2
DA:699,2
DA:700,2
DA:701,2
DA:702,2
DA:703,2
DA:704,2
DA:705,2
DA:706,4
DA:707,4
DA:708,4
DA:709,4
DA:710,4
DA:711,4
DA:712,4
DA:713,4
DA:714,4
DA:715,10
DA:716,10
DA:717,10
DA:718,9
DA:719,10
DA:720,2
DA:721,2
DA:722,8
DA:723,8
DA:724,8
DA:725,8
DA:726,10
DA:727,1
DA:728,1
DA:729,7
DA:730,7
DA:731,10
DA:732,1
DA:733,1
DA:734,6
DA:735,6
DA:736,10
DA:737,2
DA:738,2
DA:739,10
DA:740,2
DA:741,2
DA:742,2
DA:743,2
DA:744,10
DA:745,1
DA:746,1
DA:747,1
DA:748,1
DA:749,1
DA:750,1
DA:751,1
DA:752,10
DA:753,4
DA:754,4
DA:755,4
DA:756,4
DA:757,4
DA:758,4
DA:759,4
DA:760,4
DA:761,4
DA:762,8
DA:763,8
DA:764,1
DA:765,1
DA:766,7
DA:767,7
DA:768,7
DA:769,8
DA:770,1
DA:771,1
DA:772,6
DA:773,6
DA:774,6
DA:775,8
DA:776,1
DA:777,1
DA:778,8
DA:779,1
DA:780,1
DA:781,4
DA:782,4
DA:783,4
DA:784,8
DA:785,1
DA:786,1
DA:787,3
DA:788,3
DA:789,8
DA:790,1
DA:791,1
DA:792,2
DA:793,8
DA:794,1
DA:795,1
DA:796,1
DA:797,1
DA:798,1
DA:799,1
DA:800,1
DA:801,8
DA:802,4
DA:803,4
DA:804,4
DA:805,4
DA:806,4
DA:807,4
DA:808,4
DA:809,4
DA:810,4
DA:811,4
DA:812,1
DA:813,1
DA:814,3
DA:815,4
DA:816,1
DA:817,1
DA:818,2
DA:819,4
DA:820,1
DA:821,1
DA:822,1
DA:823,4
DA:824,4
DA:825,4
DA:826,4
DA:827,4
DA:828,4
DA:829,4
DA:830,4
DA:831,4
DA:832,4
DA:833,14
DA:834,14
DA:835,1
DA:836,1
DA:837,13
DA:838,13
DA:839,14
DA:840,3
DA:841,3
DA:842,3
DA:843,1
DA:844,1
DA:845,1
DA:846,1
DA:847,3
DA:848,2
DA:849,2
DA:850,3
DA:851,11
DA:852,11
DA:853,11
DA:854,11
DA:855,10
DA:856,10
DA:857,10
DA:858,10
DA:859,10
DA:860,10
DA:861,10
DA:862,10
DA:863,10
DA:864,10
DA:865,10
DA:866,10
DA:867,10
DA:868,10
DA:869,10
DA:870,10
DA:871,10
DA:872,10
DA:873,10
DA:874,10
DA:875,10
DA:876,10
DA:877,10
DA:878,10
DA:879,10
DA:880,10
DA:881,10
DA:882,10
DA:883,10
DA:884,10
DA:885,10
DA:886,10
DA:887,10
DA:888,14
DA:889,1
DA:890,1
DA:891,14
DA:892,1
DA:893,1
DA:894,14
DA:895,1
DA:896,1
DA:897,14
DA:898,1
DA:899,1
DA:900,14
DA:901,1
DA:902,1
DA:903,14
DA:904,1
DA:905,1
DA:906,14
DA:907,1
DA:908,1
DA:909,3
DA:910,3
DA:911,3
DA:912,3
DA:913,3
DA:914,3
DA:915,3
DA:916,3
DA:917,3
DA:918,3
DA:919,3
DA:920,3
DA:921,14
DA:922,3
DA:923,3
DA:924,2
DA:925,4
DA:926,2
DA:927,3
DA:928,1
DA:929,1
DA:930,3
DA:931,3
DA:932,3
DA:933,3
DA:934,14
DA:935,3
DA:936,3
DA:937,2
DA:938,6
DA:939,2
DA:940,3
DA:941,1
DA:942,1
DA:943,3
DA:944,3
DA:945,3
DA:946,14
DA:947,4
DA:948,4
DA:949,4
LF:949
LH:949
BRDA:1,0,0,4
BRDA:16,1,0,253
BRDA:28,2,0,253
BRDA:41,3,0,20
BRDA:45,4,0,1
BRDA:48,5,0,19
BRDA:51,6,0,5
BRDA:56,7,0,4
BRDA:56,8,0,2
BRDA:59,9,0,3
BRDA:60,10,0,2
BRDA:60,11,0,2
BRDA:63,12,0,1
BRDA:85,13,0,25
BRDA:110,14,0,485
BRDA:126,15,0,25
BRDA:131,16,0,205
BRDA:133,17,0,1
BRDA:138,18,0,393
BRDA:140,19,0,1
BRDA:145,20,0,205
BRDA:164,21,0,393
BRDA:166,22,0,1
BRDA:166,23,0,1
BRDA:166,24,0,1
BRDA:176,25,0,8
BRDA:179,26,0,1
BRDA:182,27,0,7
BRDA:182,28,0,1
BRDA:185,29,0,6
BRDA:191,30,0,71
BRDA:197,31,0,6
BRDA:211,32,0,1
BRDA:214,33,0,5
BRDA:214,34,0,1
BRDA:217,35,0,4
BRDA:217,36,0,1
BRDA:220,37,0,3
BRDA:220,38,0,2
BRDA:223,39,0,1
BRDA:237,40,0,25
BRDA:242,41,0,24
BRDA:242,42,0,2
BRDA:245,43,0,23
BRDA:246,44,0,22
BRDA:246,45,0,2
BRDA:249,46,0,21
BRDA:250,47,0,1
BRDA:253,48,0,20
BRDA:254,49,0,1
BRDA:257,50,0,19
BRDA:258,51,0,1
BRDA:261,52,0,18
BRDA:262,53,0,1
BRDA:265,54,0,17
BRDA:268,55,0,16
BRDA:268,56,0,1
BRDA:271,57,0,16
BRDA:272,58,0,1
BRDA:275,59,0,15
BRDA:282,60,0,1
BRDA:285,61,0,14
BRDA:290,62,0,1
BRDA:293,63,0,13
BRDA:306,64,0,12
BRDA:306,65,0,1
BRDA:309,66,0,12
BRDA:315,67,0,11
BRDA:315,68,0,1
BRDA:318,69,0,11
BRDA:332,70,0,12
BRDA:347,71,0,84
BRDA:364,72,0,4
BRDA:430,73,0,1
BRDA:433,74,0,3
BRDA:450,75,0,2
BRDA:459,76,0,1
BRDA:465,77,0,1
BRDA:479,78,0,5
BRDA:502,79,0,1
BRDA:505,80,0,4
BRDA:514,81,0,3
BRDA:522,82,0,2
BRDA:524,83,0,1
BRDA:525,84,0,1
BRDA:531,85,0,1
BRDA:534,86,0,1
BRDA:548,87,0,4
BRDA:571,88,0,1
BRDA:574,89,0,3
BRDA:583,90,0,2
BRDA:591,91,0,1
BRDA:597,92,0,1
BRDA:617,93,0,2
BRDA:685,94,0,1
BRDA:686,95,0,1
BRDA:714,96,0,10
BRDA:717,97,0,9
BRDA:719,98,0,2
BRDA:722,99,0,8
BRDA:726,100,0,1
BRDA:729,101,0,7
BRDA:731,102,0,1
BRDA:734,103,0,6
BRDA:736,104,0,5
BRDA:736,105,0,2
BRDA:739,106,0,4
BRDA:739,107,0,2
BRDA:739,108,0,2
BRDA:744,109,0,1
BRDA:761,110,0,8
BRDA:763,111,0,1
BRDA:766,112,0,7
BRDA:769,113,0,1
BRDA:772,114,0,6
BRDA:775,115,0,1
BRDA:778,116,0,5
BRDA:778,117,0,4
BRDA:778,118,0,1
BRDA:781,119,0,4
BRDA:784,120,0,1
BRDA:787,121,0,3
BRDA:789,122,0,1
BRDA:792,123,0,2
BRDA:793,124,0,1
BRDA:793,125,0,1
BRDA:810,126,0,4
BRDA:811,127,0,1
BRDA:814,128,0,3
BRDA:815,129,0,1
BRDA:818,130,0,2
BRDA:819,131,0,1
BRDA:819,132,0,1
BRDA:832,133,0,14
BRDA:834,134,0,4
BRDA:834,135,0,1
BRDA:837,136,0,13
BRDA:839,137,0,3
BRDA:842,138,0,2
BRDA:842,139,0,1
BRDA:847,140,0,2
BRDA:851,141,0,11
BRDA:855,142,0,10
BRDA:888,143,0,1
BRDA:891,144,0,9
BRDA:891,145,0,1
BRDA:894,146,0,8
BRDA:894,147,0,1
BRDA:897,148,0,7
BRDA:897,149,0,1
BRDA:900,150,0,6
BRDA:900,151,0,1
BRDA:903,152,0,5
BRDA:903,153,0,1
BRDA:906,154,0,4
BRDA:906,155,0,1
BRDA:909,156,0,3
BRDA:921,157,0,3
BRDA:923,158,0,2
BRDA:927,159,0,1
BRDA:934,160,0,3
BRDA:936,161,0,2
BRDA:940,162,0,1
BRDA:924,163,0,4
BRDA:937,164,0,6
BRF:165
BRH:165
end_of_record
TN:
SF:src/lib/lti13.js
FN:19,<instance_members_initializer>
FN:36,LTI13Utils
FN:56,authRequest
FN:155,launchRequest
FN:243,getAccessToken
FN:312,getLMSDetails
FN:365,createToolToken
FN:392,sendRegistrationResponse
FN:467,postAGSGrade
FN:526,sendDeepLinkResponse
FN:559,validateAuthRequest
FN:628,buildLaunchJWT
FN:723,buildDeepLinkJWT
FN:796,verifyDeepLinkResponse
FN:855,validateTokenRequest
FN:966,validateAGSGradePassback
FN:1016,validateAGSLineItemRequest
FN:1036,validateAGSResultRequest
FN:1054,getAGSLineItem
FN:1087,getAGSLineItems
FN:1125,getAGSResults
FN:1161,handleDynamicRegistrationRequest
FNF:22
FNH:22
FNDA:314,<instance_members_initializer>
FNDA:314,LTI13Utils
FNDA:11,authRequest
FNDA:12,launchRequest
FNDA:10,getAccessToken
FNDA:13,getLMSDetails
FNDA:5,createToolToken
FNDA:8,sendRegistrationResponse
FNDA:5,postAGSGrade
FNDA:1,sendDeepLinkResponse
FNDA:13,validateAuthRequest
FNDA:3,buildLaunchJWT
FNDA:5,buildDeepLinkJWT
FNDA:8,verifyDeepLinkResponse
FNDA:14,validateTokenRequest
FNDA:14,validateAGSGradePassback
FNDA:5,validateAGSLineItemRequest
FNDA:3,validateAGSResultRequest
FNDA:2,getAGSLineItem
FNDA:3,getAGSLineItems
FNDA:3,getAGSResults
FNDA:4,handleDynamicRegistrationRequest
DA:1,6
DA:2,6
DA:3,6
DA:4,6
DA:5,6
DA:6,6
DA:7,6
DA:8,6
DA:9,6
DA:10,6
DA:11,6
DA:12,6
DA:13,6
DA:14,6
DA:15,6
DA:16,6
DA:17,6
DA:18,6
DA:19,6
DA:20,314
DA:21,314
DA:22,314
DA:23,314
DA:24,314
DA:25,314
DA:26,314
DA:27,314
DA:28,6
DA:29,6
DA:30,6
DA:31,6
DA:32,6
DA:33,6
DA:34,6
DA:35,6
DA:36,6
DA:37,314
DA:38,314
DA:39,314
DA:40,314
DA:41,314
DA:42,314
DA:43,314
DA:44,314
DA:45,314
DA:46,314
DA:47,314
DA:48,6
DA:49,6
DA:50,6
DA:51,6
DA:52,6
DA:53,6
DA:54,6
DA:55,6
DA:56,6
DA:57,11
DA:58,11
DA:59,11
DA:60,11
DA:61,11
DA:62,11
DA:63,11
DA:64,11
DA:65,1
DA:66,1
DA:67,10
DA:68,11
DA:69,1
DA:70,1
DA:71,9
DA:72,9
DA:73,9
DA:74,9
DA:75,9
DA:76,11
DA:77,1
DA:78,1
DA:79,8
DA:80,11
DA:81,1
DA:82,1
DA:83,7
DA:84,7
DA:85,7
DA:86,7
DA:87,7
DA:88,7
DA:89,7
DA:90,7
DA:91,7
DA:92,11
DA:93,1
DA:94,1
DA:95,1
DA:96,1
DA:97,1
DA:98,1
DA:99,1
DA:100,6
DA:101,6
DA:102,11
DA:103,2
DA:104,2
DA:105,4
DA:106,4
DA:107,4
DA:108,4
DA:109,4
DA:110,4
DA:111,4
DA:112,4
DA:113,4
DA:114,4
DA:115,4
DA:116,4
DA:117,4
DA:118,4
DA:119,11
DA:120,1
DA:121,1
DA:122,2
DA:123,2
DA:124,2
DA:125,2
DA:126,2
DA:127,2
DA:128,2
DA:129,2
DA:130,2
DA:131,2
DA:132,2
DA:133,2
DA:134,2
DA:135,2
DA:136,2
DA:137,2
DA:138,11
DA:139,1
DA:140,1
DA:141,2
DA:142,2
DA:143,2
DA:144,2
DA:145,2
DA:146,2
DA:147,2
DA:148,11
DA:149,6
DA:150,6
DA:151,6
DA:152,6
DA:153,6
DA:154,6
DA:155,6
DA:156,12
DA:157,12
DA:158,1
DA:159,1
DA:160,11
DA:161,12
DA:162,1
DA:163,1
DA:164,10
DA:165,10
DA:166,10
DA:167,10
DA:168,10
DA:169,12
DA:170,1
DA:171,1
DA:172,9
DA:173,9
DA:174,9
DA:175,9
DA:176,9
DA:177,9
DA:178,9
DA:179,9
DA:180,9
DA:181,9
DA:182,9
DA:183,9
DA:184,8
DA:185,8
DA:186,8
DA:187,8
DA:188,8
DA:189,8
DA:190,8
DA:191,8
DA:192,8
DA:193,8
DA:194,8
DA:195,12
DA:196,1
DA:197,1
DA:198,7
DA:199,7
DA:200,7
DA:201,7
DA:202,7
DA:203,7
DA:204,7
DA:205,7
DA:206,7
DA:207,7
DA:208,7
DA:209,7
DA:210,7
DA:211,7
DA:212,7
DA:213,7
DA:214,12
DA:215,6
DA:216,6
DA:217,12
DA:218,2
DA:219,2
DA:220,5
DA:221,12
DA:222,2
DA:223,2
DA:224,3
DA:225,12
DA:226,2
DA:227,2
DA:228,1
DA:229,1
DA:230,1
DA:231,1
DA:232,1
DA:233,1
DA:234,12
DA:235,6
DA:236,6
DA:237,6
DA:238,6
DA:239,6
DA:240,6
DA:241,6
DA:242,6
DA:243,6
DA:244,10
DA:245,10
DA:246,10
DA:247,1
DA:248,1
DA:249,10
DA:250,2
DA:251,2
DA:252,10
DA:253,1
DA:254,1
DA:255,10
DA:256,1
DA:257,1
DA:258,10
DA:259,1
DA:260,1
DA:261,4
DA:262,4
DA:263,4
DA:264,10
DA:265,1
DA:266,1
DA:267,3
DA:268,3
DA:269,3
DA:270,3
DA:271,3
DA:272,3
DA:273,3
DA:274,3
DA:275,3
DA:276,3
DA:277,3
DA:278,3
DA:279,3
DA:280,3
DA:281,3
DA:282,3
DA:283,3
DA:284,3
DA:285,3
DA:286,3
DA:287,3
DA:288,3
DA:289,3
DA:290,3
DA:291,3
DA:292,3
DA:293,3
DA:294,10
DA:295,1
DA:296,1
DA:297,10
DA:298,1
DA:299,1
DA:300,1
DA:301,1
DA:302,1
DA:303,10
DA:304,6
DA:305,6
DA:306,6
DA:307,6
DA:308,6
DA:309,6
DA:310,6
DA:311,6
DA:312,6
DA:313,13
DA:314,1
DA:315,1
DA:316,12
DA:317,12
DA:318,12
DA:319,13
DA:320,1
DA:321,1
DA:322,1
DA:323,11
DA:324,13
DA:325,1
DA:326,1
DA:327,13
DA:328,1
DA:329,1
DA:330,13
DA:331,2
DA:332,2
DA:333,7
DA:334,13
DA:335,1
DA:336,1
DA:337,13
DA:338,1
DA:339,1
DA:340,13
DA:341,1
DA:342,1
DA:343,4
DA:344,13
DA:345,1
DA:346,1
DA:347,3
DA:348,13
DA:349,1
DA:350,1
DA:351,13
DA:352,1
DA:353,1
DA:354,1
DA:355,13
DA:356,6
DA:357,6
DA:358,6
DA:359,6
DA:360,6
DA:361,6
DA:362,6
DA:363,6
DA:364,6
DA:365,6
DA:366,5
DA:367,5
DA:368,5
DA:369,5
DA:370,5
DA:371,1
DA:372,1
DA:373,3
DA:374,3
DA:375,3
DA:376,3
DA:377,3
DA:378,3
DA:379,1
DA:380,5
DA:381,6
DA:382,6
DA:383,6
DA:384,6
DA:385,6
DA:386,6
DA:387,6
DA:388,6
DA:389,6
DA:390,6
DA:391,6
DA:392,6
DA:393,8
DA:394,8
DA:395,8
DA:396,8
DA:397,7
DA:398,7
DA:399,8
DA:400,8
DA:401,8
DA:402,8
DA:403,8
DA:404,8
DA:405,8
DA:406,8
DA:407,8
DA:408,8
DA:409,8
DA:410,8
DA:411,8
DA:412,2
DA:413,2
DA:414,1
DA:415,1
DA:416,1
DA:417,2
DA:418,2
DA:419,2
DA:420,2
DA:421,6
DA:422,6
DA:423,6
DA:424,8
DA:425,5
DA:426,5
DA:427,8
DA:428,1
DA:429,1
DA:430,1
DA:431,1
DA:432,5
DA:433,5
DA:434,8
DA:435,1
DA:436,1
DA:437,4
DA:438,8
DA:439,2
DA:440,8
DA:441,1
DA:442,1
DA:443,3
DA:444,3
DA:445,3
DA:446,3
DA:447,3
DA:448,3
DA:449,8
DA:450,8
DA:451,8
DA:452,8
DA:453,8
DA:454,3
DA:455,3
DA:456,3
DA:457,3
DA:458,8
DA:459,6
DA:460,6
DA:461,6
DA:462,6
DA:463,6
DA:464,6
DA:465,6
DA:466,6
DA:467,6
DA:468,5
DA:469,5
DA:470,5
DA:471,5
DA:472,5
DA:473,5
DA:474,5
DA:475,5
DA:476,5
DA:477,5
DA:478,1
DA:479,1
DA:480,5
DA:481,1
DA:482,1
DA:483,3
DA:484,3
DA:485,3
DA:486,3
DA:487,3
DA:488,3
DA:489,3
DA:490,3
DA:491,3
DA:492,3
DA:493,3
DA:494,3
DA:495,3
DA:496,3
DA:497,3
DA:498,3
DA:499,3
DA:500,3
DA:501,3
DA:502,3
DA:503,3
DA:504,3
DA:505,3
DA:506,3
DA:507,3
DA:508,5
DA:509,2
DA:510,2
DA:511,5
DA:512,1
DA:513,1
DA:514,5
DA:515,6
DA:516,6
DA:517,6
DA:518,6
DA:519,6
DA:520,6
DA:521,6
DA:522,6
DA:523,6
DA:524,6
DA:525,6
DA:526,6
DA:527,1
DA:528,1
DA:529,1
DA:530,1
DA:531,1
DA:532,1
DA:533,1
DA:534,1
DA:535,1
DA:536,1
DA:537,1
DA:538,1
DA:539,1
DA:540,1
DA:541,1
DA:542,1
DA:543,1
DA:544,1
DA:545,1
DA:546,1
DA:547,1
DA:548,1
DA:549,1
DA:550,1
DA:551,6
DA:552,6
DA:553,6
DA:554,6
DA:555,6
DA:556,6
DA:557,6
DA:558,6
DA:559,6
DA:560,13
DA:561,13
DA:562,13
DA:563,13
DA:564,13
DA:565,2
DA:566,2
DA:567,13
DA:568,2
DA:569,2
DA:570,13
DA:571,1
DA:572,1
DA:573,13
DA:574,1
DA:575,1
DA:576,13
DA:577,1
DA:578,1
DA:579,13
DA:580,1
DA:581,1
DA:582,13
DA:583,2
DA:584,2
DA:585,13
DA:586,1
DA:587,1
DA:588,2
DA:589,2
DA:590,2
DA:591,2
DA:592,2
DA:593,13
DA:594,1
DA:595,1
DA:596,1
DA:597,1
DA:598,1
DA:599,1
DA:600,1
DA:601,1
DA:602,1
DA:603,1
DA:604,1
DA:605,1
DA:606,1
DA:607,1
DA:608,1
DA:609,1
DA:610,1
DA:611,1
DA:612,1
DA:613,1
DA:614,1
DA:615,1
DA:616,1
DA:617,1
DA:618,1
DA:619,13
DA:620,6
DA:621,6
DA:622,6
DA:623,6
DA:624,6
DA:625,6
DA:626,6
DA:627,6
DA:628,6
DA:629,3
DA:630,3
DA:631,3
DA:632,3
DA:633,3
DA:634,3
DA:635,3
DA:636,3
DA:637,3
DA:638,3
DA:639,3
DA:640,3
DA:641,3
DA:642,3
DA:643,3
DA:644,3
DA:645,3
DA:646,3
DA:647,3
DA:648,3
DA:649,3
DA:650,3
DA:651,3
DA:652,3
DA:653,3
DA:654,3
DA:655,3
DA:656,3
DA:657,3
DA:658,3
DA:659,3
DA:660,3
DA:661,3
DA:662,3
DA:663,3
DA:664,3
DA:665,3
DA:666,3
DA:667,3
DA:668,3
DA:669,3
DA:670,3
DA:671,3
DA:672,3
DA:673,3
DA:674,3
DA:675,3
DA:676,3
DA:677,1
DA:678,1
DA:679,1
DA:680,1
DA:681,1
DA:682,3
DA:683,2
DA:684,2
DA:685,2
DA:686,2
DA:687,2
DA:688,2
DA:689,3
DA:690,3
DA:691,3
DA:692,3
DA:693,3
DA:694,3
DA:695,3
DA:696,3
DA:697,3
DA:698,3
DA:699,1
DA:700,1
DA:701,2
DA:702,2
DA:703,2
DA:704,2
DA:705,2
DA:706,2
DA:707,2
DA:708,2
DA:709,2
DA:710,2
DA:711,2
DA:712,2
DA:713,3
DA:714,6
DA:715,6
DA:716,6
DA:717,6
DA:718,6
DA:719,6
DA:720,6
DA:721,6
DA:722,6
DA:723,6
DA:724,5
DA:725,5
DA:726,5
DA:727,5
DA:728,5
DA:729,5
DA:730,5
DA:731,5
DA:732,5
DA:733,5
DA:734,5
DA:735,5
DA:736,5
DA:737,5
DA:738,5
DA:739,5
DA:740,5
DA:741,5
DA:742,5
DA:743,5
DA:744,5
DA:745,5
DA:746,5
DA:747,5
DA:748,5
DA:749,5
DA:750,5
DA:751,5
DA:752,5
DA:753,5
DA:754,5
DA:755,5
DA:756,5
DA:757,5
DA:758,5
DA:759,5
DA:760,5
DA:761,5
DA:762,5
DA:763,5
DA:764,5
DA:765,5
DA:766,1
DA:767,1
DA:768,5
DA:769,5
DA:770,5
DA:771,5
DA:772,5
DA:773,1
DA:774,1
DA:775,4
DA:776,4
DA:777,4
DA:778,4
DA:779,4
DA:780,4
DA:781,4
DA:782,4
DA:783,4
DA:784,4
DA:785,4
DA:786,4
DA:787,5
DA:788,6
DA:789,6
DA:790,6
DA:791,6
DA:792,6
DA:793,6
DA:794,6
DA:795,6
DA:796,6
DA:797,8
DA:798,8
DA:799,1
DA:800,1
DA:801,8
DA:802,1
DA:803,1
DA:804,6
DA:805,6
DA:806,6
DA:807,8
DA:808,1
DA:809,1
DA:810,5
DA:811,5
DA:812,5
DA:813,8
DA:814,1
DA:815,1
DA:816,4
DA:817,4
DA:818,4
DA:819,8
DA:820,1
DA:821,1
DA:822,3
DA:823,3
DA:824,3
DA:825,3
DA:826,3
DA:827,3
DA:828,3
DA:829,3
DA:830,3
DA:831,3
DA:832,8
DA:833,1
DA:834,1
DA:835,2
DA:836,2
DA:837,2
DA:838,8
DA:839,8
DA:840,8
DA:841,8
DA:842,8
DA:843,2
DA:844,2
DA:845,2
DA:846,8
DA:847,6
DA:848,6
DA:849,6
DA:850,6
DA:851,6
DA:852,6
DA:853,6
DA:854,6
DA:855,6
DA:856,14
DA:857,14
DA:858,14
DA:859,14
DA:860,14
DA:861,2
DA:862,2
DA:863,12
DA:864,14
DA:865,11
DA:866,14
DA:867,2
DA:868,2
DA:869,14
DA:870,1
DA:871,1
DA:872,14
DA:873,1
DA:874,1
DA:875,8
DA:876,8
DA:877,8
DA:878,8
DA:879,8
DA:880,14
DA:881,1
DA:882,1
DA:883,7
DA:884,7
DA:885,7
DA:886,7
DA:887,7
DA:888,14
DA:889,1
DA:890,1
DA:891,6
DA:892,6
DA:893,6
DA:894,6
DA:895,6
DA:896,6
DA:897,6
DA:898,6
DA:899,6
DA:900,6
DA:901,6
DA:902,6
DA:903,6
DA:904,6
DA:905,6
DA:906,6
DA:907,6
DA:908,14
DA:909,1
DA:910,1
DA:911,5
DA:912,5
DA:913,5
DA:914,5
DA:915,5
DA:916,5
DA:917,5
DA:918,5
DA:919,5
DA:920,5
DA:921,5
DA:922,14
DA:923,1
DA:924,1
DA:925,4
DA:926,4
DA:927,4
DA:928,4
DA:929,4
DA:930,4
DA:931,4
DA:932,4
DA:933,4
DA:934,4
DA:935,4
DA:936,14
DA:937,1
DA:938,1
DA:939,3
DA:940,3
DA:941,3
DA:942,3
DA:943,3
DA:944,3
DA:945,3
DA:946,3
DA:947,3
DA:948,3
DA:949,3
DA:950,3
DA:951,3
DA:952,3
DA:953,3
DA:954,3
DA:955,3
DA:956,3
DA:957,14
DA:958,6
DA:959,6
DA:960,6
DA:961,6
DA:962,6
DA:963,6
DA:964,6
DA:965,6
DA:966,6
DA:967,14
DA:968,14
DA:969,14
DA:970,14
DA:971,14
DA:972,1
DA:973,1
DA:974,14
DA:975,2
DA:976,2
DA:977,14
DA:978,2
DA:979,2
DA:980,14
DA:981,1
DA:982,1
DA:983,14
DA:984,1
DA:985,1
DA:986,14
DA:987,1
DA:988,1
DA:989,6
DA:990,6
DA:991,6
DA:992,14
DA:993,14
DA:994,4
DA:995,14
DA:996,3
DA:997,3
DA:998,3
DA:999,3
DA:1000,3
DA:1001,3
DA:1002,14
DA:1003,2
DA:1004,2
DA:1005,1
DA:1006,1
DA:1007,1
DA:1008,14
DA:1009,6
DA:1010,6
DA:1011,6
DA:1012,6
DA:1013,6
DA:1014,6
DA:1015,6
DA:1016,6
DA:1017,5
DA:1018,5
DA:1019,5
DA:1020,5
DA:1021,5
DA:1022,2
DA:1023,2
DA:1024,3
DA:1025,5
DA:1026,1
DA:1027,1
DA:1028,5
DA:1029,6
DA:1030,6
DA:1031,6
DA:1032,6
DA:1033,6
DA:1034,6
DA:1035,6
DA:1036,6
DA:1037,3
DA:1038,1
DA:1039,1
DA:1040,2
DA:1041,3
DA:1042,1
DA:1043,1
DA:1044,3
DA:1045,6
DA:1046,6
DA:1047,6
DA:1048,6
DA:1049,6
DA:1050,6
DA:1051,6
DA:1052,6
DA:1053,6
DA:1054,6
DA:1055,2
DA:1056,2
DA:1057,2
DA:1058,2
DA:1059,2
DA:1060,2
DA:1061,2
DA:1062,2
DA:1063,2
DA:1064,2
DA:1065,2
DA:1066,2
DA:1067,2
DA:1068,2
DA:1069,2
DA:1070,1
DA:1071,1
DA:1072,1
DA:1073,1
DA:1074,1
DA:1075,1
DA:1076,2
DA:1077,6
DA:1078,6
DA:1079,6
DA:1080,6
DA:1081,6
DA:1082,6
DA:1083,6
DA:1084,6
DA:1085,6
DA:1086,6
DA:1087,6
DA:1088,3
DA:1089,3
DA:1090,3
DA:1091,3
DA:1092,3
DA:1093,3
DA:1094,1
DA:1095,1
DA:1096,1
DA:1097,3
DA:1098,3
DA:1099,3
DA:1100,3
DA:1101,3
DA:1102,3
DA:1103,3
DA:1104,3
DA:1105,3
DA:1106,3
DA:1107,3
DA:1108,3
DA:1109,1
DA:1110,1
DA:1111,2
DA:1112,2
DA:1113,2
DA:1114,3
DA:1115,6
DA:1116,6
DA:1117,6
DA:1118,6
DA:1119,6
DA:1120,6
DA:1121,6
DA:1122,6
DA:1123,6
DA:1124,6
DA:1125,6
DA:1126,3
DA:1127,3
DA:1128,3
DA:1129,3
DA:1130,3
DA:1131,3
DA:1132,1
DA:1133,1
DA:1134,1
DA:1135,3
DA:1136,3
DA:1137,3
DA:1138,3
DA:1139,3
DA:1140,3
DA:1141,3
DA:1142,3
DA:1143,3
DA:1144,3
DA:1145,3
DA:1146,3
DA:1147,1
DA:1148,1
DA:1149,2
DA:1150,2
DA:1151,2
DA:1152,3
DA:1153,6
DA:1154,6
DA:1155,6
DA:1156,6
DA:1157,6
DA:1158,6
DA:1159,6
DA:1160,6
DA:1161,6
DA:1162,4
DA:1163,4
DA:1164,4
DA:1165,4
DA:1166,4
DA:1167,4
DA:1168,4
DA:1169,4
DA:1170,4
DA:1171,1
DA:1172,1
DA:1173,4
DA:1174,2
DA:1175,2
DA:1176,2
DA:1177,2
DA:1178,2
DA:1179,2
DA:1180,2
DA:1181,2
DA:1182,2
DA:1183,2
DA:1184,2
DA:1185,2
DA:1186,2
DA:1187,2
DA:1188,2
DA:1189,2
DA:1190,2
DA:1191,4
DA:1192,1
DA:1193,1
DA:1194,1
DA:1195,1
DA:1196,1
DA:1197,4
DA:1198,6
DA:1199,6
DA:1200,6
LF:1200
LH:1200
BRDA:1,0,0,6
BRDA:19,1,0,314
BRDA:36,2,0,314
BRDA:56,3,0,11
BRDA:64,4,0,1
BRDA:67,5,0,10
BRDA:68,6,0,1
BRDA:71,7,0,9
BRDA:76,8,0,1
BRDA:79,9,0,8
BRDA:80,10,0,1
BRDA:83,11,0,7
BRDA:92,12,0,1
BRDA:100,13,0,6
BRDA:102,14,0,5
BRDA:102,15,0,2
BRDA:105,16,0,4
BRDA:119,17,0,3
BRDA:119,18,0,1
BRDA:122,19,0,2
BRDA:138,20,0,1
BRDA:141,21,0,2
BRDA:155,22,0,12
BRDA:157,23,0,1
BRDA:160,24,0,11
BRDA:161,25,0,1
BRDA:164,26,0,10
BRDA:169,27,0,1
BRDA:172,28,0,9
BRDA:184,29,0,8
BRDA:195,30,0,7
BRDA:195,31,0,1
BRDA:198,32,0,7
BRDA:214,33,0,6
BRDA:215,34,0,1
BRDA:217,35,0,2
BRDA:220,36,0,5
BRDA:221,37,0,4
BRDA:221,38,0,2
BRDA:224,39,0,3
BRDA:225,40,0,2
BRDA:225,41,0,2
BRDA:228,42,0,1
BRDA:243,43,0,10
BRDA:246,44,0,1
BRDA:249,45,0,9
BRDA:249,46,0,2
BRDA:252,47,0,7
BRDA:252,48,0,1
BRDA:255,49,0,6
BRDA:255,50,0,1
BRDA:258,51,0,5
BRDA:258,52,0,1
BRDA:261,53,0,4
BRDA:264,54,0,1
BRDA:267,55,0,3
BRDA:294,56,0,2
BRDA:294,57,0,1
BRDA:297,58,0,2
BRDA:297,59,0,1
BRDA:312,60,0,13
BRDA:313,61,0,1
BRDA:316,62,0,12
BRDA:319,63,0,11
BRDA:319,64,0,1
BRDA:323,65,0,11
BRDA:324,66,0,1
BRDA:327,67,0,10
BRDA:327,68,0,1
BRDA:330,69,0,9
BRDA:330,70,0,2
BRDA:333,71,0,7
BRDA:334,72,0,1
BRDA:337,73,0,6
BRDA:337,74,0,1
BRDA:340,75,0,5
BRDA:340,76,0,1
BRDA:343,77,0,4
BRDA:344,78,0,1
BRDA:347,79,0,3
BRDA:348,80,0,1
BRDA:351,81,0,2
BRDA:351,82,0,1
BRDA:365,83,0,5
BRDA:370,84,0,4
BRDA:370,85,0,1
BRDA:373,86,0,3
BRDA:379,87,0,1
BRDA:392,88,0,8
BRDA:396,89,0,7
BRDA:411,90,0,6
BRDA:411,91,0,2
BRDA:413,92,0,1
BRDA:421,93,0,6
BRDA:424,94,0,5
BRDA:427,95,0,1
BRDA:432,96,0,5
BRDA:434,97,0,1
BRDA:437,98,0,4
BRDA:438,99,0,2
BRDA:440,100,0,1
BRDA:443,101,0,3
BRDA:449,102,0,1
BRDA:454,103,0,3
BRDA:467,104,0,5
BRDA:477,105,0,1
BRDA:480,106,0,4
BRDA:480,107,0,1
BRDA:483,108,0,3
BRDA:508,109,0,2
BRDA:511,110,0,1
BRDA:526,111,0,1
BRDA:559,112,0,13
BRDA:564,113,0,12
BRDA:564,114,0,2
BRDA:567,115,0,11
BRDA:567,116,0,10
BRDA:567,117,0,2
BRDA:570,118,0,9
BRDA:570,119,0,1
BRDA:573,120,0,8
BRDA:573,121,0,1
BRDA:576,122,0,7
BRDA:576,123,0,1
BRDA:579,124,0,6
BRDA:579,125,0,1
BRDA:582,126,0,5
BRDA:582,127,0,4
BRDA:582,128,0,2
BRDA:585,129,0,3
BRDA:585,130,0,1
BRDA:588,131,0,2
BRDA:593,132,0,1
BRDA:628,133,0,3
BRDA:676,134,0,1
BRDA:682,135,0,2
BRDA:698,136,0,1
BRDA:701,137,0,2
BRDA:723,138,0,5
BRDA:725,139,0,1
BRDA:734,140,0,4
BRDA:735,141,0,4
BRDA:736,142,0,4
BRDA:765,143,0,1
BRDA:772,144,0,1
BRDA:775,145,0,4
BRDA:796,146,0,8
BRDA:798,147,0,1
BRDA:801,148,0,7
BRDA:801,149,0,1
BRDA:804,150,0,6
BRDA:807,151,0,1
BRDA:810,152,0,5
BRDA:813,153,0,1
BRDA:816,154,0,4
BRDA:819,155,0,1
BRDA:822,156,0,3
BRDA:832,157,0,2
BRDA:832,158,0,1
BRDA:835,159,0,2
BRDA:838,160,0,1
BRDA:843,161,0,2
BRDA:855,162,0,14
BRDA:860,163,0,13
BRDA:860,164,0,2
BRDA:863,165,0,12
BRDA:864,166,0,11
BRDA:866,167,0,2
BRDA:869,168,0,10
BRDA:869,169,0,1
BRDA:872,170,0,9
BRDA:872,171,0,1
BRDA:875,172,0,8
BRDA:880,173,0,7
BRDA:880,174,0,1
BRDA:883,175,0,7
BRDA:888,176,0,1
BRDA:891,177,0,6
BRDA:908,178,0,5
BRDA:908,179,0,1
BRDA:911,180,0,5
BRDA:922,181,0,1
BRDA:925,182,0,4
BRDA:936,183,0,1
BRDA:939,184,0,3
BRDA:921,185,0,8
BRDA:966,186,0,14
BRDA:971,187,0,1
BRDA:974,188,0,13
BRDA:974,189,0,11
BRDA:974,190,0,2
BRDA:977,191,0,11
BRDA:977,192,0,9
BRDA:977,193,0,2
BRDA:980,194,0,9
BRDA:980,195,0,1
BRDA:983,196,0,8
BRDA:983,197,0,1
BRDA:986,198,0,7
BRDA:986,199,0,1
BRDA:989,200,0,6
BRDA:992,201,0,5
BRDA:993,202,0,4
BRDA:995,203,0,3
BRDA:1002,204,0,2
BRDA:1002,205,0,2
BRDA:1005,206,0,1
BRDA:1016,207,0,5
BRDA:1021,208,0,4
BRDA:1021,209,0,2
BRDA:1024,210,0,3
BRDA:1025,211,0,1
BRDA:1025,212,0,5
BRDA:1036,213,0,3
BRDA:1037,214,0,2
BRDA:1037,215,0,1
BRDA:1040,216,0,2
BRDA:1041,217,0,1
BRDA:1054,218,0,2
BRDA:1070,219,0,1
BRDA:1087,220,0,3
BRDA:1093,221,0,1
BRDA:1108,222,0,2
BRDA:1108,223,0,1
BRDA:1111,224,0,2
BRDA:1125,225,0,3
BRDA:1131,226,0,1
BRDA:1146,227,0,2
BRDA:1146,228,0,1
BRDA:1149,229,0,2
BRDA:1161,230,0,4
BRDA:1170,231,0,3
BRDA:1170,232,0,1
BRDA:1173,233,0,2
BRDA:1191,234,0,1
BRF:235
BRH:235
end_of_record
TN:
SF:src/middlewares/lti13_token.js
FN:3,setupLTI13TokenMiddleware
FN:8,lti13Token
FNF:2
FNH:2
FNDA:27,setupLTI13TokenMiddleware
FNDA:9,lti13Token
DA:1,2
DA:2,2
DA:3,27
DA:4,27
DA:5,27
DA:6,27
DA:7,27
DA:8,27
DA:9,9
DA:10,9
DA:11,9
DA:12,9
DA:13,1
DA:14,1
DA:15,1
DA:16,8
DA:17,8
DA:18,8
DA:19,8
DA:20,8
DA:21,9
DA:22,1
DA:23,1
DA:24,1
DA:25,7
DA:26,7
DA:27,9
DA:28,1
DA:29,1
DA:30,1
DA:31,6
DA:32,6
DA:33,6
DA:34,9
DA:35,1
DA:36,1
DA:37,1
DA:38,4
DA:39,4
DA:40,9
DA:41,1
DA:42,1
DA:43,1
DA:44,3
DA:45,3
DA:46,3
DA:47,3
DA:48,3
DA:49,3
DA:50,3
DA:51,3
DA:52,1
DA:53,1
DA:54,1
DA:55,3
DA:56,1
DA:57,1
DA:58,1
DA:59,1
DA:60,1
DA:61,1
DA:62,1
DA:63,27
DA:64,27
DA:65,2
DA:66,2
LF:66
LH:66
BRDA:1,0,0,2
BRDA:3,1,0,27
BRDA:8,2,0,9
BRDA:12,3,0,8
BRDA:12,4,0,1
BRDA:16,5,0,8
BRDA:21,6,0,7
BRDA:21,7,0,1
BRDA:25,8,0,7
BRDA:27,9,0,1
BRDA:31,10,0,6
BRDA:34,11,0,5
BRDA:34,12,0,1
BRDA:38,13,0,4
BRDA:40,14,0,1
BRDA:44,15,0,3
BRDA:51,16,0,1
BRDA:55,17,0,2
BRDA:55,18,0,1
BRF:19
BRH:19
end_of_record
TN:
SF:src/migrations/00_consumers.js
FN:16,up
FN:181,down
FNF:2
FNH:2
FNDA:5,up
FNDA:1,down
DA:1,1
DA:2,1
DA:3,1
DA:4,1
DA:5,1
DA:6,1
DA:7,1
DA:8,1
DA:9,1
DA:10,1
DA:11,1
DA:12,1
DA:13,1
DA:14,1
DA:15,1
DA:16,1
DA:17,5
DA:18,5
DA:19,5
DA:20,5
DA:21,5
DA:22,5
DA:23,5
DA:24,5
DA:25,5
DA:26,5
DA:27,5
DA:28,5
DA:29,5
DA:30,5
DA:31,5
DA:32,5
DA:33,5
DA:34,5
DA:35,5
DA:36,5
DA:37,5
DA:38,5
DA:39,5
DA:40,5
DA:41,5
DA:42,5
DA:43,5
DA:44,5
DA:45,5
DA:46,5
DA:47,5
DA:48,5
DA:49,5
DA:50,5
DA:51,5
DA:52,5
DA:53,5
DA:54,5
DA:55,5
DA:56,5
DA:57,5
DA:58,5
DA:59,5
DA:60,5
DA:61,5
DA:62,5
DA:63,5
DA:64,5
DA:65,5
DA:66,5
DA:67,5
DA:68,5
DA:69,5
DA:70,5
DA:71,5
DA:72,5
DA:73,5
DA:74,5
DA:75,5
DA:76,5
DA:77,5
DA:78,5
DA:79,5
DA:80,5
DA:81,5
DA:82,5
DA:83,5
DA:84,5
DA:85,5
DA:86,5
DA:87,5
DA:88,5
DA:89,5
DA:90,5
DA:91,5
DA:92,5
DA:93,5
DA:94,5
DA:95,5
DA:96,5
DA:97,5
DA:98,5
DA:99,5
DA:100,5
DA:101,5
DA:102,5
DA:103,5
DA:104,5
DA:105,5
DA:106,5
DA:107,5
DA:108,5
DA:109,5
DA:110,5
DA:111,5
DA:112,5
DA:113,5
DA:114,5
DA:115,5
DA:116,5
DA:117,5
DA:118,5
DA:119,5
DA:120,5
DA:121,5
DA:122,5
DA:123,5
DA:124,5
DA:125,5
DA:126,5
DA:127,5
DA:128,5
DA:129,5
DA:130,5
DA:131,5
DA:132,5
DA:133,5
DA:134,5
DA:135,5
DA:136,5
DA:137,5
DA:138,5
DA:139,5
DA:140,5
DA:141,5
DA:142,5
DA:143,5
DA:144,5
DA:145,5
DA:146,5
DA:147,5
DA:148,5
DA:149,5
DA:150,5
DA:151,5
DA:152,5
DA:153,5
DA:154,5
DA:155,5
DA:156,5
DA:157,5
DA:158,5
DA:159,5
DA:160,5
DA:161,5
DA:162,5
DA:163,5
DA:164,5
DA:165,5
DA:166,5
DA:167,5
DA:168,5
DA:169,5
DA:170,5
DA:171,5
DA:172,5
DA:173,5
DA:174,1
DA:175,1
DA:176,1
DA:177,1
DA:178,1
DA:179,1
DA:180,1
DA:181,1
DA:182,1
DA:183,1
DA:184,1
DA:185,1
DA:186,1
LF:186
LH:186
BRDA:1,0,0,1
BRDA:16,1,0,5
BRF:2
BRH:2
end_of_record
TN:
SF:src/migrations/00_providers.js
FN:16,up
FN:195,down
FNF:2
FNH:2
FNDA:5,up
FNDA:1,down
DA:1,1
DA:2,1
DA:3,1
DA:4,1
DA:5,1
DA:6,1
DA:7,1
DA:8,1
DA:9,1
DA:10,1
DA:11,1
DA:12,1
DA:13,1
DA:14,1
DA:15,1
DA:16,1
DA:17,5
DA:18,5
DA:19,5
DA:20,5
DA:21,5
DA:22,5
DA:23,5
DA:24,5
DA:25,5
DA:26,5
DA:27,5
DA:28,5
DA:29,5
DA:30,5
DA:31,5
DA:32,5
DA:33,5
DA:34,5
DA:35,5
DA:36,5
DA:37,5
DA:38,5
DA:39,5
DA:40,5
DA:41,5
DA:42,5
DA:43,5
DA:44,5
DA:45,5
DA:46,5
DA:47,5
DA:48,5
DA:49,5
DA:50,5
DA:51,5
DA:52,5
DA:53,5
DA:54,5
DA:55,5
DA:56,5
DA:57,5
DA:58,5
DA:59,5
DA:60,5
DA:61,5
DA:62,5
DA:63,5
DA:64,5
DA:65,5
DA:66,5
DA:67,5
DA:68,5
DA:69,5
DA:70,5
DA:71,5
DA:72,5
DA:73,5
DA:74,5
DA:75,5
DA:76,5
DA:77,5
DA:78,5
DA:79,5
DA:80,5
DA:81,5
DA:82,5
DA:83,5
DA:84,5
DA:85,5
DA:86,5
DA:87,5
DA:88,5
DA:89,5
DA:90,5
DA:91,5
DA:92,5
DA:93,5
DA:94,5
DA:95,5
DA:96,5
DA:97,5
DA:98,5
DA:99,5
DA:100,5
DA:101,5
DA:102,5
DA:103,5
DA:104,5
DA:105,5
DA:106,5
DA:107,5
DA:108,5
DA:109,5
DA:110,5
DA:111,5
DA:112,5
DA:113,5
DA:114,5
DA:115,5
DA:116,5
DA:117,5
DA:118,5
DA:119,5
DA:120,5
DA:121,5
DA:122,5
DA:123,5
DA:124,5
DA:125,5
DA:126,5
DA:127,5
DA:128,5
DA:129,5
DA:130,5
DA:131,5
DA:132,5
DA:133,5
DA:134,5
DA:135,5
DA:136,5
DA:137,5
DA:138,5
DA:139,5
DA:140,5
DA:141,5
DA:142,5
DA:143,5
DA:144,5
DA:145,5
DA:146,5
DA:147,5
DA:148,5
DA:149,5
DA:150,5
DA:151,5
DA:152,5
DA:153,5
DA:154,5
DA:155,5
DA:156,5
DA:157,5
DA:158,5
DA:159,5
DA:160,5
DA:161,5
DA:162,5
DA:163,5
DA:164,5
DA:165,5
DA:166,5
DA:167,5
DA:168,5
DA:169,5
DA:170,5
DA:171,5
DA:172,5
DA:173,5
DA:174,5
DA:175,5
DA:176,5
DA:177,5
DA:178,5
DA:179,5
DA:180,5
DA:181,5
DA:182,5
DA:183,5
DA:184,5
DA:185,5
DA:186,5
DA:187,5
DA:188,1
DA:189,1
DA:190,1
DA:191,1
DA:192,1
DA:193,1
DA:194,1
DA:195,1
DA:196,1
DA:197,1
DA:198,1
DA:199,1
DA:200,1
DA:201,1
LF:201
LH:201
BRDA:1,0,0,1
BRDA:16,1,0,5
BRF:2
BRH:2
end_of_record
TN:
SF:src/models/models.js
FN:23,configureModels
FN:154,clearExpired
FN:188,initializeExpiration
FNF:3
FNH:3
FNDA:30,configureModels
FNDA:5,clearExpired
FNDA:16,initializeExpiration
DA:1,2
DA:2,2
DA:3,2
DA:4,2
DA:5,2
DA:6,2
DA:7,2
DA:8,2
DA:9,2
DA:10,2
DA:11,2
DA:12,2
DA:13,2
DA:14,2
DA:15,2
DA:16,2
DA:17,2
DA:18,2
DA:19,2
DA:20,2
DA:21,2
DA:22,2
DA:23,2
DA:24,30
DA:25,30
DA:26,30
DA:27,30
DA:28,30
DA:29,30
DA:30,30
DA:31,30
DA:32,30
DA:33,30
DA:34,30
DA:35,30
DA:36,30
DA:37,30
DA:38,30
DA:39,30
DA:40,30
DA:41,30
DA:42,30
DA:43,30
DA:44,30
DA:45,30
DA:46,30
DA:47,30
DA:48,30
DA:49,30
DA:50,30
DA:51,30
DA:52,30
DA:53,30
DA:54,30
DA:55,30
DA:56,30
DA:57,30
DA:58,30
DA:59,30
DA:60,30
DA:61,30
DA:62,30
DA:63,30
DA:64,30
DA:65,30
DA:66,30
DA:67,30
DA:68,30
DA:69,30
DA:70,30
DA:71,30
DA:72,30
DA:73,30
DA:74,30
DA:75,30
DA:76,30
DA:77,30
DA:78,30
DA:79,30
DA:80,30
DA:81,30
DA:82,30
DA:83,30
DA:84,30
DA:85,30
DA:86,30
DA:87,30
DA:88,30
DA:89,30
DA:90,30
DA:91,30
DA:92,30
DA:93,30
DA:94,30
DA:95,30
DA:96,30
DA:97,30
DA:98,30
DA:99,30
DA:100,30
DA:101,30
DA:102,30
DA:103,30
DA:104,30
DA:105,30
DA:106,30
DA:107,30
DA:108,30
DA:109,30
DA:110,30
DA:111,30
DA:112,30
DA:113,30
DA:114,30
DA:115,30
DA:116,30
DA:117,30
DA:118,30
DA:119,30
DA:120,30
DA:121,30
DA:122,30
DA:123,30
DA:124,30
DA:125,30
DA:126,30
DA:127,30
DA:128,30
DA:129,30
DA:130,30
DA:131,30
DA:132,30
DA:133,30
DA:134,30
DA:135,30
DA:136,3
DA:137,3
DA:138,2
DA:139,2
DA:140,30
DA:141,30
DA:142,30
DA:143,5
DA:144,5
DA:145,5
DA:146,5
DA:147,5
DA:148,30
DA:149,30
DA:150,30
DA:151,30
DA:152,30
DA:153,30
DA:154,30
DA:155,5
DA:156,5
DA:157,5
DA:158,5
DA:159,5
DA:160,5
DA:161,5
DA:162,5
DA:163,5
DA:164,5
DA:165,5
DA:166,5
DA:167,5
DA:168,5
DA:169,5
DA:170,5
DA:171,5
DA:172,5
DA:173,5
DA:174,5
DA:175,5
DA:176,5
DA:177,5
DA:178,5
DA:179,5
DA:180,5
DA:181,1
DA:182,1
DA:183,1
DA:184,1
DA:185,1
DA:186,5
DA:187,30
DA:188,30
DA:189,16
DA:190,16
DA:191,16
DA:192,16
DA:193,16
DA:194,30
DA:195,30
DA:196,30
DA:197,30
DA:198,30
DA:199,30
DA:200,30
DA:201,30
DA:202,30
DA:203,30
DA:204,30
DA:205,30
DA:206,30
DA:207,30
DA:208,30
DA:209,30
LF:209
LH:209
BRDA:1,0,0,2
BRDA:23,1,0,30
BRDA:135,2,0,3
BRDA:137,3,0,2
BRDA:142,4,0,5
BRDA:154,5,0,5
BRDA:182,6,0,1
BRDA:158,7,0,5
BRDA:163,8,0,5
BRDA:168,9,0,5
BRDA:173,10,0,5
BRDA:178,11,0,5
BRDA:188,12,0,16
BRF:13
BRH:13
end_of_record
TN:
SF:src/models/schemas.js
FN:98,set
FN:162,ConsumerKeySchema
FN:168,set
FN:177,set
FN:180,get
FN:194,set
FN:200,get
FN:364,set
FN:377,set
FN:385,set
FN:393,set
FN:449,ProviderKeySchema
FN:455,set
FN:464,set
FN:467,get
FN:481,set
FN:487,get
FNF:17
FNH:17
FNDA:3,set
FNDA:30,ConsumerKeySchema
FNDA:5,set
FNDA:5,set
FNDA:2,get
FNDA:3,set
FNDA:3,get
FNDA:5,set
FNDA:5,set
FNDA:5,set
FNDA:5,set
FNDA:30,ProviderKeySchema
FNDA:4,set
FNDA:4,set
FNDA:2,get
FNDA:2,set
FNDA:3,get
DA:1,2
DA:2,2
DA:3,2
DA:4,2
DA:5,2
DA:6,2
DA:7,2
DA:8,2
DA:9,2
DA:10,2
DA:11,2
DA:12,2
DA:13,2
DA:14,2
DA:15,2
DA:16,2
DA:17,2
DA:18,2
DA:19,2
DA:20,2
DA:21,2
DA:22,2
DA:23,2
DA:24,2
DA:25,2
DA:26,2
DA:27,2
DA:28,2
DA:29,2
DA:30,2
DA:31,2
DA:32,2
DA:33,2
DA:34,2
DA:35,2
DA:36,2
DA:37,2
DA:38,2
DA:39,2
DA:40,2
DA:41,2
DA:42,2
DA:43,2
DA:44,2
DA:45,2
DA:46,2
DA:47,2
DA:48,2
DA:49,2
DA:50,2
DA:51,2
DA:52,2
DA:53,2
DA:54,2
DA:55,2
DA:56,2
DA:57,2
DA:58,2
DA:59,2
DA:60,2
DA:61,2
DA:62,2
DA:63,2
DA:64,2
DA:65,2
DA:66,2
DA:67,2
DA:68,2
DA:69,2
DA:70,2
DA:71,2
DA:72,2
DA:73,2
DA:74,2
DA:75,2
DA:76,2
DA:77,2
DA:78,2
DA:79,2
DA:80,2
DA:81,2
DA:82,2
DA:83,2
DA:84,2
DA:85,2
DA:86,2
DA:87,2
DA:88,2
DA:89,2
DA:90,2
DA:91,2
DA:92,2
DA:93,2
DA:94,2
DA:95,2
DA:96,2
DA:97,2
DA:98,2
DA:99,3
DA:100,2
DA:101,2
DA:102,2
DA:103,2
DA:104,2
DA:105,2
DA:106,2
DA:107,2
DA:108,2
DA:109,2
DA:110,2
DA:111,2
DA:112,2
DA:113,2
DA:114,2
DA:115,2
DA:116,2
DA:117,2
DA:118,2
DA:119,2
DA:120,2
DA:121,2
DA:122,2
DA:123,2
DA:124,2
DA:125,2
DA:126,2
DA:127,2
DA:128,2
DA:129,2
DA:130,2
DA:131,2
DA:132,2
DA:133,2
DA:134,2
DA:135,2
DA:136,2
DA:137,2
DA:138,2
DA:139,2
DA:140,2
DA:141,2
DA:142,2
DA:143,2
DA:144,2
DA:145,2
DA:146,2
DA:147,2
DA:148,2
DA:149,2
DA:150,2
DA:151,2
DA:152,2
DA:153,2
DA:154,2
DA:155,2
DA:156,2
DA:157,2
DA:158,2
DA:159,2
DA:160,2
DA:161,2
DA:162,2
DA:163,30
DA:164,30
DA:165,30
DA:166,30
DA:167,30
DA:168,30
DA:169,5
DA:170,30
DA:171,30
DA:172,30
DA:173,30
DA:174,30
DA:175,30
DA:176,30
DA:177,30
DA:178,5
DA:179,30
DA:180,30
DA:181,2
DA:182,30
DA:183,30
DA:184,30
DA:185,30
DA:186,30
DA:187,30
DA:188,30
DA:189,30
DA:190,30
DA:191,30
DA:192,30
DA:193,30
DA:194,30
DA:195,3
DA:196,3
DA:197,3
DA:198,3
DA:199,30
DA:200,30
DA:201,3
DA:202,3
DA:203,30
DA:204,30
DA:205,2
DA:206,2
DA:207,2
DA:208,2
DA:209,2
DA:210,2
DA:211,2
DA:212,2
DA:213,2
DA:214,2
DA:215,2
DA:216,2
DA:217,2
DA:218,2
DA:219,2
DA:220,2
DA:221,2
DA:222,2
DA:223,2
DA:224,2
DA:225,2
DA:226,2
DA:227,2
DA:228,2
DA:229,2
DA:230,2
DA:231,2
DA:232,2
DA:233,2
DA:234,2
DA:235,2
DA:236,2
DA:237,2
DA:238,2
DA:239,2
DA:240,2
DA:241,2
DA:242,2
DA:243,2
DA:244,2
DA:245,2
DA:246,2
DA:247,2
DA:248,2
DA:249,2
DA:250,2
DA:251,2
DA:252,2
DA:253,2
DA:254,2
DA:255,2
DA:256,2
DA:257,2
DA:258,2
DA:259,2
DA:260,2
DA:261,2
DA:262,2
DA:263,2
DA:264,2
DA:265,2
DA:266,2
DA:267,2
DA:268,2
DA:269,2
DA:270,2
DA:271,2
DA:272,2
DA:273,2
DA:274,2
DA:275,2
DA:276,2
DA:277,2
DA:278,2
DA:279,2
DA:280,2
DA:281,2
DA:282,2
DA:283,2
DA:284,2
DA:285,2
DA:286,2
DA:287,2
DA:288,2
DA:289,2
DA:290,2
DA:291,2
DA:292,2
DA:293,2
DA:294,2
DA:295,2
DA:296,2
DA:297,2
DA:298,2
DA:299,2
DA:300,2
DA:301,2
DA:302,2
DA:303,2
DA:304,2
DA:305,2
DA:306,2
DA:307,2
DA:308,2
DA:309,2
DA:310,2
DA:311,2
DA:312,2
DA:313,2
DA:314,2
DA:315,2
DA:316,2
DA:317,2
DA:318,2
DA:319,2
DA:320,2
DA:321,2
DA:322,2
DA:323,2
DA:324,2
DA:325,2
DA:326,2
DA:327,2
DA:328,2
DA:329,2
DA:330,2
DA:331,2
DA:332,2
DA:333,2
DA:334,2
DA:335,2
DA:336,2
DA:337,2
DA:338,2
DA:339,2
DA:340,2
DA:341,2
DA:342,2
DA:343,2
DA:344,2
DA:345,2
DA:346,2
DA:347,2
DA:348,2
DA:349,2
DA:350,2
DA:351,2
DA:352,2
DA:353,2
DA:354,2
DA:355,2
DA:356,2
DA:357,2
DA:358,2
DA:359,2
DA:360,2
DA:361,2
DA:362,2
DA:363,2
DA:364,2
DA:365,5
DA:366,2
DA:367,2
DA:368,2
DA:369,2
DA:370,2
DA:371,2
DA:372,2
DA:373,2
DA:374,2
DA:375,2
DA:376,2
DA:377,2
DA:378,5
DA:379,2
DA:380,2
DA:381,2
DA:382,2
DA:383,2
DA:384,2
DA:385,2
DA:386,5
DA:387,2
DA:388,2
DA:389,2
DA:390,2
DA:391,2
DA:392,2
DA:393,2
DA:394,5
DA:395,2
DA:396,2
DA:397,2
DA:398,2
DA:399,2
DA:400,2
DA:401,2
DA:402,2
DA:403,2
DA:404,2
DA:405,2
DA:406,2
DA:407,2
DA:408,2
DA:409,2
DA:410,2
DA:411,2
DA:412,2
DA:413,2
DA:414,2
DA:415,2
DA:416,2
DA:417,2
DA:418,2
DA:419,2
DA:420,2
DA:421,2
DA:422,2
DA:423,2
DA:424,2
DA:425,2
DA:426,2
DA:427,2
DA:428,2
DA:429,2
DA:430,2
DA:431,2
DA:432,2
DA:433,2
DA:434,2
DA:435,2
DA:436,2
DA:437,2
DA:438,2
DA:439,2
DA:440,2
DA:441,2
DA:442,2
DA:443,2
DA:444,2
DA:445,2
DA:446,2
DA:447,2
DA:448,2
DA:449,2
DA:450,30
DA:451,30
DA:452,30
DA:453,30
DA:454,30
DA:455,30
DA:456,4
DA:457,30
DA:458,30
DA:459,30
DA:460,30
DA:461,30
DA:462,30
DA:463,30
DA:464,30
DA:465,4
DA:466,30
DA:467,30
DA:468,2
DA:469,30
DA:470,30
DA:471,30
DA:472,30
DA:473,30
DA:474,30
DA:475,30
DA:476,30
DA:477,30
DA:478,30
DA:479,30
DA:480,30
DA:481,30
DA:482,2
DA:483,2
DA:484,2
DA:485,2
DA:486,30
DA:487,30
DA:488,3
DA:489,3
DA:490,30
DA:491,30
DA:492,2
DA:493,2
DA:494,2
DA:495,2
DA:496,2
DA:497,2
DA:498,2
DA:499,2
DA:500,2
DA:501,2
DA:502,2
DA:503,2
DA:504,2
DA:505,2
DA:506,2
DA:507,2
DA:508,2
DA:509,2
DA:510,2
DA:511,2
DA:512,2
DA:513,2
DA:514,2
DA:515,2
DA:516,2
DA:517,2
DA:518,2
DA:519,2
DA:520,2
DA:521,2
DA:522,2
DA:523,2
DA:524,2
DA:525,2
DA:526,2
DA:527,2
DA:528,2
DA:529,2
DA:530,2
DA:531,2
DA:532,2
DA:533,2
DA:534,2
DA:535,2
DA:536,2
DA:537,2
DA:538,2
DA:539,2
DA:540,2
DA:541,2
DA:542,2
DA:543,2
DA:544,2
DA:545,2
DA:546,2
DA:547,2
DA:548,2
DA:549,2
DA:550,2
DA:551,2
DA:552,2
DA:553,2
DA:554,2
DA:555,2
DA:556,2
DA:557,2
DA:558,2
DA:559,2
DA:560,2
DA:561,2
DA:562,2
DA:563,2
DA:564,2
DA:565,2
DA:566,2
DA:567,2
DA:568,2
DA:569,2
DA:570,2
DA:571,2
DA:572,2
DA:573,2
LF:573
LH:573
BRDA:1,0,0,2
BRDA:98,1,0,3
BRDA:99,2,0,1
BRDA:99,3,0,2
BRDA:162,4,0,30
BRDA:168,5,0,5
BRDA:169,6,0,1
BRDA:169,7,0,4
BRDA:177,8,0,5
BRDA:178,9,0,1
BRDA:178,10,0,4
BRDA:180,11,0,2
BRDA:194,12,0,3
BRDA:197,13,0,2
BRDA:197,14,0,1
BRDA:197,15,0,2
BRDA:200,16,0,3
BRDA:202,17,0,2
BRDA:202,18,0,1
BRDA:364,19,0,5
BRDA:365,20,0,1
BRDA:365,21,0,4
BRDA:377,22,0,5
BRDA:378,23,0,1
BRDA:378,24,0,4
BRDA:385,25,0,5
BRDA:386,26,0,1
BRDA:386,27,0,4
BRDA:393,28,0,5
BRDA:394,29,0,1
BRDA:394,30,0,4
BRDA:449,31,0,30
BRDA:455,32,0,4
BRDA:456,33,0,1
BRDA:456,34,0,3
BRDA:464,35,0,4
BRDA:465,36,0,1
BRDA:465,37,0,3
BRDA:467,38,0,2
BRDA:481,39,0,2
BRDA:484,40,0,1
BRDA:484,41,0,1
BRDA:484,42,0,1
BRDA:487,43,0,3
BRDA:489,44,0,2
BRDA:489,45,0,1
BRF:46
BRH:46
end_of_record
TN:
SF:src/routes/consumer.js
FN:20,setupConsumerRoutes
FNF:1
FNH:1
FNDA:27,setupConsumerRoutes
DA:1,2
DA:2,2
DA:3,2
DA:4,2
DA:5,2
DA:6,2
DA:7,2
DA:8,2
DA:9,2
DA:10,2
DA:11,2
DA:12,2
DA:13,2
DA:14,2
DA:15,2
DA:16,2
DA:17,2
DA:18,2
DA:19,2
DA:20,2
DA:21,27
DA:22,27
DA:23,27
DA:24,27
DA:25,27
DA:26,27
DA:27,27
DA:28,27
DA:29,27
DA:30,27
DA:31,27
DA:32,27
DA:33,27
DA:34,27
DA:35,27
DA:36,27
DA:37,27
DA:38,27
DA:39,27
DA:40,27
DA:41,27
DA:42,27
DA:43,27
DA:44,27
DA:45,27
DA:46,27
DA:47,27
DA:48,27
DA:49,27
DA:50,27
DA:51,27
DA:52,27
DA:53,27
DA:54,27
DA:55,27
DA:56,27
DA:57,27
DA:58,27
DA:59,27
DA:60,27
DA:61,27
DA:62,27
DA:63,27
DA:64,27
DA:65,27
DA:66,27
DA:67,2
DA:68,2
DA:69,2
DA:70,2
DA:71,2
DA:72,2
DA:73,1
DA:74,1
DA:75,1
DA:76,1
DA:77,1
DA:78,1
DA:79,1
DA:80,1
DA:81,1
DA:82,1
DA:83,1
DA:84,27
DA:85,27
DA:86,27
DA:87,27
DA:88,27
DA:89,27
DA:90,27
DA:91,27
DA:92,27
DA:93,27
DA:94,27
DA:95,27
DA:96,27
DA:97,27
DA:98,27
DA:99,27
DA:100,27
DA:101,2
DA:102,2
DA:103,2
DA:104,2
DA:105,2
DA:106,2
DA:107,1
DA:108,1
DA:109,1
DA:110,1
DA:111,1
DA:112,1
DA:113,1
DA:114,1
DA:115,1
DA:116,1
DA:117,1
DA:118,1
DA:119,1
DA:120,1
DA:121,1
DA:122,1
DA:123,1
DA:124,1
DA:125,1
DA:126,1
DA:127,1
DA:128,27
DA:129,27
DA:130,27
DA:131,27
DA:132,27
DA:133,27
DA:134,27
DA:135,27
DA:136,27
DA:137,27
DA:138,27
DA:139,27
DA:140,27
DA:141,27
DA:142,27
DA:143,27
DA:144,27
DA:145,2
DA:146,2
DA:147,1
DA:148,1
DA:149,1
DA:150,1
DA:151,1
DA:152,1
DA:153,1
DA:154,27
DA:155,27
DA:156,27
DA:157,27
DA:158,27
DA:159,27
DA:160,27
DA:161,27
DA:162,27
DA:163,27
DA:164,27
DA:165,27
DA:166,27
DA:167,27
DA:168,27
DA:169,27
DA:170,27
DA:171,2
DA:172,2
DA:173,2
DA:174,2
DA:175,2
DA:176,2
DA:177,1
DA:178,1
DA:179,1
DA:180,1
DA:181,1
DA:182,27
DA:183,27
DA:184,27
DA:185,27
DA:186,27
DA:187,27
DA:188,27
DA:189,27
DA:190,27
DA:191,27
DA:192,27
DA:193,27
DA:194,27
DA:195,27
DA:196,27
DA:197,27
DA:198,2
DA:199,2
DA:200,2
DA:201,2
DA:202,2
DA:203,1
DA:204,1
DA:205,1
DA:206,1
DA:207,1
DA:208,1
DA:209,27
DA:210,27
DA:211,27
DA:212,27
DA:213,27
DA:214,27
DA:215,27
DA:216,27
DA:217,27
DA:218,27
DA:219,27
DA:220,27
DA:221,27
DA:222,27
DA:223,27
DA:224,27
DA:225,27
DA:226,2
DA:227,2
DA:228,2
DA:229,2
DA:230,2
DA:231,1
DA:232,1
DA:233,1
DA:234,1
DA:235,1
DA:236,1
DA:237,27
DA:238,27
DA:239,27
DA:240,27
DA:241,27
DA:242,27
DA:243,27
DA:244,27
DA:245,27
DA:246,27
DA:247,27
DA:248,27
DA:249,27
DA:250,27
DA:251,27
DA:252,27
DA:253,27
DA:254,3
DA:255,3
DA:256,3
DA:257,3
DA:258,3
DA:259,1
DA:260,1
DA:261,1
DA:262,1
DA:263,1
DA:264,1
DA:265,1
DA:266,1
DA:267,27
DA:268,27
DA:269,27
DA:270,27
DA:271,27
DA:272,27
DA:273,27
DA:274,27
DA:275,27
DA:276,27
DA:277,27
DA:278,27
DA:279,27
DA:280,27
DA:281,27
DA:282,27
DA:283,27
DA:284,27
DA:285,27
DA:286,27
DA:287,27
DA:288,2
DA:289,2
DA:290,2
DA:291,2
DA:292,2
DA:293,2
DA:294,1
DA:295,1
DA:296,1
DA:297,1
DA:298,1
DA:299,27
DA:300,27
DA:301,27
DA:302,27
DA:303,27
DA:304,27
DA:305,27
DA:306,27
DA:307,27
DA:308,27
DA:309,27
DA:310,27
DA:311,27
DA:312,27
DA:313,27
DA:314,27
DA:315,2
DA:316,2
DA:317,1
DA:318,1
DA:319,1
DA:320,1
DA:321,1
DA:322,27
DA:323,27
DA:324,27
DA:325,27
DA:326,27
DA:327,27
DA:328,27
DA:329,27
DA:330,27
DA:331,27
DA:332,27
DA:333,27
DA:334,27
DA:335,27
DA:336,27
DA:337,27
DA:338,27
DA:339,2
DA:340,2
DA:341,2
DA:342,2
DA:343,2
DA:344,2
DA:345,2
DA:346,1
DA:347,1
DA:348,1
DA:349,1
DA:350,1
DA:351,27
DA:352,27
DA:353,27
DA:354,27
DA:355,27
DA:356,27
DA:357,27
DA:358,27
DA:359,27
DA:360,27
DA:361,27
DA:362,2
DA:363,2
DA:364,2
DA:365,1
DA:366,1
DA:367,1
DA:368,27
DA:369,27
DA:370,27
DA:371,27
LF:371
LH:371
BRDA:1,0,0,2
BRDA:20,1,0,27
BRDA:28,2,0,18
BRDA:66,3,0,2
BRDA:73,4,0,1
BRDA:100,5,0,2
BRDA:107,6,0,1
BRDA:144,7,0,2
BRDA:147,8,0,1
BRDA:170,9,0,2
BRDA:177,10,0,1
BRDA:197,11,0,2
BRDA:203,12,0,1
BRDA:225,13,0,2
BRDA:231,14,0,1
BRDA:253,15,0,3
BRDA:258,16,0,2
BRDA:258,17,0,1
BRDA:287,18,0,2
BRDA:294,19,0,1
BRDA:314,20,0,2
BRDA:317,21,0,1
BRDA:338,22,0,2
BRDA:346,23,0,1
BRDA:361,24,0,2
BRDA:365,25,0,1
BRF:26
BRH:26
end_of_record
TN:
SF:src/routes/provider.js
FN:16,setupProviderRoutes
FN:107,handleLogin
FNF:2
FNH:2
FNDA:22,setupProviderRoutes
FNDA:4,handleLogin
DA:1,2
DA:2,2
DA:3,2
DA:4,2
DA:5,2
DA:6,2
DA:7,2
DA:8,2
DA:9,2
DA:10,2
DA:11,2
DA:12,2
DA:13,2
DA:14,2
DA:15,2
DA:16,2
DA:17,22
DA:18,22
DA:19,22
DA:20,22
DA:21,22
DA:22,22
DA:23,22
DA:24,22
DA:25,22
DA:26,22
DA:27,22
DA:28,22
DA:29,22
DA:30,22
DA:31,22
DA:32,22
DA:33,22
DA:34,22
DA:35,22
DA:36,22
DA:37,22
DA:38,22
DA:39,22
DA:40,22
DA:41,22
DA:42,3
DA:43,3
DA:44,3
DA:45,3
DA:46,3
DA:47,3
DA:48,3
DA:49,1
DA:50,1
DA:51,1
DA:52,1
DA:53,3
DA:54,1
DA:55,1
DA:56,1
DA:57,22
DA:58,22
DA:59,22
DA:60,22
DA:61,22
DA:62,22
DA:63,22
DA:64,22
DA:65,22
DA:66,22
DA:67,22
DA:68,22
DA:69,22
DA:70,22
DA:71,22
DA:72,22
DA:73,22
DA:74,2
DA:75,2
DA:76,1
DA:77,1
DA:78,1
DA:79,1
DA:80,1
DA:81,1
DA:82,22
DA:83,22
DA:84,22
DA:85,22
DA:86,22
DA:87,22
DA:88,22
DA:89,22
DA:90,22
DA:91,22
DA:92,22
DA:93,22
DA:94,22
DA:95,22
DA:96,22
DA:97,22
DA:98,22
DA:99,22
DA:100,22
DA:101,22
DA:102,22
DA:103,22
DA:104,22
DA:105,22
DA:106,22
DA:107,22
DA:108,4
DA:109,4
DA:110,4
DA:111,4
DA:112,4
DA:113,4
DA:114,2
DA:115,2
DA:116,2
DA:117,2
DA:118,2
DA:119,2
DA:120,2
DA:121,2
DA:122,2
DA:123,2
DA:124,2
DA:125,2
DA:126,2
DA:127,2
DA:128,2
DA:129,2
DA:130,2
DA:131,2
DA:132,2
DA:133,2
DA:134,2
DA:135,4
DA:136,22
DA:137,22
DA:138,22
DA:139,22
DA:140,22
DA:141,22
DA:142,22
DA:143,22
DA:144,22
DA:145,22
DA:146,22
DA:147,22
DA:148,22
DA:149,22
DA:150,22
DA:151,22
DA:152,2
DA:153,2
DA:154,1
DA:155,1
DA:156,1
DA:157,1
DA:158,1
DA:159,1
DA:160,1
DA:161,22
DA:162,22
DA:163,22
DA:164,22
DA:165,22
DA:166,22
DA:167,22
DA:168,22
DA:169,22
DA:170,22
DA:171,22
DA:172,22
DA:173,22
DA:174,22
DA:175,22
DA:176,22
DA:177,22
DA:178,22
DA:179,22
DA:180,22
DA:181,22
DA:182,22
DA:183,22
DA:184,22
DA:185,22
DA:186,22
DA:187,22
DA:188,22
DA:189,22
DA:190,22
DA:191,22
DA:192,22
DA:193,22
DA:194,22
DA:195,22
DA:196,22
DA:197,22
DA:198,22
DA:199,22
DA:200,22
DA:201,22
DA:202,22
DA:203,22
DA:204,22
DA:205,22
DA:206,22
DA:207,22
DA:208,22
DA:209,22
DA:210,22
DA:211,22
DA:212,22
DA:213,22
DA:214,22
DA:215,22
DA:216,22
DA:217,22
DA:218,22
DA:219,22
DA:220,22
DA:221,22
DA:222,22
DA:223,22
DA:224,22
DA:225,22
DA:226,22
DA:227,22
DA:228,22
DA:229,22
DA:230,22
DA:231,22
DA:232,22
DA:233,22
DA:234,22
DA:235,22
DA:236,22
DA:237,22
DA:238,22
DA:239,22
DA:240,22
DA:241,2
DA:242,2
DA:243,2
DA:244,2
DA:245,2
DA:246,2
DA:247,2
DA:248,1
DA:249,1
DA:250,1
DA:251,1
DA:252,1
DA:253,1
DA:254,1
DA:255,1
DA:256,1
DA:257,1
DA:258,1
DA:259,1
DA:260,1
DA:261,1
DA:262,1
DA:263,1
DA:264,1
DA:265,22
DA:266,22
DA:267,22
DA:268,22
LF:268
LH:268
BRDA:1,0,0,2
BRDA:16,1,0,22
BRDA:41,2,0,3
BRDA:48,3,0,2
BRDA:48,4,0,1
BRDA:48,5,0,1
BRDA:53,6,0,1
BRDA:73,7,0,2
BRDA:76,8,0,1
BRDA:107,9,0,4
BRDA:114,10,0,2
BRDA:151,11,0,2
BRDA:154,12,0,1
BRDA:240,13,0,2
BRDA:248,14,0,1
BRF:15
BRH:15
end_of_record
